[runlim] version:		1.10
[runlim] time limit:		311040000 seconds
[runlim] real time limit:	311040000 seconds
[runlim] space limit:		30917 MB
[runlim] argv[0]:		./bin/SNNT
[runlim] argv[1]:		--smtfilter-timeout=4
[runlim] argv[2]:		--approx
[runlim] argv[3]:		3
[runlim] argv[4]:		test/parsing/examples/acc/formula
[runlim] argv[5]:		test/parsing/examples/acc/fixed
[runlim] argv[6]:		test/parsing/examples/acc/mapping
[runlim] argv[7]:		test/networks/acc-improved-2000000-64-64.onnx
[runlim] argv[8]:		experiments/acc/acc-improved-2000000-64-64/results-approx-3.jld
[runlim] start:			Thu Feb  2 17:43:09 2023
[runlim] main pid:		592899
[CMD] Using SMT solver: Z3
[CMD] Parsed initial query: SNNT.AST.Query(((-1.0*x1<0.0&((-1.0*rPos)+(0.005*(rVel^2.0)))<=0.0&-1.0*x1<=0.0&1.0*x1<=100.0&-1.0*x2<=200.0&1.0*x2<=200.0&-1.0*x3<=100.0&1.0*x3<=100.0)->(-1.0*x3<=-100.0|(-1.0*x3<=100.0&1.0*x3<100.0&(1.0*x3<0.0|-1.0*x3<0.0)&(((1.0*x20.1*x3<0.0|-1.0*x2<0.0)&((-0.1*rVel)+(-1.0*rPos)+(5.0e-5*(rAccpost^2.0))+(-0.0050000004*rAccpost)+(0.005*(rVel^2.0))+(0.0009999999*rAccpost*rVel))<0.0)|(((-0.1*rVel)+(-1.0*rPos)+(5.0e-5*(rAccpost^2.0))+(-0.0050000004*rAccpost)+(0.005*(rVel^2.0))+(0.0009999999*rAccpost*rVel))<0.0&((0.5*(rVel^2.0))+(-1.0*rAccpost*rPos))<0.0)))|(1.0*x3<=0.0&-1.0*x3<=0.0&((-0.1*rVel)+(-1.0*rPos)+(0.005*(rVel^2.0)))<0.0))), Set(SNNT.AST.Variable[rAccpost, rVel, rPos]), 2, 1, Dict{SNNT.AST.ApproxQuery, SNNT.AST.Approximation}(), Vector{Float64}[])
[CMD] SMT Timeout: 4s
[CTRL] Iterating over conjunctions...
[APPROX] Trying to build approximation...
[APPROX] Generating expression for (rAccpost*rPos)...
Using N=3, 系=0.0, rel_error_tol=0.005
[APPROX] Generating expression for (rVel^2.0)...
[runlim] sample:		10.0 time, 11.0 real, 1444.9 MB
Using N=3, 系=0.0, rel_error_tol=0.005
[APPROX] Generating expression for (rAccpost^2.0)...
Using N=3, 系=0.0, rel_error_tol=0.005
[APPROX] Generating expression for (rAccpost*rVel)...
Using N=3, 系=0.0, rel_error_tol=0.005
[APPROX] Skipping verification of approximation (switch on using SNNT.Config.set_rigorous_approximations(true))
[runlim] sample:		20.0 time, 21.0 real, 1495.5 MB
[APPROX] Skipping verification of approximation (switch on using SNNT.Config.set_rigorous_approximations(true))
[APPROX] Skipping verification of approximation (switch on using SNNT.Config.set_rigorous_approximations(true))
[APPROX] Skipping verification of approximation (switch on using SNNT.Config.set_rigorous_approximations(true))
[APPROX] Skipping verification of approximation (switch on using SNNT.Config.set_rigorous_approximations(true))
[APPROX] Skipping verification of approximation (switch on using SNNT.Config.set_rigorous_approximations(true))
[runlim] sample:		30.0 time, 31.0 real, 1469.9 MB
[APPROX] Skipping verification of approximation (switch on using SNNT.Config.set_rigorous_approximations(true))
[APPROX] Skipping verification of approximation (switch on using SNNT.Config.set_rigorous_approximations(true))
[APPROX] Approximation Bounds: Vector{Float64}[]
[APPROX] Approximations: Dict{SNNT.AST.ApproxQuery, SNNT.AST.Approximation}()
[APPROX] Approximation is ready
[CTRL] Considering conjunction with 4 input constraints and a disjunction of size 1
[APPROX] Checking cache: SNNT.Approx.ApproxCacheObject[]
[APPROX] Constructing Approximation
[APPROX] Resolving approximation
[APPROX] # Conjunctions over output: 1
[NNENUM] Running nnenum now...
[NNENUM] lb: [70.05646085768107, 133.33333333333331]
[NNENUM] ub: [100.0, 200.0]
[NNENUM] Spec list length:  1
[NNENUM] Enumeration in progress... 

[NNENUM] Result: 
<nnenum.result.Result object at 0x7f7ba7b967c0>
[NNENUM] Enumeration finished.
safe
[NNENUM] Filtering result using SMT solver...
[SMT] SMT filtered out 0 stars (out of 0).
[CTRL] Considering conjunction with 4 input constraints and a disjunction of size 1
[APPROX] Checking cache: SNNT.Approx.ApproxCacheObject[]
[APPROX] Constructing Approximation
[APPROX] Resolving approximation
[APPROX] # Conjunctions over output: 1
[NNENUM] Running nnenum now...
[NNENUM] lb: [70.05646085768107, 133.33333333333331]
[NNENUM] ub: [100.0, 200.0]
[NNENUM] Spec list length:  1
[NNENUM] Enumeration in progress... 

[NNENUM] Result: 
<nnenum.result.Result object at 0x7f7ba7b96c10>
[NNENUM] Enumeration finished.
safe
[NNENUM] Filtering result using SMT solver...
[SMT] SMT filtered out 0 stars (out of 0).
[CTRL] Considering conjunction with 4 input constraints and a disjunction of size 19
[APPROX] Checking cache: SNNT.Approx.ApproxCacheObject[]
[APPROX] Constructing Approximation
[APPROX] Resolving approximation
[APPROX] # Conjunctions over output: 19
[NNENUM] Running nnenum now...
[NNENUM] lb: [70.05646085768107, -133.33333333333334]
[NNENUM] ub: [100.0, -100.0]
[NNENUM] Spec list length:  19
[NNENUM] Enumeration in progress... 

[NNENUM] Result: 
<nnenum.result.Result object at 0x7f7ba7b4aa90>
[NNENUM] Enumeration finished.
safe
[NNENUM] Filtering result using SMT solver...
[SMT] SMT filtered out 0 stars (out of 0).
[CTRL] Considering conjunction with 4 input constraints and a disjunction of size 20
[APPROX] Checking cache: SNNT.Approx.ApproxCacheObject[]
[APPROX] Constructing Approximation
[APPROX] Resolving approximation
[APPROX] # Conjunctions over output: 20
[NNENUM] Running nnenum now...
[NNENUM] lb: [31.83827876110373, -133.33333333333334]
[NNENUM] ub: [60.51198292853763, -100.0]
[NNENUM] Spec list length:  20
[NNENUM] Enumeration in progress... 

[NNENUM] Result: 
<nnenum.result.Result object at 0x7f7ba7b96e20>
[NNENUM] Enumeration finished.
safe
[NNENUM] Filtering result using SMT solver...
[SMT] SMT filtered out 0 stars (out of 0).
[CTRL] Considering conjunction with 4 input constraints and a disjunction of size 3
[APPROX] Checking cache: SNNT.Approx.ApproxCacheObject[]
[APPROX] Constructing Approximation
[APPROX] Resolving approximation
[APPROX] # Conjunctions over output: 3
[NNENUM] Running nnenum now...
[NNENUM] lb: [70.05646085768107, -100.0]
[NNENUM] ub: [100.0, -79.71827104443338]
[NNENUM] Spec list length:  3
[NNENUM] Enumeration in progress... 

[NNENUM] Result: 
<nnenum.result.Result object at 0x7f7ba7bee9a0>
[NNENUM] Enumeration finished.
safe
[NNENUM] Filtering result using SMT solver...
[SMT] SMT filtered out 0 stars (out of 0).
[CTRL] Considering conjunction with 4 input constraints and a disjunction of size 12
[APPROX] Checking cache: SNNT.Approx.ApproxCacheObject[]
[APPROX] Constructing Approximation
[APPROX] Resolving approximation
[APPROX] # Conjunctions over output: 12
[NNENUM] Running nnenum now...
[NNENUM] lb: [70.05646085768107, -151.01819970486966]
[NNENUM] ub: [100.0, -133.33333333333334]
[NNENUM] Spec list length:  12
[NNENUM] Enumeration in progress... 

[NNENUM] Result: 
<nnenum.result.Result object at 0x7f7bac5dbca0>
[NNENUM] Enumeration finished.
safe
[NNENUM] Filtering result using SMT solver...
[SMT] SMT filtered out 0 stars (out of 0).
[CTRL] Considering conjunction with 4 input constraints and a disjunction of size 30
[APPROX] Checking cache: SNNT.Approx.ApproxCacheObject[]
[APPROX] Constructing Approximation
[APPROX] Resolving approximation
[APPROX] # Conjunctions over output: 30
[NNENUM] Running nnenum now...
[NNENUM] lb: [70.05646085768107, -151.01819970486966]
[NNENUM] ub: [100.0, -133.33333333333334]
[NNENUM] Spec list length:  30
[NNENUM] Enumeration in progress... 

[NNENUM] Result: 
<nnenum.result.Result object at 0x7f7bac5db700>
[NNENUM] Enumeration finished.
safe
[NNENUM] Filtering result using SMT solver...
[SMT] SMT filtered out 0 stars (out of 0).
[CTRL] Considering conjunction with 4 input constraints and a disjunction of size 26
[APPROX] Checking cache: SNNT.Approx.ApproxCacheObject[]
[APPROX] Constructing Approximation
[APPROX] Resolving approximation
[APPROX] # Conjunctions over output: 26
[NNENUM] Running nnenum now...
[NNENUM] lb: [70.05646085768107, -133.33333333333334]
[NNENUM] ub: [100.0, -100.0]
[NNENUM] Spec list length:  26
[NNENUM] Enumeration in progress... 

[NNENUM] Result: 
<nnenum.result.Result object at 0x7f7ba7b5cdf0>
[NNENUM] Enumeration finished.
safe
[NNENUM] Filtering result using SMT solver...
[SMT] SMT filtered out 0 stars (out of 0).
[CTRL] Considering conjunction with 4 input constraints and a disjunction of size 10
[APPROX] Checking cache: SNNT.Approx.ApproxCacheObject[]
[APPROX] Constructing Approximation
[APPROX] Resolving approximation
[APPROX] # Conjunctions over output: 10
[NNENUM] Running nnenum now...
[NNENUM] lb: [70.05646085768107, -133.33333333333334]
[NNENUM] ub: [100.0, -100.0]
[NNENUM] Spec list length:  10
[NNENUM] Enumeration in progress... 

[NNENUM] Result: 
<nnenum.result.Result object at 0x7f7ba7b595e0>
[NNENUM] Enumeration finished.
safe
[NNENUM] Filtering result using SMT solver...
[SMT] SMT filtered out 0 stars (out of 0).
[runlim] sample:		46.6 time, 41.0 real, 1574.1 MB
[CTRL] Considering conjunction with 4 input constraints and a disjunction of size 1
[APPROX] Checking cache: SNNT.Approx.ApproxCacheObject[]
[APPROX] Constructing Approximation
[APPROX] Resolving approximation
[APPROX] # Conjunctions over output: 1
[NNENUM] Running nnenum now...
[NNENUM] lb: [70.05646085768107, 100.0]
[NNENUM] ub: [100.0, 133.33333333333331]
[NNENUM] Spec list length:  1
[NNENUM] Enumeration in progress... 

[NNENUM] Result: 
<nnenum.result.Result object at 0x7f7ba7b5cdf0>
[NNENUM] Enumeration finished.
safe
[NNENUM] Filtering result using SMT solver...
[SMT] SMT filtered out 0 stars (out of 0).
[CTRL] Considering conjunction with 4 input constraints and a disjunction of size 1
[APPROX] Checking cache: SNNT.Approx.ApproxCacheObject[]
[APPROX] Constructing Approximation
[APPROX] Resolving approximation
[APPROX] # Conjunctions over output: 1
[NNENUM] Running nnenum now...
[NNENUM] lb: [70.05646085768107, 100.0]
[NNENUM] ub: [100.0, 133.33333333333331]
[NNENUM] Spec list length:  1
[NNENUM] Enumeration in progress... 

[NNENUM] Result: 
<nnenum.result.Result object at 0x7f7ba7b59df0>
[NNENUM] Enumeration finished.
safe
[NNENUM] Filtering result using SMT solver...
[SMT] SMT filtered out 0 stars (out of 0).
[CTRL] Considering conjunction with 4 input constraints and a disjunction of size 2
[APPROX] Checking cache: SNNT.Approx.ApproxCacheObject[]
[APPROX] Constructing Approximation
[APPROX] Resolving approximation
[APPROX] # Conjunctions over output: 2
[NNENUM] Running nnenum now...
[NNENUM] lb: [70.05646085768107, 0.0]
[NNENUM] ub: [100.0, 42.04793171415052]
[NNENUM] Spec list length:  2
[NNENUM] Enumeration in progress... 

[NNENUM] Result: 
<nnenum.result.Result object at 0x7f7ba7b5c490>
[NNENUM] Enumeration finished.
safe
[NNENUM] Filtering result using SMT solver...
[SMT] SMT filtered out 0 stars (out of 0).
[CTRL] Considering conjunction with 4 input constraints and a disjunction of size 1
[APPROX] Checking cache: SNNT.Approx.ApproxCacheObject[]
[APPROX] Constructing Approximation
[APPROX] Resolving approximation
[APPROX] # Conjunctions over output: 1
[NNENUM] Running nnenum now...
[NNENUM] lb: [70.05646085768107, 0.0]
[NNENUM] ub: [100.0, 0.0]
[NNENUM] Spec list length:  1
[NNENUM] Enumeration in progress... 

[NNENUM] Result: 
<nnenum.result.Result object at 0x7f7ba7b4af40>
[NNENUM] Enumeration finished.
safe
[NNENUM] Filtering result using SMT solver...
[SMT] SMT filtered out 0 stars (out of 0).
[CTRL] Considering conjunction with 4 input constraints and a disjunction of size 1
[APPROX] Checking cache: SNNT.Approx.ApproxCacheObject[]
[APPROX] Constructing Approximation
[APPROX] Resolving approximation
[APPROX] # Conjunctions over output: 1
[NNENUM] Running nnenum now...
[NNENUM] lb: [70.05646085768107, 80.22584343072431]
[NNENUM] ub: [100.0, 100.0]
[NNENUM] Spec list length:  1
[NNENUM] Enumeration in progress... 

[NNENUM] Result: 
<nnenum.result.Result object at 0x7f7ba7b5c1c0>
[NNENUM] Enumeration finished.
safe
[NNENUM] Filtering result using SMT solver...
[SMT] SMT filtered out 0 stars (out of 0).
[CTRL] Considering conjunction with 4 input constraints and a disjunction of size 1
[APPROX] Checking cache: SNNT.Approx.ApproxCacheObject[]
[APPROX] Constructing Approximation
[APPROX] Resolving approximation
[APPROX] # Conjunctions over output: 1
[NNENUM] Running nnenum now...
[NNENUM] lb: [70.05646085768107, 42.04793171415052]
[NNENUM] ub: [100.0, 80.22584343072431]
[NNENUM] Spec list length:  1
[NNENUM] Enumeration in progress... 

[NNENUM] Result: 
<nnenum.result.Result object at 0x7f7ba7b59700>
[NNENUM] Enumeration finished.
safe
[NNENUM] Filtering result using SMT solver...
[SMT] SMT filtered out 0 stars (out of 0).
[CTRL] Considering conjunction with 4 input constraints and a disjunction of size 1
[APPROX] Checking cache: SNNT.Approx.ApproxCacheObject[]
[APPROX] Constructing Approximation
[APPROX] Resolving approximation
[APPROX] # Conjunctions over output: 1
[NNENUM] Running nnenum now...
[NNENUM] lb: [70.05646085768107, -79.71827104443338]
[NNENUM] ub: [100.0, -72.64688495558508]
[NNENUM] Spec list length:  1
[NNENUM] Enumeration in progress... 

[NNENUM] Result: 
<nnenum.result.Result object at 0x7f7ba7bfa310>
[NNENUM] Enumeration finished.
safe
[NNENUM] Filtering result using SMT solver...
[SMT] SMT filtered out 0 stars (out of 0).
[CTRL] Considering conjunction with 4 input constraints and a disjunction of size 1
[APPROX] Checking cache: SNNT.Approx.ApproxCacheObject[]
[APPROX] Constructing Approximation
[APPROX] Resolving approximation
[APPROX] # Conjunctions over output: 1
[NNENUM] Running nnenum now...
[NNENUM] lb: [70.05646085768107, -72.64688495558508]
[NNENUM] ub: [100.0, 0.0]
[NNENUM] Spec list length:  1
[NNENUM] Enumeration in progress... 
(0.0 sec) Q: 0, Sets: 0/1  (0.0%) CEs: 0 ETA: - (expected 1 stars)   

Total Stars: 2 (0 exact, 2 approx)
Unfinished Stars: 0
Runtime: 0.0 sec
Completed work frac: 1.0
Num Stars Copied Between Processes: 0
Num Lps During Enumeration: 0
Total Num Lps: 0

Result: network is SAFE

[NNENUM] Result: 
<nnenum.result.Result object at 0x7f7ba7bfab80>
[NNENUM] Enumeration finished.
safe
[NNENUM] Found counter-example stars: 0
[NNENUM] Filtering result using SMT solver...
[SMT] SMT filtered out 0 stars (out of 0).
[CTRL] Considering conjunction with 4 input constraints and a disjunction of size 1
[APPROX] Checking cache: SNNT.Approx.ApproxCacheObject[]
[APPROX] Constructing Approximation
[APPROX] Resolving approximation
[APPROX] # Conjunctions over output: 1
[NNENUM] Running nnenum now...
[NNENUM] lb: [30.070432238891655, 42.04793171415052]
[NNENUM] ub: [31.83827876110373, 80.22584343072431]
[NNENUM] Spec list length:  1
[NNENUM] Enumeration in progress... 

[NNENUM] Result: 
<nnenum.result.Result object at 0x7f7ba7b594c0>
[NNENUM] Enumeration finished.
safe
[NNENUM] Filtering result using SMT solver...
[SMT] SMT filtered out 0 stars (out of 0).
[CTRL] Considering conjunction with 4 input constraints and a disjunction of size 1
[APPROX] Checking cache: SNNT.Approx.ApproxCacheObject[]
[APPROX] Constructing Approximation
[APPROX] Resolving approximation
[APPROX] # Conjunctions over output: 1
[NNENUM] Running nnenum now...
[NNENUM] lb: [6.027996500437445, 42.04793171415052]
[NNENUM] ub: [12.245450073782587, 80.22584343072431]
[NNENUM] Spec list length:  1
[NNENUM] Enumeration in progress... 

[NNENUM] Result: 
<nnenum.result.Result object at 0x7f7ba7beeca0>
[NNENUM] Enumeration finished.
safe
[NNENUM] Filtering result using SMT solver...
[SMT] SMT filtered out 0 stars (out of 0).
[CTRL] Considering conjunction with 4 input constraints and a disjunction of size 2
[APPROX] Checking cache: SNNT.Approx.ApproxCacheObject[]
[APPROX] Constructing Approximation
[APPROX] Resolving approximation
[APPROX] # Conjunctions over output: 2
[NNENUM] Running nnenum now...
[NNENUM] lb: [12.245450073782587, 42.04793171415052]
[NNENUM] ub: [30.070432238891655, 80.22584343072431]
[NNENUM] Spec list length:  2
[NNENUM] Enumeration in progress... 

[NNENUM] Result: 
<nnenum.result.Result object at 0x7f7ba7bfaee0>
[NNENUM] Enumeration finished.
safe
[NNENUM] Filtering result using SMT solver...
[SMT] SMT filtered out 0 stars (out of 0).
[CTRL] Considering conjunction with 4 input constraints and a disjunction of size 1
[APPROX] Checking cache: SNNT.Approx.ApproxCacheObject[]
[APPROX] Constructing Approximation
[APPROX] Resolving approximation
[APPROX] # Conjunctions over output: 1
[NNENUM] Running nnenum now...
[NNENUM] lb: [31.83827876110373, 42.04793171415052]
[NNENUM] ub: [60.51198292853763, 80.22584343072431]
[NNENUM] Spec list length:  1
[NNENUM] Enumeration in progress... 

[NNENUM] Result: 
<nnenum.result.Result object at 0x7f7ba7b96eb0>
[NNENUM] Enumeration finished.
safe
[NNENUM] Filtering result using SMT solver...
[SMT] SMT filtered out 0 stars (out of 0).
[CTRL] Considering conjunction with 4 input constraints and a disjunction of size 1
[APPROX] Checking cache: SNNT.Approx.ApproxCacheObject[]
[APPROX] Constructing Approximation
[APPROX] Resolving approximation
[APPROX] # Conjunctions over output: 1
[NNENUM] Running nnenum now...
[NNENUM] lb: [60.51198292853763, 42.04793171415052]
[NNENUM] ub: [70.05646085768107, 80.22584343072431]
[NNENUM] Spec list length:  1
[NNENUM] Enumeration in progress... 

[NNENUM] Result: 
<nnenum.result.Result object at 0x7f7ba7bfa130>
[NNENUM] Enumeration finished.
safe
[NNENUM] Filtering result using SMT solver...
[SMT] SMT filtered out 0 stars (out of 0).
[CTRL] Considering conjunction with 4 input constraints and a disjunction of size 1
[APPROX] Checking cache: SNNT.Approx.ApproxCacheObject[]
[APPROX] Constructing Approximation
[APPROX] Resolving approximation
[APPROX] # Conjunctions over output: 1
[NNENUM] Running nnenum now...
[NNENUM] lb: [30.070432238891655, 42.04793171415052]
[NNENUM] ub: [31.83827876110373, 80.22584343072431]
[NNENUM] Spec list length:  1
[NNENUM] Enumeration in progress... 

[NNENUM] Result: 
<nnenum.result.Result object at 0x7f7ba7b5c9d0>
[NNENUM] Enumeration finished.
safe
[NNENUM] Filtering result using SMT solver...
[SMT] SMT filtered out 0 stars (out of 0).
[CTRL] Considering conjunction with 4 input constraints and a disjunction of size 1
[APPROX] Checking cache: SNNT.Approx.ApproxCacheObject[]
[APPROX] Constructing Approximation
[APPROX] Resolving approximation
[APPROX] # Conjunctions over output: 1
[NNENUM] Running nnenum now...
[NNENUM] lb: [12.245450073782587, 42.04793171415052]
[NNENUM] ub: [30.070432238891655, 80.22584343072431]
[NNENUM] Spec list length:  1
[NNENUM] Enumeration in progress... 

[NNENUM] Result: 
<nnenum.result.Result object at 0x7f7ba7b96970>
[NNENUM] Enumeration finished.
safe
[NNENUM] Filtering result using SMT solver...
[SMT] SMT filtered out 0 stars (out of 0).
[CTRL] Considering conjunction with 4 input constraints and a disjunction of size 1
[APPROX] Checking cache: SNNT.Approx.ApproxCacheObject[]
[APPROX] Constructing Approximation
[APPROX] Resolving approximation
[APPROX] # Conjunctions over output: 1
[NNENUM] Running nnenum now...
[NNENUM] lb: [31.83827876110373, 42.04793171415052]
[NNENUM] ub: [60.51198292853763, 80.22584343072431]
[NNENUM] Spec list length:  1
[NNENUM] Enumeration in progress... 

[NNENUM] Result: 
<nnenum.result.Result object at 0x7f7ba7b5c220>
[NNENUM] Enumeration finished.
safe
[NNENUM] Filtering result using SMT solver...
[SMT] SMT filtered out 0 stars (out of 0).
[CTRL] Considering conjunction with 4 input constraints and a disjunction of size 1
[APPROX] Checking cache: SNNT.Approx.ApproxCacheObject[]
[APPROX] Constructing Approximation
[APPROX] Resolving approximation
[APPROX] # Conjunctions over output: 1
[NNENUM] Running nnenum now...
[NNENUM] lb: [30.070432238891655, 42.04793171415052]
[NNENUM] ub: [31.83827876110373, 80.22584343072431]
[NNENUM] Spec list length:  1
[NNENUM] Enumeration in progress... 

[NNENUM] Result: 
<nnenum.result.Result object at 0x7f7ba7b59d00>
[NNENUM] Enumeration finished.
safe
[NNENUM] Filtering result using SMT solver...
[SMT] SMT filtered out 0 stars (out of 0).
[CTRL] Considering conjunction with 4 input constraints and a disjunction of size 1
[APPROX] Checking cache: SNNT.Approx.ApproxCacheObject[]
[APPROX] Constructing Approximation
[APPROX] Resolving approximation
[APPROX] # Conjunctions over output: 1
[NNENUM] Running nnenum now...
[NNENUM] lb: [31.83827876110373, 42.04793171415052]
[NNENUM] ub: [60.51198292853763, 80.22584343072431]
[NNENUM] Spec list length:  1
[NNENUM] Enumeration in progress... 

[NNENUM] Result: 
<nnenum.result.Result object at 0x7f7bac926d90>
[NNENUM] Enumeration finished.
safe
[NNENUM] Filtering result using SMT solver...
[SMT] SMT filtered out 0 stars (out of 0).
[CTRL] Considering conjunction with 4 input constraints and a disjunction of size 1
[APPROX] Checking cache: SNNT.Approx.ApproxCacheObject[]
[APPROX] Constructing Approximation
[APPROX] Resolving approximation
[APPROX] # Conjunctions over output: 1
[NNENUM] Running nnenum now...
[NNENUM] lb: [12.245450073782587, 42.04793171415052]
[NNENUM] ub: [30.070432238891655, 80.22584343072431]
[NNENUM] Spec list length:  1
[NNENUM] Enumeration in progress... 

[NNENUM] Result: 
<nnenum.result.Result object at 0x7f7ba7bfa1f0>
[NNENUM] Enumeration finished.
safe
[NNENUM] Filtering result using SMT solver...
[SMT] SMT filtered out 0 stars (out of 0).
[CTRL] Considering conjunction with 4 input constraints and a disjunction of size 2
[APPROX] Checking cache: SNNT.Approx.ApproxCacheObject[]
[APPROX] Constructing Approximation
[APPROX] Resolving approximation
[APPROX] # Conjunctions over output: 2
[NNENUM] Running nnenum now...
[NNENUM] lb: [6.027996500437445, 0.0]
[NNENUM] ub: [12.245450073782587, 42.04793171415052]
[NNENUM] Spec list length:  2
[NNENUM] Enumeration in progress... 

[NNENUM] Result: 
<nnenum.result.Result object at 0x7f7ba7b4a100>
[NNENUM] Enumeration finished.
safe
[NNENUM] Filtering result using SMT solver...
[SMT] SMT filtered out 0 stars (out of 0).
[CTRL] Considering conjunction with 4 input constraints and a disjunction of size 33
[APPROX] Checking cache: SNNT.Approx.ApproxCacheObject[]
[APPROX] Constructing Approximation
[APPROX] Resolving approximation
[APPROX] # Conjunctions over output: 33
[NNENUM] Running nnenum now...
[NNENUM] lb: [6.027996500437445, -72.64688495558508]
[NNENUM] ub: [12.245450073782587, 0.0]
[NNENUM] Spec list length:  33
[NNENUM] Enumeration in progress... 
(0.0 sec) Q: 0, Sets: 0/1  (0.0%) CEs: 0 ETA: - (expected 1 stars)   
(0.1 sec) Q: 0, Sets: 3/7  (6.25%) CEs: 3 ETA: 1.9 sec (expected 48 stars)   
(0.2 sec) Q: 0, Sets: 7/10  (18.75%) CEs: 7 ETA: 1.0 sec (expected 37 stars)   (0.4 sec) Q: 0, Sets: 9/11  (37.5%) CEs: 11 ETA: 0.6 sec (expected 24 stars)   
(0.5 sec) Q: 0, Sets: 13/16  (59.375%) CEs: 15 ETA: 0.3 sec (expected 22 stars)   
Total Stars: 16 (16 exact, 0 approx)
Unfinished Stars: 0
Runtime: 0.5 sec
Completed work frac: 1.0
Num Stars Copied Between Processes: 0
Num Lps During Enumeration: 291
Total Num Lps: 291

Result: network is UNSAFE with confirmed counterexample in result.cinput and result.coutput
Input: [6.02799654006958, -12.05599308013916]
Output: [30.381790161132812]

[NNENUM] Result: 
<nnenum.result.Result object at 0x7f7ba7b59c40>
[NNENUM] Enumeration finished.
unsafe
[NNENUM] Found counter-example stars: 16
[NNENUM] Filtering result using SMT solver...
[SMT] SMT filtered out 11 stars (out of 16).
[CTRL] Considering conjunction with 4 input constraints and a disjunction of size 2
[APPROX] Checking cache: SNNT.Approx.ApproxCacheObject[]
[APPROX] Constructing Approximation
[APPROX] Resolving approximation
[APPROX] # Conjunctions over output: 2
[NNENUM] Running nnenum now...
[NNENUM] lb: [6.027996500437445, 0.0]
[NNENUM] ub: [12.245450073782587, 42.04793171415052]
[NNENUM] Spec list length:  2
[NNENUM] Enumeration in progress... 

[NNENUM] Result: 
<nnenum.result.Result object at 0x7f7ba7b96dc0>
[NNENUM] Enumeration finished.
safe
[NNENUM] Filtering result using SMT solver...
[SMT] SMT filtered out 0 stars (out of 0).
[CTRL] Considering conjunction with 4 input constraints and a disjunction of size 24
[APPROX] Checking cache: SNNT.Approx.ApproxCacheObject[]
[APPROX] Constructing Approximation
[APPROX] Resolving approximation
[APPROX] # Conjunctions over output: 24
[NNENUM] Running nnenum now...
[NNENUM] lb: [6.027996500437445, -72.64688495558508]
[NNENUM] ub: [12.245450073782587, 0.0]
[NNENUM] Spec list length:  24
[NNENUM] Enumeration in progress... 
(0.0 sec) Q: 0, Sets: 0/1  (0.0%) CEs: 0 ETA: - (expected 1 stars)   
(0.1 sec) Q: 0, Sets: 2/5  (25.0%) CEs: 4 ETA: 0.4 sec (expected 8 stars)   

Total Stars: 11 (11 exact, 0 approx)
Unfinished Stars: 0
Runtime: 0.2 sec
Completed work frac: 1.0
Num Stars Copied Between Processes: 0
Num Lps During Enumeration: 186
Total Num Lps: 186

Result: network is UNSAFE with confirmed counterexample in result.cinput and result.coutput
Input: [6.02799654006958, -36.84811019897461]
Output: [62.64643096923828]

[NNENUM] Result: 
<nnenum.result.Result object at 0x7f7bac926d30>
[NNENUM] Enumeration finished.
unsafe
[NNENUM] Found counter-example stars: 9
[NNENUM] Filtering result using SMT solver...
[SMT] SMT filtered out 3 stars (out of 9).
[CTRL] Considering conjunction with 4 input constraints and a disjunction of size 2
[APPROX] Checking cache: SNNT.Approx.ApproxCacheObject[]
[APPROX] Constructing Approximation
[APPROX] Resolving approximation
[APPROX] # Conjunctions over output: 2
[NNENUM] Running nnenum now...
[NNENUM] lb: [6.027996500437445, -72.64688495558508]
[NNENUM] ub: [12.245450073782587, 0.0]
[NNENUM] Spec list length:  2
[NNENUM] Enumeration in progress... 

[NNENUM] Result: 
<nnenum.result.Result object at 0x7f7ba7b59700>
[NNENUM] Enumeration finished.
safe
[NNENUM] Filtering result using SMT solver...
[SMT] SMT filtered out 0 stars (out of 0).
[CTRL] Considering conjunction with 4 input constraints and a disjunction of size 3
[APPROX] Checking cache: SNNT.Approx.ApproxCacheObject[]
[APPROX] Constructing Approximation
[APPROX] Resolving approximation
[APPROX] # Conjunctions over output: 3
[NNENUM] Running nnenum now...
[NNENUM] lb: [6.027996500437445, -72.64688495558508]
[NNENUM] ub: [12.245450073782587, 0.0]
[NNENUM] Spec list length:  3
[NNENUM] Enumeration in progress... 

[NNENUM] Result: 
<nnenum.result.Result object at 0x7f7ba824a6d0>
[NNENUM] Enumeration finished.
safe
[NNENUM] Filtering result using SMT solver...
[SMT] SMT filtered out 0 stars (out of 0).
[CTRL] Considering conjunction with 4 input constraints and a disjunction of size 1
[APPROX] Checking cache: SNNT.Approx.ApproxCacheObject[]
[APPROX] Constructing Approximation
[APPROX] Resolving approximation
[APPROX] # Conjunctions over output: 1
[NNENUM] Running nnenum now...
[NNENUM] lb: [6.027996500437445, 0.0]
[NNENUM] ub: [12.245450073782587, 0.0]
[NNENUM] Spec list length:  1
[NNENUM] Enumeration in progress... 

[NNENUM] Result: 
<nnenum.result.Result object at 0x7f7ba7bfa280>
[NNENUM] Enumeration finished.
safe
[NNENUM] Filtering result using SMT solver...
[SMT] SMT filtered out 0 stars (out of 0).
[CTRL] Considering conjunction with 4 input constraints and a disjunction of size 6
[APPROX] Checking cache: SNNT.Approx.ApproxCacheObject[]
[APPROX] Constructing Approximation
[APPROX] Resolving approximation
[APPROX] # Conjunctions over output: 6
[NNENUM] Running nnenum now...
[NNENUM] lb: [6.027996500437445, 0.0]
[NNENUM] ub: [12.245450073782587, 42.04793171415052]
[NNENUM] Spec list length:  6
[NNENUM] Enumeration in progress... 

[NNENUM] Result: 
<nnenum.result.Result object at 0x7f7ba7b4aa30>
[NNENUM] Enumeration finished.
safe
[NNENUM] Filtering result using SMT solver...
[SMT] SMT filtered out 0 stars (out of 0).
[CTRL] Considering conjunction with 4 input constraints and a disjunction of size 9
[APPROX] Checking cache: SNNT.Approx.ApproxCacheObject[]
[APPROX] Constructing Approximation
[APPROX] Resolving approximation
[APPROX] # Conjunctions over output: 9
[NNENUM] Running nnenum now...
[NNENUM] lb: [0.0, 0.0]
[NNENUM] ub: [6.027996500437445, 0.0]
[NNENUM] Spec list length:  9
[NNENUM] Enumeration in progress... 

[NNENUM] Result: 
<nnenum.result.Result object at 0x7f7ba7b59a60>
[NNENUM] Enumeration finished.
safe
[NNENUM] Filtering result using SMT solver...
[SMT] SMT filtered out 0 stars (out of 0).
[CTRL] Considering conjunction with 4 input constraints and a disjunction of size 10
[APPROX] Checking cache: SNNT.Approx.ApproxCacheObject[]
[APPROX] Constructing Approximation
[APPROX] Resolving approximation
[APPROX] # Conjunctions over output: 10
[NNENUM] Running nnenum now...
[NNENUM] lb: [0.0, 0.0]
[NNENUM] ub: [6.027996500437445, 42.04793171415052]
[NNENUM] Spec list length:  10
[NNENUM] Enumeration in progress... 
(0.0 sec) Q: 0, Sets: 0/1  (0.0%) CEs: 0 ETA: - (expected 1 stars)   
(0.2 sec) Q: 0, Sets: 3/6  (12.5%) CEs: 0 ETA: 1.1 sec (expected 24 stars)   
(0.3 sec) Q: 0, Sets: 13/16  (31.25%) CEs: 0 ETA: 0.6 sec (expected 42 stars)   
Total Stars: 20 (0 exact, 20 approx)
Unfinished Stars: 0
Runtime: 0.3 sec
Completed work frac: 1.0
Num Stars Copied Between Processes: 0
Num Lps During Enumeration: 0
Total Num Lps: 0

Result: network is SAFE

[NNENUM] Result: 
<nnenum.result.Result object at 0x7f7ba7b13220>
[NNENUM] Enumeration finished.
safe
[NNENUM] Found counter-example stars: 0
[NNENUM] Filtering result using SMT solver...
[SMT] SMT filtered out 0 stars (out of 0).
[CTRL] Considering conjunction with 4 input constraints and a disjunction of size 10
[APPROX] Checking cache: SNNT.Approx.ApproxCacheObject[]
[APPROX] Constructing Approximation
[APPROX] Resolving approximation
[APPROX] # Conjunctions over output: 10
[NNENUM] Running nnenum now...
[NNENUM] lb: [0.0, 0.0]
[NNENUM] ub: [6.027996500437445, 42.04793171415052]
[NNENUM] Spec list length:  10
[NNENUM] Enumeration in progress... 
(0.0 sec) Q: 0, Sets: 0/1  (0.0%) CEs: 0 ETA: - (expected 1 stars)   
(0.2 sec) Q: 0, Sets: 13/15  (37.5%) CEs: 0 ETA: 0.3 sec (expected 35 stars)   

Total Stars: 15 (0 exact, 15 approx)
Unfinished Stars: 0
Runtime: 0.2 sec
Completed work frac: 1.0
Num Stars Copied Between Processes: 0
Num Lps During Enumeration: 0
Total Num Lps: 0

Result: network is SAFE

[NNENUM] Result: 
<nnenum.result.Result object at 0x7f7ba7b59670>
[NNENUM] Enumeration finished.
safe
[NNENUM] Found counter-example stars: 0
[NNENUM] Filtering result using SMT solver...
[SMT] SMT filtered out 0 stars (out of 0).
[CTRL] Considering conjunction with 4 input constraints and a disjunction of size 9
[APPROX] Checking cache: SNNT.Approx.ApproxCacheObject[]
[APPROX] Constructing Approximation
[APPROX] Resolving approximation
[APPROX] # Conjunctions over output: 9
[NNENUM] Running nnenum now...
[NNENUM] lb: [0.0, 0.0]
[NNENUM] ub: [6.027996500437445, 42.04793171415052]
[NNENUM] Spec list length:  9
[NNENUM] Enumeration in progress... 
(0.0 sec) Q: 0, Sets: 0/1  (0.0%) CEs: 0 ETA: - (expected 1 stars)   

Total Stars: 5 (0 exact, 5 approx)
Unfinished Stars: 0
Runtime: 0.1 sec
Completed work frac: 1.0
Num Stars Copied Between Processes: 0
Num Lps During Enumeration: 0
Total Num Lps: 0

Result: network is SAFE

[NNENUM] Result: 
<nnenum.result.Result object at 0x7f7ba7b5cd60>
[NNENUM] Enumeration finished.
safe
[NNENUM] Found counter-example stars: 0
[NNENUM] Filtering result using SMT solver...
[SMT] SMT filtered out 0 stars (out of 0).
[CTRL] Considering conjunction with 4 input constraints and a disjunction of size 5
[APPROX] Checking cache: SNNT.Approx.ApproxCacheObject[]
[APPROX] Constructing Approximation
[APPROX] Resolving approximation
[APPROX] # Conjunctions over output: 5
[NNENUM] Running nnenum now...
[NNENUM] lb: [12.245450073782587, 0.0]
[NNENUM] ub: [30.070432238891655, 42.04793171415052]
[NNENUM] Spec list length:  5
[NNENUM] Enumeration in progress... 

[NNENUM] Result: 
<nnenum.result.Result object at 0x7f7ba7b4ad60>
[NNENUM] Enumeration finished.
safe
[NNENUM] Filtering result using SMT solver...
[SMT] SMT filtered out 0 stars (out of 0).
[CTRL] Considering conjunction with 4 input constraints and a disjunction of size 2
[APPROX] Checking cache: SNNT.Approx.ApproxCacheObject[]
[APPROX] Constructing Approximation
[APPROX] Resolving approximation
[APPROX] # Conjunctions over output: 2
[NNENUM] Running nnenum now...
[NNENUM] lb: [12.245450073782587, 0.0]
[NNENUM] ub: [30.070432238891655, 42.04793171415052]
[NNENUM] Spec list length:  2
[NNENUM] Enumeration in progress... 

[NNENUM] Result: 
<nnenum.result.Result object at 0x7f7ba7b59070>
[NNENUM] Enumeration finished.
safe
[NNENUM] Filtering result using SMT solver...
[SMT] SMT filtered out 0 stars (out of 0).
[CTRL] Considering conjunction with 4 input constraints and a disjunction of size 2
[APPROX] Checking cache: SNNT.Approx.ApproxCacheObject[]
[APPROX] Constructing Approximation
[APPROX] Resolving approximation
[APPROX] # Conjunctions over output: 2
[NNENUM] Running nnenum now...
[NNENUM] lb: [12.245450073782587, 0.0]
[NNENUM] ub: [30.070432238891655, 0.0]
[NNENUM] Spec list length:  2
[NNENUM] Enumeration in progress... 

[NNENUM] Result: 
<nnenum.result.Result object at 0x7f7ba7bfae20>
[NNENUM] Enumeration finished.
safe
[NNENUM] Filtering result using SMT solver...
[SMT] SMT filtered out 0 stars (out of 0).
[CTRL] Considering conjunction with 4 input constraints and a disjunction of size 1
[APPROX] Checking cache: SNNT.Approx.ApproxCacheObject[]
[APPROX] Constructing Approximation
[APPROX] Resolving approximation
[APPROX] # Conjunctions over output: 1
[NNENUM] Running nnenum now...
[NNENUM] lb: [31.83827876110373, 0.0]
[NNENUM] ub: [60.51198292853763, 0.0]
[NNENUM] Spec list length:  1
[NNENUM] Enumeration in progress... 

[NNENUM] Result: 
<nnenum.result.Result object at 0x7f7ba7b96af0>
[NNENUM] Enumeration finished.
safe
[NNENUM] Filtering result using SMT solver...
[SMT] SMT filtered out 0 stars (out of 0).
[CTRL] Considering conjunction with 4 input constraints and a disjunction of size 1
[APPROX] Checking cache: SNNT.Approx.ApproxCacheObject[]
[APPROX] Constructing Approximation
[APPROX] Resolving approximation
[APPROX] # Conjunctions over output: 1
[NNENUM] Running nnenum now...
[NNENUM] lb: [30.070432238891655, 0.0]
[NNENUM] ub: [31.83827876110373, 0.0]
[NNENUM] Spec list length:  1
[NNENUM] Enumeration in progress... 

[NNENUM] Result: 
<nnenum.result.Result object at 0x7f7ba7bfa370>
[NNENUM] Enumeration finished.
safe
[NNENUM] Filtering result using SMT solver...
[SMT] SMT filtered out 0 stars (out of 0).
[CTRL] Considering conjunction with 4 input constraints and a disjunction of size 1
[APPROX] Checking cache: SNNT.Approx.ApproxCacheObject[]
[APPROX] Constructing Approximation
[APPROX] Resolving approximation
[APPROX] # Conjunctions over output: 1
[NNENUM] Running nnenum now...
[NNENUM] lb: [60.51198292853763, 0.0]
[NNENUM] ub: [70.05646085768107, 0.0]
[NNENUM] Spec list length:  1
[NNENUM] Enumeration in progress... 

[NNENUM] Result: 
<nnenum.result.Result object at 0x7f7ba7b59040>
[NNENUM] Enumeration finished.
safe
[NNENUM] Filtering result using SMT solver...
[SMT] SMT filtered out 0 stars (out of 0).
[CTRL] Considering conjunction with 4 input constraints and a disjunction of size 1
[APPROX] Checking cache: SNNT.Approx.ApproxCacheObject[]
[APPROX] Constructing Approximation
[APPROX] Resolving approximation
[APPROX] # Conjunctions over output: 1
[NNENUM] Running nnenum now...
[NNENUM] lb: [12.245450073782587, 0.0]
[NNENUM] ub: [30.070432238891655, 42.04793171415052]
[NNENUM] Spec list length:  1
[NNENUM] Enumeration in progress... 

[NNENUM] Result: 
<nnenum.result.Result object at 0x7f7ba7b136a0>
[NNENUM] Enumeration finished.
safe
[NNENUM] Filtering result using SMT solver...
[SMT] SMT filtered out 0 stars (out of 0).
[CTRL] Considering conjunction with 4 input constraints and a disjunction of size 2
[APPROX] Checking cache: SNNT.Approx.ApproxCacheObject[]
[APPROX] Constructing Approximation
[APPROX] Resolving approximation
[APPROX] # Conjunctions over output: 2
[NNENUM] Running nnenum now...
[NNENUM] lb: [31.83827876110373, 0.0]
[NNENUM] ub: [60.51198292853763, 42.04793171415052]
[NNENUM] Spec list length:  2
[NNENUM] Enumeration in progress... 

[NNENUM] Result: 
<nnenum.result.Result object at 0x7f7ba7bfad30>
[NNENUM] Enumeration finished.
safe
[NNENUM] Filtering result using SMT solver...
[SMT] SMT filtered out 0 stars (out of 0).
[CTRL] Considering conjunction with 4 input constraints and a disjunction of size 2
[APPROX] Checking cache: SNNT.Approx.ApproxCacheObject[]
[APPROX] Constructing Approximation
[APPROX] Resolving approximation
[APPROX] # Conjunctions over output: 2
[NNENUM] Running nnenum now...
[NNENUM] lb: [30.070432238891655, 0.0]
[NNENUM] ub: [31.83827876110373, 42.04793171415052]
[NNENUM] Spec list length:  2
[NNENUM] Enumeration in progress... 

[NNENUM] Result: 
<nnenum.result.Result object at 0x7f7ba7b59ca0>
[NNENUM] Enumeration finished.
safe
[NNENUM] Filtering result using SMT solver...
[SMT] SMT filtered out 0 stars (out of 0).
[CTRL] Considering conjunction with 4 input constraints and a disjunction of size 2
[APPROX] Checking cache: SNNT.Approx.ApproxCacheObject[]
[APPROX] Constructing Approximation
[APPROX] Resolving approximation
[APPROX] # Conjunctions over output: 2
[NNENUM] Running nnenum now...
[NNENUM] lb: [60.51198292853763, 0.0]
[NNENUM] ub: [70.05646085768107, 42.04793171415052]
[NNENUM] Spec list length:  2
[NNENUM] Enumeration in progress... 

[NNENUM] Result: 
<nnenum.result.Result object at 0x7f7ba7b96610>
[NNENUM] Enumeration finished.
safe
[NNENUM] Filtering result using SMT solver...
[SMT] SMT filtered out 0 stars (out of 0).
[CTRL] Considering conjunction with 4 input constraints and a disjunction of size 30
[APPROX] Checking cache: SNNT.Approx.ApproxCacheObject[]
[APPROX] Constructing Approximation
[APPROX] Resolving approximation
[APPROX] # Conjunctions over output: 30
[NNENUM] Running nnenum now...
[NNENUM] lb: [0.0, -72.64688495558508]
[NNENUM] ub: [6.027996500437445, 0.0]
[runlim] sample:		84.1 time, 51.0 real, 1597.2 MB
[NNENUM] Spec list length:  30
[NNENUM] Enumeration in progress... 
(0.0 sec) Q: 0, Sets: 0/1  (0.0%) CEs: 0 ETA: - (expected 1 stars)   
(0.1 sec) Q: 0, Sets: 5/7  (25.0%) CEs: 5 ETA: 0.4 sec (expected 20 stars)   
(0.2 sec) Q: 0, Sets: 8/13  (28.906%) CEs: 11 ETA: 0.6 sec (expected 28 stars)   (0.4 sec) Q: 0, Sets: 17/23  (31.934%) CEs: 17 ETA: 0.8 sec (expected 53 stars)   
(0.5 sec) Q: 0, Sets: 21/25  (32.812%) CEs: 24 ETA: 1.0 sec (expected 64 stars)   (0.6 sec) Q: 0, Sets: 27/34  (34.375%) CEs: 30 ETA: 1.1 sec (expected 79 stars)   (0.7 sec) Q: 0, Sets: 34/40  (35.303%) CEs: 36 ETA: 1.2 sec (expected 96 stars)   (0.8 sec) Q: 0, Sets: 40/44  (37.109%) CEs: 42 ETA: 1.3 sec (expected 108 stars)   
(0.9 sec) Q: 0, Sets: 47/50  (42.188%) CEs: 48 ETA: 1.2 sec (expected 111 stars)   (1.0 sec) Q: 0, Sets: 53/61  (50.195%) CEs: 53 ETA: 1.0 sec (expected 106 stars)   (1.1 sec) Q: 0, Sets: 59/66  (50.977%) CEs: 59 ETA: 1.0 sec (expected 116 stars)   (1.2 sec) Q: 0, Sets: 65/74  (51.611%) CEs: 65 ETA: 1.1 sec (expected 126 stars)   (1.3 sec) Q: 0, Sets: 69/75  (51.953%) CEs: 71 ETA: 1.2 sec (expected 133 stars)   (1.4 sec) Q: 0, Sets: 75/81  (52.539%) CEs: 76 ETA: 1.3 sec (expected 143 stars)   (1.5 sec) Q: 0, Sets: 80/88  (52.576%) CEs: 82 ETA: 1.4 sec (expected 152 stars)   (1.6 sec) Q: 0, Sets: 86/91  (53.125%) CEs: 87 ETA: 1.4 sec (expected 162 stars)   
(1.7 sec) Q: 0, Sets: 91/98  (54.053%) CEs: 93 ETA: 1.5 sec (expected 168 stars)   (1.8 sec) Q: 0, Sets: 97/105  (54.34%) CEs: 99 ETA: 1.5 sec (expected 179 stars)   (1.9 sec) Q: 0, Sets: 103/109  (54.443%) CEs: 105 ETA: 1.6 sec (expected 189 stars)   (2.0 sec) Q: 0, Sets: 109/116  (54.517%) CEs: 111 ETA: 1.7 sec (expected 200 stars)   (2.2 sec) Q: 0, Sets: 116/124  (54.81%) CEs: 117 ETA: 1.8 sec (expected 212 stars)   (2.3 sec) Q: 0, Sets: 122/128  (55.029%) CEs: 123 ETA: 1.8 sec (expected 222 stars)   (2.4 sec) Q: 0, Sets: 129/135  (55.347%) CEs: 130 ETA: 1.9 sec (expected 233 stars)   (2.5 sec) Q: 0, Sets: 135/142  (55.518%) CEs: 136 ETA: 2.0 sec (expected 243 stars)   (2.6 sec) Q: 0, Sets: 142/148  (55.737%) CEs: 142 ETA: 2.1 sec (expected 255 stars)   (2.7 sec) Q: 0, Sets: 148/152  (55.859%) CEs: 148 ETA: 2.1 sec (expected 265 stars)   (2.8 sec) Q: 0, Sets: 153/160  (56.543%) CEs: 153 ETA: 2.1 sec (expected 271 stars)   (2.9 sec) Q: 0, Sets: 157/162  (57.031%) CEs: 159 ETA: 2.2 sec (expected 275 stars)   (3.0 sec) Q: 0, Sets: 163/168  (57.812%) CEs: 165 ETA: 2.2 sec (expected 282 stars)   (3.1 sec) Q: 0, Sets: 169/173  (58.594%) CEs: 171 ETA: 2.2 sec (expected 288 stars)   (3.2 sec) Q: 0, Sets: 175/180  (60.352%) CEs: 177 ETA: 2.1 sec (expected 290 stars)   (3.3 sec) Q: 0, Sets: 181/185  (61.523%) CEs: 183 ETA: 2.1 sec (expected 294 stars)   
(3.4 sec) Q: 0, Sets: 187/194  (62.695%) CEs: 188 ETA: 2.0 sec (expected 298 stars)   (3.5 sec) Q: 0, Sets: 193/199  (63.232%) CEs: 194 ETA: 2.1 sec (expected 305 stars)   (3.6 sec) Q: 0, Sets: 199/203  (64.062%) CEs: 200 ETA: 2.0 sec (expected 311 stars)   (3.7 sec) Q: 0, Sets: 205/212  (64.331%) CEs: 206 ETA: 2.1 sec (expected 319 stars)   (3.9 sec) Q: 0, Sets: 211/216  (64.648%) CEs: 212 ETA: 2.1 sec (expected 326 stars)   (4.0 sec) Q: 0, Sets: 217/222  (64.795%) CEs: 218 ETA: 2.2 sec (expected 335 stars)   (4.1 sec) Q: 0, Sets: 223/229  (65.82%) CEs: 224 ETA: 2.1 sec (expected 339 stars)   (4.2 sec) Q: 0, Sets: 230/234  (66.797%) CEs: 230 ETA: 2.1 sec (expected 344 stars)   (4.3 sec) Q: 0, Sets: 233/238  (67.041%) CEs: 235 ETA: 2.1 sec (expected 348 stars)   (4.4 sec) Q: 0, Sets: 241/250  (67.218%) CEs: 241 ETA: 2.1 sec (expected 359 stars)   (4.5 sec) Q: 0, Sets: 247/255  (67.249%) CEs: 247 ETA: 2.2 sec (expected 367 stars)   (4.6 sec) Q: 0, Sets: 253/261  (67.297%) CEs: 253 ETA: 2.2 sec (expected 376 stars)   (4.7 sec) Q: 0, Sets: 259/266  (67.328%) CEs: 259 ETA: 2.3 sec (expected 385 stars)   (4.8 sec) Q: 0, Sets: 265/270  (67.48%) CEs: 265 ETA: 2.3 sec (expected 393 stars)   (4.9 sec) Q: 0, Sets: 268/275  (67.499%) CEs: 271 ETA: 2.4 sec (expected 397 stars)   (5.0 sec) Q: 0, Sets: 275/280  (67.676%) CEs: 277 ETA: 2.4 sec (expected 406 stars)   (5.1 sec) Q: 0, Sets: 281/289  (67.981%) CEs: 283 ETA: 2.4 sec (expected 413 stars)   (5.2 sec) Q: 0, Sets: 288/294  (68.066%) CEs: 289 ETA: 2.5 sec (expected 423 stars)   (5.3 sec) Q: 0, Sets: 294/302  (68.086%) CEs: 295 ETA: 2.5 sec (expected 432 stars)   (5.5 sec) Q: 0, Sets: 300/306  (68.115%) CEs: 301 ETA: 2.6 sec (expected 440 stars)   (5.6 sec) Q: 0, Sets: 306/313  (68.13%) CEs: 307 ETA: 2.6 sec (expected 449 stars)   (5.7 sec) Q: 0, Sets: 313/319  (68.152%) CEs: 313 ETA: 2.6 sec (expected 459 stars)   (5.8 sec) Q: 0, Sets: 319/325  (68.157%) CEs: 319 ETA: 2.7 sec (expected 468 stars)   (5.9 sec) Q: 0, Sets: 322/329  (68.176%) CEs: 325 ETA: 2.7 sec (expected 472 stars)   (6.0 sec) Q: 0, Sets: 331/334  (68.359%) CEs: 331 ETA: 2.8 sec (expected 484 stars)   (6.1 sec) Q: 0, Sets: 337/342  (68.579%) CEs: 337 ETA: 2.8 sec (expected 491 stars)   (6.2 sec) Q: 0, Sets: 343/348  (68.616%) CEs: 343 ETA: 2.8 sec (expected 500 stars)   (6.3 sec) Q: 0, Sets: 349/355  (68.658%) CEs: 349 ETA: 2.9 sec (expected 508 stars)   (6.4 sec) Q: 0, Sets: 352/357  (68.683%) CEs: 355 ETA: 2.9 sec (expected 513 stars)   (6.5 sec) Q: 0, Sets: 361/365  (69.531%) CEs: 361 ETA: 2.9 sec (expected 519 stars)   (6.7 sec) Q: 0, Sets: 367/375  (69.739%) CEs: 367 ETA: 2.9 sec (expected 526 stars)   (6.8 sec) Q: 0, Sets: 370/376  (69.8%) CEs: 373 ETA: 2.9 sec (expected 530 stars)   
(6.9 sec) Q: 0, Sets: 376/381  (70.068%) CEs: 379 ETA: 2.9 sec (expected 537 stars)   (7.0 sec) Q: 0, Sets: 383/388  (70.312%) CEs: 384 ETA: 2.9 sec (expected 545 stars)   (7.1 sec) Q: 0, Sets: 389/398  (70.343%) CEs: 391 ETA: 3.0 sec (expected 553 stars)   (7.2 sec) Q: 0, Sets: 395/404  (70.38%) CEs: 397 ETA: 3.0 sec (expected 561 stars)   (7.3 sec) Q: 0, Sets: 401/407  (70.508%) CEs: 403 ETA: 3.0 sec (expected 569 stars)   (7.4 sec) Q: 0, Sets: 407/415  (70.616%) CEs: 409 ETA: 3.1 sec (expected 576 stars)   (7.5 sec) Q: 0, Sets: 413/419  (70.654%) CEs: 415 ETA: 3.1 sec (expected 585 stars)   (7.6 sec) Q: 0, Sets: 419/423  (70.898%) CEs: 421 ETA: 3.1 sec (expected 591 stars)   (7.7 sec) Q: 0, Sets: 425/432  (71.118%) CEs: 427 ETA: 3.1 sec (expected 598 stars)   (7.8 sec) Q: 0, Sets: 432/439  (71.32%) CEs: 433 ETA: 3.1 sec (expected 606 stars)   (7.9 sec) Q: 0, Sets: 438/442  (71.46%) CEs: 439 ETA: 3.2 sec (expected 613 stars)   (8.0 sec) Q: 0, Sets: 444/448  (72.266%) CEs: 445 ETA: 3.1 sec (expected 614 stars)   (8.1 sec) Q: 0, Sets: 450/453  (74.219%) CEs: 451 ETA: 2.8 sec (expected 606 stars)   (8.3 sec) Q: 0, Sets: 456/460  (78.906%) CEs: 457 ETA: 2.2 sec (expected 578 stars)   (8.4 sec) Q: 0, Sets: 462/465  (81.25%) CEs: 463 ETA: 1.9 sec (expected 569 stars)   (8.5 sec) Q: 0, Sets: 468/472  (85.938%) CEs: 469 ETA: 1.4 sec (expected 545 stars)   (8.6 sec) Q: 0, Sets: 474/477  (86.523%) CEs: 475 ETA: 1.3 sec (expected 548 stars)   (8.7 sec) Q: 0, Sets: 480/482  (87.402%) CEs: 481 ETA: 1.3 sec (expected 549 stars)   (8.8 sec) Q: 0, Sets: 486/491  (87.891%) CEs: 486 ETA: 1.2 sec (expected 553 stars)   (8.9 sec) Q: 0, Sets: 492/498  (89.16%) CEs: 492 ETA: 1.1 sec (expected 552 stars)   (9.0 sec) Q: 0, Sets: 498/501  (90.625%) CEs: 498 ETA: 0.9 sec (expected 550 stars)   (9.1 sec) Q: 0, Sets: 501/504  (91.797%) CEs: 504 ETA: 0.8 sec (expected 546 stars)   (9.2 sec) Q: 0, Sets: 507/516  (93.768%) CEs: 509 ETA: 0.6 sec (expected 541 stars)   (9.3 sec) Q: 0, Sets: 513/521  (93.817%) CEs: 515 ETA: 0.6 sec (expected 547 stars)   (9.4 sec) Q: 0, Sets: 519/526  (93.945%) CEs: 521 ETA: 0.6 sec (expected 552 stars)   (9.5 sec) Q: 0, Sets: 526/531  (94.287%) CEs: 527 ETA: 0.6 sec (expected 558 stars)   (9.6 sec) Q: 0, Sets: 532/537  (94.434%) CEs: 533 ETA: 0.6 sec (expected 563 stars)   (9.7 sec) Q: 0, Sets: 538/543  (95.41%) CEs: 539 ETA: 0.5 sec (expected 564 stars)   (9.8 sec) Q: 0, Sets: 545/547  (96.484%) CEs: 545 ETA: 0.4 sec (expected 565 stars)   (9.9 sec) Q: 0, Sets: 551/554  (98.193%) CEs: 551 ETA: 0.2 sec (expected 561 stars)   (10.0 sec) Q: 0, Sets: 555/557  (98.828%) CEs: 558 ETA: 0.1 sec (expected 562 stars)   
Total Stars: 559 (559 exact, 0 approx)
Unfinished Stars: 0
Runtime: 10.1 sec
Completed work frac: 1.0
Num Stars Copied Between Processes: 0
Num Lps During Enumeration: 7682
Total Num Lps: 7682

Result: network is UNSAFE with confirmed counterexample in result.cinput and result.coutput
Input: [0.0, 0.0]
Output: [9.147181510925293]

[NNENUM] Result: 
<nnenum.result.Result object at 0x7f7ba7b5c5b0>
[NNENUM] Enumeration finished.
unsafe
[NNENUM] Found counter-example stars: 559
[NNENUM] Filtering result using SMT solver...
[runlim] sample:		94.1 time, 61.0 real, 1609.4 MB
[runlim] sample:		104.2 time, 71.0 real, 1609.4 MB
[runlim] sample:		114.2 time, 81.0 real, 1609.4 MB
[SMT] SMT filtered out 492 stars (out of 559).
[CTRL] Considering conjunction with 4 input constraints and a disjunction of size 8
[APPROX] Checking cache: SNNT.Approx.ApproxCacheObject[]
[APPROX] Constructing Approximation
[APPROX] Resolving approximation
[APPROX] # Conjunctions over output: 8
[NNENUM] Running nnenum now...
[NNENUM] lb: [0.0, -72.64688495558508]
[NNENUM] ub: [6.027996500437445, 0.0]
[NNENUM] Spec list length:  8
[NNENUM] Enumeration in progress... 
(0.0 sec) Q: 0, Sets: 0/1  (0.0%) CEs: 0 ETA: - (expected 1 stars)   

Total Stars: 7 (0 exact, 7 approx)
Unfinished Stars: 0
Runtime: 0.1 sec
Completed work frac: 1.0
Num Stars Copied Between Processes: 0
Num Lps During Enumeration: 0
Total Num Lps: 0

Result: network is SAFE

[NNENUM] Result: 
<nnenum.result.Result object at 0x7f7ba77335b0>
[NNENUM] Enumeration finished.
safe
[NNENUM] Found counter-example stars: 0
[NNENUM] Filtering result using SMT solver...
[SMT] SMT filtered out 0 stars (out of 0).
[CTRL] Considering conjunction with 4 input constraints and a disjunction of size 9
[APPROX] Checking cache: SNNT.Approx.ApproxCacheObject[]
[APPROX] Constructing Approximation
[APPROX] Resolving approximation
[APPROX] # Conjunctions over output: 9
[NNENUM] Running nnenum now...
[NNENUM] lb: [0.0, -72.64688495558508]
[NNENUM] ub: [6.027996500437445, 0.0]
[NNENUM] Spec list length:  9
[NNENUM] Enumeration in progress... 
(0.0 sec) Q: 0, Sets: 0/1  (0.0%) CEs: 0 ETA: - (expected 1 stars)   
(0.2 sec) Q: 0, Sets: 7/9  (50.0%) CEs: 0 ETA: 0.2 sec (expected 14 stars)   

Total Stars: 19 (0 exact, 19 approx)
Unfinished Stars: 0
Runtime: 0.2 sec
Completed work frac: 1.0
Num Stars Copied Between Processes: 0
Num Lps During Enumeration: 0
Total Num Lps: 0

Result: network is SAFE

[NNENUM] Result: 
<nnenum.result.Result object at 0x7f7ba7733ca0>
[NNENUM] Enumeration finished.
safe
[NNENUM] Found counter-example stars: 0
[NNENUM] Filtering result using SMT solver...
[SMT] SMT filtered out 0 stars (out of 0).
[CTRL] Considering conjunction with 4 input constraints and a disjunction of size 14
[APPROX] Checking cache: SNNT.Approx.ApproxCacheObject[]
[APPROX] Constructing Approximation
[APPROX] Resolving approximation
[APPROX] # Conjunctions over output: 14
[NNENUM] Running nnenum now...
[NNENUM] lb: [31.83827876110373, -72.64688495558508]
[NNENUM] ub: [60.51198292853763, 0.0]
[NNENUM] Spec list length:  14
[NNENUM] Enumeration in progress... 

[NNENUM] Result: 
<nnenum.result.Result object at 0x7f7ba7b961c0>
[NNENUM] Enumeration finished.
safe
[NNENUM] Filtering result using SMT solver...
[SMT] SMT filtered out 0 stars (out of 0).
[CTRL] Considering conjunction with 4 input constraints and a disjunction of size 2
[APPROX] Checking cache: SNNT.Approx.ApproxCacheObject[]
[APPROX] Constructing Approximation
[APPROX] Resolving approximation
[APPROX] # Conjunctions over output: 2
[NNENUM] Running nnenum now...
[NNENUM] lb: [31.83827876110373, -72.64688495558508]
[NNENUM] ub: [60.51198292853763, 0.0]
[NNENUM] Spec list length:  2
[NNENUM] Enumeration in progress... 
(0.0 sec) Q: 0, Sets: 0/1  (0.0%) CEs: 0 ETA: - (expected 1 stars)   

Total Stars: 3 (0 exact, 3 approx)
Unfinished Stars: 0
Runtime: 0.0 sec
Completed work frac: 1.0
Num Stars Copied Between Processes: 0
Num Lps During Enumeration: 0
Total Num Lps: 0

Result: network is SAFE

[NNENUM] Result: 
<nnenum.result.Result object at 0x7f7ba77333a0>
[NNENUM] Enumeration finished.
safe
[NNENUM] Found counter-example stars: 0
[NNENUM] Filtering result using SMT solver...
[SMT] SMT filtered out 0 stars (out of 0).
[CTRL] Considering conjunction with 4 input constraints and a disjunction of size 19
[APPROX] Checking cache: SNNT.Approx.ApproxCacheObject[]
[APPROX] Constructing Approximation
[APPROX] Resolving approximation
[APPROX] # Conjunctions over output: 19
[NNENUM] Running nnenum now...
[NNENUM] lb: [31.83827876110373, -72.64688495558508]
[NNENUM] ub: [60.51198292853763, 0.0]
[NNENUM] Spec list length:  19
[NNENUM] Enumeration in progress... 
(0.0 sec) Q: 0, Sets: 0/1  (0.0%) CEs: 0 ETA: - (expected 1 stars)   

Total Stars: 1 (0 exact, 1 approx)
Unfinished Stars: 0
Runtime: 0.0 sec
Completed work frac: 1.0
Num Stars Copied Between Processes: 0
Num Lps During Enumeration: 0
Total Num Lps: 0

Result: network is SAFE

[NNENUM] Result: 
<nnenum.result.Result object at 0x7f7ba7b5c280>
[NNENUM] Enumeration finished.
safe
[NNENUM] Found counter-example stars: 0
[NNENUM] Filtering result using SMT solver...
[SMT] SMT filtered out 0 stars (out of 0).
[CTRL] Considering conjunction with 4 input constraints and a disjunction of size 13
[APPROX] Checking cache: SNNT.Approx.ApproxCacheObject[]
[APPROX] Constructing Approximation
[APPROX] Resolving approximation
[APPROX] # Conjunctions over output: 13
[NNENUM] Running nnenum now...
[NNENUM] lb: [31.83827876110373, -72.64688495558508]
[NNENUM] ub: [60.51198292853763, 0.0]
[NNENUM] Spec list length:  13
[NNENUM] Enumeration in progress... 

[NNENUM] Result: 
<nnenum.result.Result object at 0x7f7ba7b5c3d0>
[NNENUM] Enumeration finished.
safe
[NNENUM] Filtering result using SMT solver...
[SMT] SMT filtered out 0 stars (out of 0).
[CTRL] Considering conjunction with 4 input constraints and a disjunction of size 4
[APPROX] Checking cache: SNNT.Approx.ApproxCacheObject[]
[APPROX] Constructing Approximation
[APPROX] Resolving approximation
[APPROX] # Conjunctions over output: 4
[NNENUM] Running nnenum now...
[NNENUM] lb: [12.245450073782587, -72.64688495558508]
[NNENUM] ub: [30.070432238891655, 0.0]
[NNENUM] Spec list length:  4
[NNENUM] Enumeration in progress... 
(0.0 sec) Q: 0, Sets: 0/1  (0.0%) CEs: 0 ETA: - (expected 1 stars)   

Total Stars: 2 (0 exact, 2 approx)
Unfinished Stars: 0
Runtime: 0.0 sec
Completed work frac: 1.0
Num Stars Copied Between Processes: 0
Num Lps During Enumeration: 0
Total Num Lps: 0

Result: network is SAFE

[NNENUM] Result: 
<nnenum.result.Result object at 0x7f7ba7b5ca90>
[NNENUM] Enumeration finished.
safe
[NNENUM] Found counter-example stars: 0
[NNENUM] Filtering result using SMT solver...
[SMT] SMT filtered out 0 stars (out of 0).
[CTRL] Considering conjunction with 4 input constraints and a disjunction of size 26
[APPROX] Checking cache: SNNT.Approx.ApproxCacheObject[]
[APPROX] Constructing Approximation
[APPROX] Resolving approximation
[APPROX] # Conjunctions over output: 26
[NNENUM] Running nnenum now...
[NNENUM] lb: [12.245450073782587, -72.64688495558508]
[NNENUM] ub: [30.070432238891655, 0.0]
[NNENUM] Spec list length:  26
[NNENUM] Enumeration in progress... 
(0.0 sec) Q: 0, Sets: 0/1  (0.0%) CEs: 0 ETA: - (expected 1 stars)   

Total Stars: 3 (0 exact, 3 approx)
Unfinished Stars: 0
Runtime: 0.1 sec
Completed work frac: 1.0
Num Stars Copied Between Processes: 0
Num Lps During Enumeration: 0
Total Num Lps: 0

Result: network is SAFE

[NNENUM] Result: 
<nnenum.result.Result object at 0x7f7ba7bfa430>
[NNENUM] Enumeration finished.
safe
[NNENUM] Found counter-example stars: 0
[NNENUM] Filtering result using SMT solver...
[SMT] SMT filtered out 0 stars (out of 0).
[CTRL] Considering conjunction with 4 input constraints and a disjunction of size 3
[APPROX] Checking cache: SNNT.Approx.ApproxCacheObject[]
[APPROX] Constructing Approximation
[APPROX] Resolving approximation
[APPROX] # Conjunctions over output: 3
[NNENUM] Running nnenum now...
[NNENUM] lb: [12.245450073782587, -72.64688495558508]
[NNENUM] ub: [30.070432238891655, 0.0]
[NNENUM] Spec list length:  3
[NNENUM] Enumeration in progress... 

[NNENUM] Result: 
<nnenum.result.Result object at 0x7f7ba7b5cc40>
[NNENUM] Enumeration finished.
safe
[NNENUM] Filtering result using SMT solver...
[SMT] SMT filtered out 0 stars (out of 0).
[CTRL] Considering conjunction with 4 input constraints and a disjunction of size 23
[APPROX] Checking cache: SNNT.Approx.ApproxCacheObject[]
[APPROX] Constructing Approximation
[APPROX] Resolving approximation
[APPROX] # Conjunctions over output: 23
[NNENUM] Running nnenum now...
[NNENUM] lb: [12.245450073782587, -79.71827104443338]
[NNENUM] ub: [30.070432238891655, -72.64688495558508]
[NNENUM] Spec list length:  23
[NNENUM] Enumeration in progress... 

[NNENUM] Result: 
<nnenum.result.Result object at 0x7f7ba7b96c40>
[NNENUM] Enumeration finished.
safe
[NNENUM] Filtering result using SMT solver...
[SMT] SMT filtered out 0 stars (out of 0).
[CTRL] Considering conjunction with 4 input constraints and a disjunction of size 21
[APPROX] Checking cache: SNNT.Approx.ApproxCacheObject[]
[APPROX] Constructing Approximation
[APPROX] Resolving approximation
[APPROX] # Conjunctions over output: 21
[NNENUM] Running nnenum now...
[NNENUM] lb: [12.245450073782587, -72.64688495558508]
[NNENUM] ub: [30.070432238891655, 0.0]
[NNENUM] Spec list length:  21
[NNENUM] Enumeration in progress... 
(0.0 sec) Q: 0, Sets: 0/1  (0.0%) CEs: 0 ETA: - (expected 1 stars)   
(0.1 sec) Q: 0, Sets: 5/7  (62.5%) CEs: 4 ETA: 0.1 sec (expected 8 stars)   

Total Stars: 10 (10 exact, 0 approx)
Unfinished Stars: 0
Runtime: 0.1 sec
Completed work frac: 1.0
Num Stars Copied Between Processes: 0
Num Lps During Enumeration: 181
Total Num Lps: 181

Result: network is UNSAFE with confirmed counterexample in result.cinput and result.coutput
Input: [12.245450019836426, -44.95783233642578]
Output: [98.3749771118164]

[NNENUM] Result: 
<nnenum.result.Result object at 0x7f7ba7b59ca0>
[NNENUM] Enumeration finished.
unsafe
[NNENUM] Found counter-example stars: 4
[NNENUM] Filtering result using SMT solver...
[SMT] SMT filtered out 2 stars (out of 4).
[CTRL] Considering conjunction with 4 input constraints and a disjunction of size 1
[APPROX] Checking cache: SNNT.Approx.ApproxCacheObject[]
[APPROX] Constructing Approximation
[APPROX] Resolving approximation
[APPROX] # Conjunctions over output: 1
[NNENUM] Running nnenum now...
[NNENUM] lb: [31.83827876110373, 100.0]
[NNENUM] ub: [60.51198292853763, 133.33333333333331]
[NNENUM] Spec list length:  1
[NNENUM] Enumeration in progress... 

[NNENUM] Result: 
<nnenum.result.Result object at 0x7f7ba7bfad90>
[NNENUM] Enumeration finished.
safe
[NNENUM] Filtering result using SMT solver...
[SMT] SMT filtered out 0 stars (out of 0).
[CTRL] Considering conjunction with 4 input constraints and a disjunction of size 1
[APPROX] Checking cache: SNNT.Approx.ApproxCacheObject[]
[APPROX] Constructing Approximation
[APPROX] Resolving approximation
[APPROX] # Conjunctions over output: 1
[NNENUM] Running nnenum now...
[NNENUM] lb: [31.83827876110373, 100.0]
[NNENUM] ub: [60.51198292853763, 133.33333333333331]
[NNENUM] Spec list length:  1
[NNENUM] Enumeration in progress... 

[NNENUM] Result: 
<nnenum.result.Result object at 0x7f7ba7bfa370>
[NNENUM] Enumeration finished.
safe
[NNENUM] Filtering result using SMT solver...
[SMT] SMT filtered out 0 stars (out of 0).
[CTRL] Considering conjunction with 4 input constraints and a disjunction of size 1
[APPROX] Checking cache: SNNT.Approx.ApproxCacheObject[]
[APPROX] Constructing Approximation
[APPROX] Resolving approximation
[APPROX] # Conjunctions over output: 1
[NNENUM] Running nnenum now...
[NNENUM] lb: [60.51198292853763, 100.0]
[NNENUM] ub: [70.05646085768107, 133.33333333333331]
[NNENUM] Spec list length:  1
[NNENUM] Enumeration in progress... 

[NNENUM] Result: 
<nnenum.result.Result object at 0x7f7bac5db910>
[NNENUM] Enumeration finished.
safe
[NNENUM] Filtering result using SMT solver...
[SMT] SMT filtered out 0 stars (out of 0).
[CTRL] Considering conjunction with 4 input constraints and a disjunction of size 1
[APPROX] Checking cache: SNNT.Approx.ApproxCacheObject[]
[APPROX] Constructing Approximation
[APPROX] Resolving approximation
[APPROX] # Conjunctions over output: 1
[NNENUM] Running nnenum now...
[NNENUM] lb: [60.51198292853763, 100.0]
[NNENUM] ub: [70.05646085768107, 133.33333333333331]
[NNENUM] Spec list length:  1
[NNENUM] Enumeration in progress... 

[NNENUM] Result: 
<nnenum.result.Result object at 0x7f7ba7b96e20>
[NNENUM] Enumeration finished.
safe
[NNENUM] Filtering result using SMT solver...
[SMT] SMT filtered out 0 stars (out of 0).
[CTRL] Considering conjunction with 4 input constraints and a disjunction of size 1
[APPROX] Checking cache: SNNT.Approx.ApproxCacheObject[]
[APPROX] Constructing Approximation
[APPROX] Resolving approximation
[APPROX] # Conjunctions over output: 1
[NNENUM] Running nnenum now...
[NNENUM] lb: [60.51198292853763, 80.22584343072431]
[NNENUM] ub: [70.05646085768107, 100.0]
[NNENUM] Spec list length:  1
[NNENUM] Enumeration in progress... 

[NNENUM] Result: 
<nnenum.result.Result object at 0x7f7ba7bfac40>
[NNENUM] Enumeration finished.
safe
[NNENUM] Filtering result using SMT solver...
[SMT] SMT filtered out 0 stars (out of 0).
[CTRL] Considering conjunction with 4 input constraints and a disjunction of size 1
[APPROX] Checking cache: SNNT.Approx.ApproxCacheObject[]
[APPROX] Constructing Approximation
[APPROX] Resolving approximation
[APPROX] # Conjunctions over output: 1
[NNENUM] Running nnenum now...
[NNENUM] lb: [31.83827876110373, 80.22584343072431]
[NNENUM] ub: [60.51198292853763, 100.0]
[NNENUM] Spec list length:  1
[NNENUM] Enumeration in progress... 

[NNENUM] Result: 
<nnenum.result.Result object at 0x7f7bab3a0820>
[NNENUM] Enumeration finished.
safe
[NNENUM] Filtering result using SMT solver...
[SMT] SMT filtered out 0 stars (out of 0).
[CTRL] Considering conjunction with 4 input constraints and a disjunction of size 1
[APPROX] Checking cache: SNNT.Approx.ApproxCacheObject[]
[APPROX] Constructing Approximation
[APPROX] Resolving approximation
[APPROX] # Conjunctions over output: 1
[NNENUM] Running nnenum now...
[NNENUM] lb: [31.83827876110373, 80.22584343072431]
[NNENUM] ub: [60.51198292853763, 100.0]
[NNENUM] Spec list length:  1
[NNENUM] Enumeration in progress... 

[NNENUM] Result: 
<nnenum.result.Result object at 0x7f7ba7b4adc0>
[NNENUM] Enumeration finished.
safe
[NNENUM] Filtering result using SMT solver...
[SMT] SMT filtered out 0 stars (out of 0).
[CTRL] Considering conjunction with 4 input constraints and a disjunction of size 24
[APPROX] Checking cache: SNNT.Approx.ApproxCacheObject[]
[APPROX] Constructing Approximation
[APPROX] Resolving approximation
[APPROX] # Conjunctions over output: 24
[NNENUM] Running nnenum now...
[NNENUM] lb: [60.51198292853763, -133.33333333333334]
[NNENUM] ub: [70.05646085768107, -100.0]
[NNENUM] Spec list length:  24
[NNENUM] Enumeration in progress... 

[NNENUM] Result: 
<nnenum.result.Result object at 0x7f7ba77333d0>
[NNENUM] Enumeration finished.
safe
[NNENUM] Filtering result using SMT solver...
[SMT] SMT filtered out 0 stars (out of 0).
[CTRL] Considering conjunction with 4 input constraints and a disjunction of size 11
[APPROX] Checking cache: SNNT.Approx.ApproxCacheObject[]
[APPROX] Constructing Approximation
[APPROX] Resolving approximation
[APPROX] # Conjunctions over output: 11
[NNENUM] Running nnenum now...
[NNENUM] lb: [60.51198292853763, -100.0]
[NNENUM] ub: [70.05646085768107, -79.71827104443338]
[NNENUM] Spec list length:  11
[NNENUM] Enumeration in progress... 

[NNENUM] Result: 
<nnenum.result.Result object at 0x7f7bab7eec10>
[NNENUM] Enumeration finished.
safe
[NNENUM] Filtering result using SMT solver...
[SMT] SMT filtered out 0 stars (out of 0).
[CTRL] Considering conjunction with 4 input constraints and a disjunction of size 21
[APPROX] Checking cache: SNNT.Approx.ApproxCacheObject[]
[APPROX] Constructing Approximation
[APPROX] Resolving approximation
[APPROX] # Conjunctions over output: 21
[NNENUM] Running nnenum now...
[NNENUM] lb: [60.51198292853763, -133.33333333333334]
[NNENUM] ub: [70.05646085768107, -100.0]
[NNENUM] Spec list length:  21
[NNENUM] Enumeration in progress... 

[NNENUM] Result: 
<nnenum.result.Result object at 0x7f7ba7733850>
[NNENUM] Enumeration finished.
safe
[NNENUM] Filtering result using SMT solver...
[SMT] SMT filtered out 0 stars (out of 0).
[CTRL] Considering conjunction with 4 input constraints and a disjunction of size 9
[APPROX] Checking cache: SNNT.Approx.ApproxCacheObject[]
[APPROX] Constructing Approximation
[APPROX] Resolving approximation
[APPROX] # Conjunctions over output: 9
[NNENUM] Running nnenum now...
[NNENUM] lb: [31.83827876110373, -133.33333333333334]
[NNENUM] ub: [60.51198292853763, -100.0]
[NNENUM] Spec list length:  9
[NNENUM] Enumeration in progress... 

[NNENUM] Result: 
<nnenum.result.Result object at 0x7f7ba7b96880>
[NNENUM] Enumeration finished.
safe
[NNENUM] Filtering result using SMT solver...
[SMT] SMT filtered out 0 stars (out of 0).
[CTRL] Considering conjunction with 4 input constraints and a disjunction of size 22
[APPROX] Checking cache: SNNT.Approx.ApproxCacheObject[]
[APPROX] Constructing Approximation
[APPROX] Resolving approximation
[APPROX] # Conjunctions over output: 22
[NNENUM] Running nnenum now...
[NNENUM] lb: [31.83827876110373, -133.33333333333334]
[NNENUM] ub: [60.51198292853763, -100.0]
[NNENUM] Spec list length:  22
[NNENUM] Enumeration in progress... 

[NNENUM] Result: 
<nnenum.result.Result object at 0x7f7ba824ac40>
[NNENUM] Enumeration finished.
safe
[NNENUM] Filtering result using SMT solver...
[SMT] SMT filtered out 0 stars (out of 0).
[CTRL] Considering conjunction with 4 input constraints and a disjunction of size 20
[APPROX] Checking cache: SNNT.Approx.ApproxCacheObject[]
[APPROX] Constructing Approximation
[APPROX] Resolving approximation
[APPROX] # Conjunctions over output: 20
[NNENUM] Running nnenum now...
[NNENUM] lb: [31.83827876110373, -133.33333333333334]
[NNENUM] ub: [60.51198292853763, -100.0]
[NNENUM] Spec list length:  20
[NNENUM] Enumeration in progress... 

[NNENUM] Result: 
<nnenum.result.Result object at 0x7f7ba7733220>
[NNENUM] Enumeration finished.
safe
[NNENUM] Filtering result using SMT solver...
[SMT] SMT filtered out 0 stars (out of 0).
[CTRL] Considering conjunction with 4 input constraints and a disjunction of size 16
[APPROX] Checking cache: SNNT.Approx.ApproxCacheObject[]
[APPROX] Constructing Approximation
[APPROX] Resolving approximation
[APPROX] # Conjunctions over output: 16
[NNENUM] Running nnenum now...
[NNENUM] lb: [31.83827876110373, -133.33333333333334]
[NNENUM] ub: [60.51198292853763, -100.0]
[NNENUM] Spec list length:  16
[NNENUM] Enumeration in progress... 

[NNENUM] Result: 
<nnenum.result.Result object at 0x7f7ba7b59490>
[NNENUM] Enumeration finished.
safe
[NNENUM] Filtering result using SMT solver...
[SMT] SMT filtered out 0 stars (out of 0).
[CTRL] Considering conjunction with 4 input constraints and a disjunction of size 28
[APPROX] Checking cache: SNNT.Approx.ApproxCacheObject[]
[APPROX] Constructing Approximation
[APPROX] Resolving approximation
[APPROX] # Conjunctions over output: 28
[NNENUM] Running nnenum now...
[NNENUM] lb: [31.83827876110373, -100.0]
[NNENUM] ub: [60.51198292853763, -79.71827104443338]
[NNENUM] Spec list length:  28
[NNENUM] Enumeration in progress... 
(0.0 sec) Q: 0, Sets: 0/1  (0.0%) CEs: 0 ETA: - (expected 1 stars)   

Total Stars: 4 (4 exact, 0 approx)
Unfinished Stars: 0
Runtime: 0.0 sec
Completed work frac: 1.0
Num Stars Copied Between Processes: 0
Num Lps During Enumeration: 47
Total Num Lps: 47

Result: network is UNSAFE with confirmed counterexample in result.cinput and result.coutput
Input: [31.83827781677246, -79.71826934814453]
Output: [100.0]

[NNENUM] Result: 
<nnenum.result.Result object at 0x7f7ba7bfa0a0>
[NNENUM] Enumeration finished.
unsafe
[NNENUM] Found counter-example stars: 3
[NNENUM] Filtering result using SMT solver...
[SMT] SMT filtered out 0 stars (out of 3).
[CTRL] Considering conjunction with 4 input constraints and a disjunction of size 23
[APPROX] Checking cache: SNNT.Approx.ApproxCacheObject[]
[APPROX] Constructing Approximation
[APPROX] Resolving approximation
[APPROX] # Conjunctions over output: 23
[NNENUM] Running nnenum now...
[NNENUM] lb: [31.83827876110373, -100.0]
[NNENUM] ub: [60.51198292853763, -79.71827104443338]
[NNENUM] Spec list length:  23
[NNENUM] Enumeration in progress... 

[NNENUM] Result: 
<nnenum.result.Result object at 0x7f7ba7b96940>
[NNENUM] Enumeration finished.
safe
[NNENUM] Filtering result using SMT solver...
[SMT] SMT filtered out 0 stars (out of 0).
[CTRL] Considering conjunction with 4 input constraints and a disjunction of size 26
[APPROX] Checking cache: SNNT.Approx.ApproxCacheObject[]
[APPROX] Constructing Approximation
[APPROX] Resolving approximation
[APPROX] # Conjunctions over output: 26
[NNENUM] Running nnenum now...
[NNENUM] lb: [31.83827876110373, -100.0]
[NNENUM] ub: [60.51198292853763, -79.71827104443338]
[NNENUM] Spec list length:  26
[NNENUM] Enumeration in progress... 

[NNENUM] Result: 
<nnenum.result.Result object at 0x7f7ba7b59af0>
[NNENUM] Enumeration finished.
safe
[NNENUM] Filtering result using SMT solver...
[SMT] SMT filtered out 0 stars (out of 0).
[CTRL] Considering conjunction with 4 input constraints and a disjunction of size 17
[APPROX] Checking cache: SNNT.Approx.ApproxCacheObject[]
[APPROX] Constructing Approximation
[APPROX] Resolving approximation
[APPROX] # Conjunctions over output: 17
[NNENUM] Running nnenum now...
[NNENUM] lb: [31.83827876110373, -79.71827104443338]
[NNENUM] ub: [60.51198292853763, -72.64688495558508]
[NNENUM] Spec list length:  17
[NNENUM] Enumeration in progress... 

[NNENUM] Result: 
<nnenum.result.Result object at 0x7f7ba7b5c7c0>
[NNENUM] Enumeration finished.
safe
[NNENUM] Filtering result using SMT solver...
[SMT] SMT filtered out 0 stars (out of 0).
[CTRL] Considering conjunction with 4 input constraints and a disjunction of size 3
[APPROX] Checking cache: SNNT.Approx.ApproxCacheObject[]
[APPROX] Constructing Approximation
[APPROX] Resolving approximation
[APPROX] # Conjunctions over output: 3
[NNENUM] Running nnenum now...
[NNENUM] lb: [31.83827876110373, -79.71827104443338]
[NNENUM] ub: [60.51198292853763, -72.64688495558508]
[NNENUM] Spec list length:  3
[NNENUM] Enumeration in progress... 

[NNENUM] Result: 
<nnenum.result.Result object at 0x7f7ba7b96970>
[NNENUM] Enumeration finished.
safe
[NNENUM] Filtering result using SMT solver...
[SMT] SMT filtered out 0 stars (out of 0).
[CTRL] Considering conjunction with 4 input constraints and a disjunction of size 16
[APPROX] Checking cache: SNNT.Approx.ApproxCacheObject[]
[APPROX] Constructing Approximation
[APPROX] Resolving approximation
[APPROX] # Conjunctions over output: 16
[NNENUM] Running nnenum now...
[NNENUM] lb: [31.83827876110373, -79.71827104443338]
[NNENUM] ub: [60.51198292853763, -72.64688495558508]
[NNENUM] Spec list length:  16
[NNENUM] Enumeration in progress... 

[NNENUM] Result: 
<nnenum.result.Result object at 0x7f7ba7b59460>
[NNENUM] Enumeration finished.
safe
[NNENUM] Filtering result using SMT solver...
[SMT] SMT filtered out 0 stars (out of 0).
[CTRL] Considering conjunction with 4 input constraints and a disjunction of size 12
[APPROX] Checking cache: SNNT.Approx.ApproxCacheObject[]
[APPROX] Constructing Approximation
[APPROX] Resolving approximation
[APPROX] # Conjunctions over output: 12
[NNENUM] Running nnenum now...
[NNENUM] lb: [31.83827876110373, -100.0]
[NNENUM] ub: [60.51198292853763, -79.71827104443338]
[runlim] sample:		146.2 time, 91.0 real, 1631.8 MB
[NNENUM] Spec list length:  12
[NNENUM] Enumeration in progress... 

[NNENUM] Result: 
<nnenum.result.Result object at 0x7f7ba7b96cd0>
[NNENUM] Enumeration finished.
safe
[NNENUM] Filtering result using SMT solver...
[SMT] SMT filtered out 0 stars (out of 0).
[CTRL] Considering conjunction with 4 input constraints and a disjunction of size 14
[APPROX] Checking cache: SNNT.Approx.ApproxCacheObject[]
[APPROX] Constructing Approximation
[APPROX] Resolving approximation
[APPROX] # Conjunctions over output: 14
[NNENUM] Running nnenum now...
[NNENUM] lb: [31.83827876110373, -100.0]
[NNENUM] ub: [60.51198292853763, -79.71827104443338]
[NNENUM] Spec list length:  14
[NNENUM] Enumeration in progress... 

[NNENUM] Result: 
<nnenum.result.Result object at 0x7f7ba7b59fd0>
[NNENUM] Enumeration finished.
safe
[NNENUM] Filtering result using SMT solver...
[SMT] SMT filtered out 0 stars (out of 0).
[CTRL] Considering conjunction with 4 input constraints and a disjunction of size 22
[APPROX] Checking cache: SNNT.Approx.ApproxCacheObject[]
[APPROX] Constructing Approximation
[APPROX] Resolving approximation
[APPROX] # Conjunctions over output: 22
[NNENUM] Running nnenum now...
[NNENUM] lb: [31.83827876110373, -79.71827104443338]
[NNENUM] ub: [60.51198292853763, -72.64688495558508]
[NNENUM] Spec list length:  22
[NNENUM] Enumeration in progress... 
(0.0 sec) Q: 0, Sets: 0/1  (0.0%) CEs: 0 ETA: - (expected 1 stars)   

Total Stars: 3 (3 exact, 0 approx)
Unfinished Stars: 0
Runtime: 0.0 sec
Completed work frac: 1.0
Num Stars Copied Between Processes: 0
Num Lps During Enumeration: 31
Total Num Lps: 31

Result: network is UNSAFE with confirmed counterexample in result.cinput and result.coutput
Input: [31.83827781677246, -72.64688873291016]
Output: [99.99999237060547]

[NNENUM] Result: 
<nnenum.result.Result object at 0x7f7ba7b59bb0>
[NNENUM] Enumeration finished.
unsafe
[NNENUM] Found counter-example stars: 2
[NNENUM] Filtering result using SMT solver...
[SMT] SMT filtered out 2 stars (out of 2).
[CTRL] Considering conjunction with 4 input constraints and a disjunction of size 22
[APPROX] Checking cache: SNNT.Approx.ApproxCacheObject[]
[APPROX] Constructing Approximation
[APPROX] Resolving approximation
[APPROX] # Conjunctions over output: 22
[NNENUM] Running nnenum now...
[NNENUM] lb: [30.070432238891655, -72.64688495558508]
[NNENUM] ub: [31.83827876110373, 0.0]
[NNENUM] Spec list length:  22
[NNENUM] Enumeration in progress... 
(0.0 sec) Q: 0, Sets: 0/1  (0.0%) CEs: 0 ETA: - (expected 1 stars)   

Total Stars: 1 (0 exact, 1 approx)
Unfinished Stars: 0
Runtime: 0.0 sec
Completed work frac: 1.0
Num Stars Copied Between Processes: 0
Num Lps During Enumeration: 0
Total Num Lps: 0

Result: network is SAFE

[NNENUM] Result: 
<nnenum.result.Result object at 0x7f7ba7b13610>
[NNENUM] Enumeration finished.
safe
[NNENUM] Found counter-example stars: 0
[NNENUM] Filtering result using SMT solver...
[SMT] SMT filtered out 0 stars (out of 0).
[CTRL] Considering conjunction with 4 input constraints and a disjunction of size 1
[APPROX] Checking cache: SNNT.Approx.ApproxCacheObject[]
[APPROX] Constructing Approximation
[APPROX] Resolving approximation
[APPROX] # Conjunctions over output: 1
[NNENUM] Running nnenum now...
[NNENUM] lb: [60.51198292853763, -79.71827104443338]
[NNENUM] ub: [70.05646085768107, -72.64688495558508]
[NNENUM] Spec list length:  1
[NNENUM] Enumeration in progress... 

[NNENUM] Result: 
<nnenum.result.Result object at 0x7f7ba7bfa130>
[NNENUM] Enumeration finished.
safe
[NNENUM] Filtering result using SMT solver...
[SMT] SMT filtered out 0 stars (out of 0).
[CTRL] Considering conjunction with 4 input constraints and a disjunction of size 22
[APPROX] Checking cache: SNNT.Approx.ApproxCacheObject[]
[APPROX] Constructing Approximation
[APPROX] Resolving approximation
[APPROX] # Conjunctions over output: 22
[NNENUM] Running nnenum now...
[NNENUM] lb: [30.070432238891655, -79.71827104443338]
[NNENUM] ub: [31.83827876110373, -72.64688495558508]
[NNENUM] Spec list length:  22
[NNENUM] Enumeration in progress... 

[NNENUM] Result: 
<nnenum.result.Result object at 0x7f7ba7b59ee0>
[NNENUM] Enumeration finished.
safe
[NNENUM] Filtering result using SMT solver...
[SMT] SMT filtered out 0 stars (out of 0).
[CTRL] Considering conjunction with 4 input constraints and a disjunction of size 17
[APPROX] Checking cache: SNNT.Approx.ApproxCacheObject[]
[APPROX] Constructing Approximation
[APPROX] Resolving approximation
[APPROX] # Conjunctions over output: 17
[NNENUM] Running nnenum now...
[NNENUM] lb: [60.51198292853763, -133.33333333333334]
[NNENUM] ub: [70.05646085768107, -100.0]
[NNENUM] Spec list length:  17
[NNENUM] Enumeration in progress... 

[NNENUM] Result: 
<nnenum.result.Result object at 0x7f7ba7bfa040>
[NNENUM] Enumeration finished.
safe
[NNENUM] Filtering result using SMT solver...
[SMT] SMT filtered out 0 stars (out of 0).
[CTRL] Considering conjunction with 4 input constraints and a disjunction of size 10
[APPROX] Checking cache: SNNT.Approx.ApproxCacheObject[]
[APPROX] Constructing Approximation
[APPROX] Resolving approximation
[APPROX] # Conjunctions over output: 10
[NNENUM] Running nnenum now...
[NNENUM] lb: [60.51198292853763, -133.33333333333334]
[NNENUM] ub: [70.05646085768107, -100.0]
[NNENUM] Spec list length:  10
[NNENUM] Enumeration in progress... 

[NNENUM] Result: 
<nnenum.result.Result object at 0x7f7ba7b59310>
[NNENUM] Enumeration finished.
safe
[NNENUM] Filtering result using SMT solver...
[SMT] SMT filtered out 0 stars (out of 0).
[CTRL] Considering conjunction with 4 input constraints and a disjunction of size 17
[APPROX] Checking cache: SNNT.Approx.ApproxCacheObject[]
[APPROX] Constructing Approximation
[APPROX] Resolving approximation
[APPROX] # Conjunctions over output: 17
[NNENUM] Running nnenum now...
[NNENUM] lb: [30.070432238891655, -100.0]
[NNENUM] ub: [31.83827876110373, -79.71827104443338]
[NNENUM] Spec list length:  17
[NNENUM] Enumeration in progress... 

[NNENUM] Result: 
<nnenum.result.Result object at 0x7f7bae1ce970>
[NNENUM] Enumeration finished.
safe
[NNENUM] Filtering result using SMT solver...
[SMT] SMT filtered out 0 stars (out of 0).
[CTRL] Considering conjunction with 4 input constraints and a disjunction of size 18
[APPROX] Checking cache: SNNT.Approx.ApproxCacheObject[]
[APPROX] Constructing Approximation
[APPROX] Resolving approximation
[APPROX] # Conjunctions over output: 18
[NNENUM] Running nnenum now...
[NNENUM] lb: [30.070432238891655, -72.64688495558508]
[NNENUM] ub: [31.83827876110373, 0.0]
[NNENUM] Spec list length:  18
[NNENUM] Enumeration in progress... 

[NNENUM] Result: 
<nnenum.result.Result object at 0x7f7ba7b599d0>
[NNENUM] Enumeration finished.
safe
[NNENUM] Filtering result using SMT solver...
[SMT] SMT filtered out 0 stars (out of 0).
[CTRL] Considering conjunction with 4 input constraints and a disjunction of size 4
[APPROX] Checking cache: SNNT.Approx.ApproxCacheObject[]
[APPROX] Constructing Approximation
[APPROX] Resolving approximation
[APPROX] # Conjunctions over output: 4
[NNENUM] Running nnenum now...
[NNENUM] lb: [30.070432238891655, -72.64688495558508]
[NNENUM] ub: [31.83827876110373, 0.0]
[NNENUM] Spec list length:  4
[NNENUM] Enumeration in progress... 

[NNENUM] Result: 
<nnenum.result.Result object at 0x7f7ba824a6d0>
[NNENUM] Enumeration finished.
safe
[NNENUM] Filtering result using SMT solver...
[SMT] SMT filtered out 0 stars (out of 0).
[CTRL] Considering conjunction with 4 input constraints and a disjunction of size 2
[APPROX] Checking cache: SNNT.Approx.ApproxCacheObject[]
[APPROX] Constructing Approximation
[APPROX] Resolving approximation
[APPROX] # Conjunctions over output: 2
[NNENUM] Running nnenum now...
[NNENUM] lb: [30.070432238891655, -72.64688495558508]
[NNENUM] ub: [31.83827876110373, 0.0]
[NNENUM] Spec list length:  2
[NNENUM] Enumeration in progress... 

[NNENUM] Result: 
<nnenum.result.Result object at 0x7f7ba7b4a580>
[NNENUM] Enumeration finished.
safe
[NNENUM] Filtering result using SMT solver...
[SMT] SMT filtered out 0 stars (out of 0).
[CTRL] Considering conjunction with 4 input constraints and a disjunction of size 1
[APPROX] Checking cache: SNNT.Approx.ApproxCacheObject[]
[APPROX] Constructing Approximation
[APPROX] Resolving approximation
[APPROX] # Conjunctions over output: 1
[NNENUM] Running nnenum now...
[NNENUM] lb: [60.51198292853763, -72.64688495558508]
[NNENUM] ub: [70.05646085768107, 0.0]
[NNENUM] Spec list length:  1
[NNENUM] Enumeration in progress... 
(0.0 sec) Q: 0, Sets: 0/1  (0.0%) CEs: 0 ETA: - (expected 1 stars)   

Total Stars: 2 (0 exact, 2 approx)
Unfinished Stars: 0
Runtime: 0.0 sec
Completed work frac: 1.0
Num Stars Copied Between Processes: 0
Num Lps During Enumeration: 0
Total Num Lps: 0

Result: network is SAFE

[NNENUM] Result: 
<nnenum.result.Result object at 0x7f7ba7b59eb0>
[NNENUM] Enumeration finished.
safe
[NNENUM] Found counter-example stars: 0
[NNENUM] Filtering result using SMT solver...
[SMT] SMT filtered out 0 stars (out of 0).
 91.831222 seconds (387.37 M allocations: 12.520 GiB, 7.18% gc time, 14.21% compilation time)
----------------------------------------------------------
Status: Unsafe
# Unsafe Stars: 83
Saving result in experiments/acc/acc-improved-2000000-64-64/results-approx-3.jld...
 
                                        Time                    Allocations      
                                  
       Tot / % measured:            93.6s /  95.9%           12.7GiB /  96.9%    

 Section               ncalls     time    %tot     avg     alloc    %tot      avg
 
 query_iteration            1    55.5s   61.8%   55.5s   1.93GiB   15.8%  1.93GiB
   olnnv_query_proc...     95    43.5s   48.4%   458ms   1.13GiB    9.2%  12.2MiB
     nnv                   95    43.5s   48.4%   458ms   1.13GiB    9.2%  12.2MiB
       star_filter         95    25.7s   28.7%   271ms   1.11GiB    9.1%  12.0MiB
         z3_check       18.3k    25.1s   27.9%  1.37ms   1.05GiB    8.5%  60.0KiB
   next_query              96    11.3s   12.6%   118ms    780MiB    6.2%  8.13MiB
     check_infeasib...  2.81k    9.47s   10.6%  3.38ms    453MiB    3.6%   166KiB
       check_infeas...  2.81k    5.11s    5.7%  1.82ms    236MiB    1.9%  86.2KiB
         z3_check       1.78k    3.10s    3.5%  1.74ms   34.7MiB    0.3%  19.9KiB
         SMTprep        3.56k    1.60s    1.8%   450渭s    194MiB    1.5%  55.8KiB
         feasibilit...  2.82k   45.8ms    0.1%  16.2渭s   88.2KiB    0.0%    32.0B
         feasibilit...  1.47k   2.48ms    0.0%  1.69渭s    520KiB    0.0%     361B
       check_infeas...  2.81k    4.36s    4.9%  1.55ms    217MiB    1.7%  79.3KiB
         z3_check       3.41k    2.70s    3.0%   790渭s   26.2MiB    0.2%  7.87KiB
         SMTprep        6.83k    1.35s    1.5%   197渭s    178MiB    1.4%  26.7KiB
         feasibilit...  5.61k   81.6ms    0.1%  14.5渭s    175KiB    0.0%    32.0B
         feasibilit...  1.97k   57.9ms    0.1%  29.4渭s   2.04MiB    0.0%  1.06KiB
     query_construc...    850    1.03s    1.1%  1.21ms   66.0MiB    0.5%  79.5KiB
       z3_check           294    589ms    0.7%  2.00ms   9.01MiB    0.1%  31.4KiB
       SMTprep            588    237ms    0.3%   404渭s   33.7MiB    0.3%  58.7KiB
       PicoSAT_solve    1.14k   36.1ms    0.0%  31.6渭s   35.8KiB    0.0%    32.0B
       atom_recovery      294   8.25ms    0.0%  28.1渭s   2.22MiB    0.0%  7.74KiB
         atom_compu...    294   5.72ms    0.0%  19.4渭s   2.06MiB    0.0%  7.16KiB
         bound_comp...    294   2.01ms    0.0%  6.83渭s    129KiB    0.0%     448B
       feasibility_...    294   6.02ms    0.0%  20.5渭s   9.19KiB    0.0%    32.0B
       feasibility_...    150    294渭s    0.0%  1.96渭s   69.7KiB    0.0%     476B
     approx_resolution  2.81k    304ms    0.3%   108渭s    138MiB    1.1%  50.2KiB
     PicoSAT_solve      2.90k   97.4ms    0.1%  33.6渭s   90.7KiB    0.0%    32.0B
     bound_atoms        2.81k   87.3ms    0.1%  31.1渭s   21.7MiB    0.2%  7.92KiB
     atom_recovery      2.81k   77.7ms    0.1%  27.7渭s   21.3MiB    0.2%  7.78KiB
       atom_computa...  2.81k   57.5ms    0.1%  20.5渭s   19.7MiB    0.2%  7.18KiB
       bound_comput...  2.81k   16.5ms    0.0%  5.87渭s   1.20MiB    0.0%     448B
     check_infeasib...  5.61k   13.2ms    0.0%  2.35渭s   10.1MiB    0.1%  1.85KiB
   legacy_approx           95    127ms    0.1%  1.33ms   11.0MiB    0.1%   118KiB
   olnnv_query_gen         95   84.3ms    0.1%   887渭s   32.7MiB    0.3%   353KiB
   boolean_skeleton         1   14.7ms    0.0%  14.7ms   1.22MiB    0.0%  1.22MiB
   smt_filter_creation     95   98.2渭s    0.0%  1.03渭s   2.97KiB    0.0%    32.0B
 get_approx_query           1    34.3s   38.2%   34.3s   10.3GiB   84.2%  10.3GiB
   OVERT                    4    11.0s   12.2%   2.74s   1.58GiB   12.9%   404MiB
  Done
[runlim] end:			Thu Feb  2 17:44:44 2023
[runlim] status:		ok
[runlim] result:		0
[runlim] children:		1888
[runlim] real:			95.98 seconds
[runlim] time:			160.49 seconds
[runlim] space:			1635.3 MB
[runlim] samples:		949
