[runlim] version:		1.10
[runlim] time limit:		311040000 seconds
[runlim] real time limit:	311040000 seconds
[runlim] space limit:		30917 MB
[runlim] argv[0]:		/home/samuel/Software/bin/matlab
[runlim] argv[1]:		-nodisplay
[runlim] argv[2]:		-r
[runlim] argv[3]:		addpath(genpath('/deps')); addpath(genpath('/code')); startup_nnv; savepath; run('nnv/examples/Submission/ARCH-COMP2022/benchmarks/ACC/reachinv.m');quit
[runlim] start:			Thu Feb  2 14:47:22 2023
[runlim] main pid:		554909
[?1h=
                                                                                                           < M A T L A B (R) >
                                                                                                 Copyright 1984-2022 The MathWorks, Inc.
                                                                                            R2022b Update 3 (9.13.0.2126072) 64-bit (glnxa64)
                                                                                                            November 17, 2022

 
To get started, type doc.
For product information, visit www.mathworks.com.
 

Adding dependencies to Matlab path...
Toolbox "clpmex:1.0:glnxa64" added to the Matlab path.
Toolbox "glpkmex:1.0:glnxa64" added to the Matlab path.
Toolbox "fourier:1.0:glnxa64" added to the Matlab path.
Toolbox "sedumi:1.3:glnxa64" added to the Matlab path.
Toolbox "yalmip:R20210331:all" added to the Matlab path.
Toolbox "mpt:3.2.1:all" added to the Matlab path.
Toolbox "mptdoc:3.0.4:all" added to the Matlab path.
Toolbox "lcp:1.0.3:glnxa64" added to the Matlab path.
[runlim] sample:		21.2 time, 10.5 real, 799.2 MB
Toolbox "hysdel:2.0.6:glnxa64" added to the Matlab path.
Toolbox "cddmex:1.0.1:glnxa64" added to the Matlab path.

Adding NNV to Matlab path...
[Warning: Invalid file or directory '/home/samuel/Dokumente/Projects/CPS/NN-Safety-via-dL/repos/nnv/code/engine/hyst/lib/Hyst.jar'.] 
[> In javaclasspath>local_validate_dynamic_path (line 271)
In javaclasspath>local_javapath (line 187)
In javaclasspath (line 124)
In javaaddpath (line 71)
In startup_nnv (line 22)] 
Neural network loaded
NN Controller created

reachPRM_lin = 

  struct with fields:

        ref_input: []
         numSteps: 1
         numCores: 4
    controlPeriod: 0.1000


reachPRM_lin = 

  struct with fields:

        ref_input: []
         numSteps: 1
         numCores: 4
    controlPeriod: 0.1000
     plantTimStep: 0.1000

Trying 5.0000 and 1.0000
    0.1000
    0.5279

    0.3500
    5.0000

Starting parallel pool (parpool) using the 'local' profile ...
[runlim] sample:		35.4 time, 20.5 real, 1071.9 MB
[runlim] sample:		69.5 time, 30.5 real, 3283.4 MB
[runlim] sample:		115.6 time, 40.5 real, 5122.8 MB
Connected to the parallel pool (number of workers: 4).
[runlim] sample:		139.9 time, 50.5 real, 5574.1 MB


The neural network control system is safe
 0.10,0.35 is safeTrying 5.0000 and 1.0000
    0.3500
   -3.3666

    0.6000
    5.0000

[runlim] sample:		180.0 time, 60.5 real, 5683.5 MB
[runlim] sample:		221.1 time, 70.5 real, 5713.5 MB
[runlim] sample:		261.4 time, 80.5 real, 5746.6 MB
[runlim] sample:		302.0 time, 90.5 real, 5757.6 MB
[runlim] sample:		345.4 time, 100.5 real, 5794.8 MB
[runlim] sample:		355.9 time, 110.5 real, 5835.0 MB


The neural network control system is safe
 0.35,0.60 is safeTrying 5.0000 and 1.0000
    0.6000
   -5.9545

    0.8500
    5.0000

[runlim] sample:		373.5 time, 120.5 real, 5854.0 MB
[runlim] sample:		412.0 time, 130.5 real, 5859.0 MB
[runlim] sample:		453.2 time, 140.5 real, 5861.2 MB
[runlim] sample:		483.2 time, 150.5 real, 5872.2 MB


The neural network control system is safe
 0.60,0.85 is safeTrying 5.0000 and 1.0000
    0.8500
   -8.0384

    1.1000
    5.0000

[runlim] sample:		507.1 time, 160.5 real, 5874.1 MB
[runlim] sample:		548.6 time, 170.5 real, 5876.9 MB
[runlim] sample:		578.9 time, 180.5 real, 5916.3 MB


The neural network control system is safe
 0.85,1.10 is safeTrying 5.0000 and 1.0000
    1.1000
   -9.8324

    1.3500
    5.0000

[runlim] sample:		593.4 time, 190.5 real, 5949.2 MB
[runlim] sample:		634.5 time, 200.5 real, 5982.5 MB
[runlim] sample:		665.0 time, 210.5 real, 6052.3 MB


The neural network control system is safe
 1.10,1.35 is safeTrying 5.0000 and 1.0000
    1.3500
  -11.4317

    1.6000
    5.0000

[runlim] sample:		695.4 time, 220.5 real, 6067.8 MB
[runlim] sample:		731.8 time, 230.5 real, 6075.6 MB


The neural network control system is safe
 1.35,1.60 is safeTrying 5.0000 and 1.0000
    1.6000
  -12.8885

    1.8500
    5.0000

[runlim] sample:		754.9 time, 240.5 real, 6087.0 MB
[runlim] sample:		786.3 time, 250.5 real, 6098.6 MB


The neural network control system is safe
 1.60,1.85 is safeTrying 5.0000 and 1.0000
    1.8500
  -14.2354

    2.1000
    5.0000

[runlim] sample:		821.0 time, 260.5 real, 6118.5 MB


The neural network control system is safe
 1.85,2.10 is safeTrying 5.0000 and 1.0000
    2.1000
  -15.4939

    2.3500
    5.0000

[runlim] sample:		843.3 time, 270.5 real, 6138.6 MB
[runlim] sample:		875.8 time, 280.5 real, 6148.7 MB


The neural network control system is safe
 2.10,2.35 is safeTrying 5.0000 and 1.0000
    2.3500
  -16.6795

    2.6000
    5.0000

[runlim] sample:		903.6 time, 290.5 real, 6152.6 MB


The neural network control system is safe
 2.35,2.60 is safeTrying 5.0000 and 1.0000
    2.6000
  -17.8035

    2.8500
    5.0000

[runlim] sample:		931.7 time, 300.5 real, 6174.8 MB


The neural network control system is safe
 2.60,2.85 is safeTrying 5.0000 and 1.0000
    2.8500
  -18.8747

    3.1000
    5.0000

[runlim] sample:		956.2 time, 310.5 real, 6191.3 MB
[runlim] sample:		984.0 time, 320.5 real, 6193.1 MB


The neural network control system is safe
 2.85,3.10 is safeTrying 5.0000 and 1.0000
    3.1000
  -19.8998

    3.3500
    5.0000

[runlim] sample:		1015.0 time, 330.5 real, 6210.8 MB


The neural network control system is safe
 3.10,3.35 is safeTrying 5.0000 and 1.0000
    3.3500
  -20.8844

    3.6000
    5.0000

[runlim] sample:		1044.5 time, 340.5 real, 6211.5 MB


The neural network control system is safe
 3.35,3.60 is safeTrying 5.0000 and 1.0000
    3.6000
  -21.8328

    3.8500
    5.0000

[runlim] sample:		1073.8 time, 350.5 real, 6212.0 MB


The neural network control system is safe
 3.60,3.85 is safeTrying 5.0000 and 1.0000
    3.8500
  -22.7489

    4.1000
    5.0000

[runlim] sample:		1102.8 time, 360.5 real, 6213.2 MB


The neural network control system is safe
 3.85,4.10 is safeTrying 5.0000 and 1.0000
    4.1000
  -23.6356

    4.3500
    5.0000

[runlim] sample:		1128.6 time, 370.5 real, 6213.9 MB


The neural network control system is safe
 4.10,4.35 is safeTrying 5.0000 and 1.0000
    4.3500
  -24.4958

    4.6000
    5.0000

[runlim] sample:		1155.3 time, 380.5 real, 6227.2 MB


The neural network control system is safe
 4.35,4.60 is safeTrying 5.0000 and 1.0000
    4.6000
  -25.3315

    4.8500
    5.0000

[runlim] sample:		1183.7 time, 390.5 real, 6227.7 MB


The neural network control system is safe
 4.60,4.85 is safeTrying 5.0000 and 1.0000
    4.8500
  -26.1448

    5.1000
    5.0000

[runlim] sample:		1211.0 time, 400.5 real, 6228.2 MB


The neural network control system is safe
 4.85,5.10 is safeTrying 5.0000 and 1.0000
    5.1000
  -26.9374

    5.3500
    5.0000

[runlim] sample:		1237.2 time, 410.5 real, 6226.3 MB


The neural network control system is safe
 5.10,5.35 is safeTrying 5.0000 and 1.0000
    5.3500
  -27.7109

    5.6000
    5.0000

[runlim] sample:		1262.9 time, 420.5 real, 6229.2 MB


The neural network control system is safe
 5.35,5.60 is safeTrying 5.0000 and 1.0000
    5.6000
  -28.4664

    5.8500
    5.0000



The neural network control system is safe
 5.60,5.85 is safeTrying 5.0000 and 1.0000
    5.8500
  -29.2053

    6.1000
    5.0000

[runlim] sample:		1289.1 time, 430.5 real, 6230.3 MB


The neural network control system is safe
 5.85,6.10 is safeTrying 5.0000 and 1.0000
    6.1000
  -29.9285

    6.3500
    5.0000

[runlim] sample:		1319.7 time, 440.5 real, 6239.6 MB


The neural network control system is safe
 6.10,6.35 is safeTrying 5.0000 and 1.0000
    6.3500
  -30.6371

    6.6000
    5.0000

[runlim] sample:		1348.6 time, 450.5 real, 6241.7 MB


The neural network control system is safe
 6.35,6.60 is safeTrying 5.0000 and 1.0000
    6.6000
  -31.3318

    6.8500
    5.0000

[runlim] sample:		1377.0 time, 460.5 real, 6256.7 MB


The neural network control system is safe
 6.60,6.85 is safeTrying 5.0000 and 1.0000
    6.8500
  -32.0135

    7.1000
    5.0000

[runlim] sample:		1405.9 time, 470.5 real, 6259.1 MB


The neural network control system is safe
 6.85,7.10 is safeTrying 5.0000 and 1.0000
    7.1000
  -32.6829

    7.3500
    5.0000

[runlim] sample:		1430.2 time, 480.5 real, 6261.7 MB


The neural network control system is safe
 7.10,7.35 is safeTrying 5.0000 and 1.0000
    7.3500
  -33.3406

    7.6000
    5.0000



The neural network control system is safe
 7.35,7.60 is safeTrying 5.0000 and 1.0000
    7.6000
  -33.9872

    7.8500
    5.0000

[runlim] sample:		1454.9 time, 490.5 real, 6260.6 MB


The neural network control system is safe
 7.60,7.85 is safeTrying 5.0000 and 1.0000
    7.8500
  -34.6232

    8.1000
    5.0000

[runlim] sample:		1485.1 time, 500.5 real, 6262.6 MB


The neural network control system is safe
 7.85,8.10 is safeTrying 5.0000 and 1.0000
    8.1000
  -35.2492

    8.3500
    5.0000

[runlim] sample:		1515.2 time, 510.5 real, 6265.4 MB


The neural network control system is safe
 8.10,8.35 is safeTrying 5.0000 and 1.0000
    8.3500
  -35.8656

    8.6000
    5.0000

[runlim] sample:		1539.5 time, 520.5 real, 6266.2 MB


The neural network control system is safe
 8.35,8.60 is safeTrying 5.0000 and 1.0000
    8.6000
  -36.4729

    8.8500
    5.0000



The neural network control system is safe
 8.60,8.85 is safeTrying 5.0000 and 1.0000
    8.8500
  -37.0714

    9.1000
    5.0000

[runlim] sample:		1567.0 time, 530.5 real, 6278.4 MB


The neural network control system is safe
 8.85,9.10 is safeTrying 5.0000 and 1.0000
    9.1000
  -37.6615

    9.3500
    5.0000

[runlim] sample:		1597.8 time, 540.5 real, 6281.7 MB


The neural network control system is safe
 9.10,9.35 is safeTrying 5.0000 and 1.0000
    9.3500
  -38.2435

    9.6000
    5.0000

[runlim] sample:		1623.2 time, 550.5 real, 6294.8 MB


The neural network control system is safe
 9.35,9.60 is safeTrying 5.0000 and 1.0000
    9.6000
  -38.8178

    9.8500
    5.0000

[runlim] sample:		1646.3 time, 560.5 real, 6304.9 MB


The neural network control system is safe
 9.60,9.85 is safeTrying 5.0000 and 1.0000
    9.8500
  -39.3847

   10.1000
    5.0000



The neural network control system is safe
 9.85,10.10 is safeTrying 5.0000 and 1.0000
   10.1000
  -39.9444

   10.3500
    5.0000

[runlim] sample:		1673.4 time, 570.5 real, 6319.0 MB


The neural network control system is safe
 10.10,10.35 is safeTrying 5.0000 and 1.0000
   10.3500
  -40.4973

   10.6000
    5.0000

[runlim] sample:		1702.2 time, 580.5 real, 6321.0 MB


The neural network control system is safe
 10.35,10.60 is safeTrying 5.0000 and 1.0000
   10.6000
  -41.0435

   10.8500
    5.0000

[runlim] sample:		1728.6 time, 590.5 real, 6320.8 MB


The neural network control system is safe
 10.60,10.85 is safeTrying 5.0000 and 1.0000
   10.8500
  -41.5833

   11.1000
    5.0000

[runlim] sample:		1751.5 time, 600.5 real, 6323.3 MB


The neural network control system is safe
 10.85,11.10 is safeTrying 5.0000 and 1.0000
   11.1000
  -42.1169

   11.3500
    5.0000



The neural network control system is safe
 11.10,11.35 is safeTrying 5.0000 and 1.0000
   11.3500
  -42.6445

   11.6000
    5.0000

[runlim] sample:		1777.8 time, 610.5 real, 6324.4 MB


The neural network control system is safe
 11.35,11.60 is safeTrying 5.0000 and 1.0000
   11.6000
  -43.1664

   11.8500
    5.0000

[runlim] sample:		1809.1 time, 620.5 real, 6381.9 MB


The neural network control system is safe
 11.60,11.85 is safeTrying 5.0000 and 1.0000
   11.8500
  -43.6826

   12.1000
    5.0000

[runlim] sample:		1833.8 time, 630.5 real, 6385.1 MB


The neural network control system is safe
 11.85,12.10 is safeTrying 5.0000 and 1.0000
   12.1000
  -44.1935

   12.3500
    5.0000



The neural network control system is safe
 12.10,12.35 is safeTrying 5.0000 and 1.0000
   12.3500
  -44.6991

   12.6000
    5.0000

[runlim] sample:		1856.3 time, 640.5 real, 6388.6 MB


The neural network control system is safe
 12.35,12.60 is safeTrying 5.0000 and 1.0000
   12.6000
  -45.1996

   12.8500
    5.0000

[runlim] sample:		1883.7 time, 650.5 real, 6390.4 MB


The neural network control system is safe
 12.60,12.85 is safeTrying 5.0000 and 1.0000
   12.8500
  -45.6952

   13.1000
    5.0000

[runlim] sample:		1913.6 time, 660.5 real, 6394.9 MB


The neural network control system is safe
 12.85,13.10 is safeTrying 5.0000 and 1.0000
   13.1000
  -46.1859

   13.3500
    5.0000

[runlim] sample:		1937.4 time, 670.5 real, 6398.8 MB


The neural network control system is safe
 13.10,13.35 is safeTrying 5.0000 and 1.0000
   13.3500
  -46.6720

   13.6000
    5.0000



The neural network control system is safe
 13.35,13.60 is safeTrying 5.0000 and 1.0000
   13.6000
  -47.1536

   13.8500
    5.0000

[runlim] sample:		1960.1 time, 680.5 real, 6399.6 MB


The neural network control system is safe
 13.60,13.85 is safeTrying 5.0000 and 1.0000
   13.8500
  -47.6308

   14.1000
    5.0000

[runlim] sample:		1989.6 time, 690.5 real, 6400.7 MB


The neural network control system is safe
 13.85,14.10 is safeTrying 5.0000 and 1.0000
   14.1000
  -48.1037

   14.3500
    5.0000

[runlim] sample:		2016.8 time, 700.5 real, 6409.3 MB


The neural network control system is safe
 14.10,14.35 is safeTrying 5.0000 and 1.0000
   14.3500
  -48.5724

   14.6000
    5.0000

[runlim] sample:		2038.7 time, 710.5 real, 6410.4 MB


The neural network control system is safe
 14.35,14.60 is safeTrying 5.0000 and 1.0000
   14.6000
  -49.0370

   14.8500
    5.0000

[runlim] sample:		2060.8 time, 720.5 real, 6412.4 MB


The neural network control system is safe
 14.60,14.85 is safeTrying 5.0000 and 1.0000
   14.8500
  -49.4977

   15.1000
    5.0000



The neural network control system is safe
 14.85,15.10 is safeTrying 5.0000 and 1.0000
   15.1000
  -49.9545

   15.3500
    5.0000

[runlim] sample:		2087.1 time, 730.5 real, 6413.7 MB


The neural network control system is safe
 15.10,15.35 is safeTrying 5.0000 and 1.0000
   15.3500
  -50.4076

   15.6000
    5.0000

[runlim] sample:		2115.7 time, 740.5 real, 6417.4 MB


The neural network control system is safe
 15.35,15.60 is safeTrying 5.0000 and 1.0000
   15.6000
  -50.8570

   15.8500
    5.0000

[runlim] sample:		2139.2 time, 750.5 real, 6468.5 MB


The neural network control system is safe
 15.60,15.85 is safeTrying 5.0000 and 1.0000
   15.8500
  -51.3028

   16.1000
    5.0000

[runlim] sample:		2161.6 time, 760.5 real, 6528.6 MB


The neural network control system is safe
 15.85,16.10 is safeTrying 5.0000 and 1.0000
   16.1000
  -51.7450

   16.3500
    5.0000



The neural network control system is safe
 16.10,16.35 is safeTrying 5.0000 and 1.0000
   16.3500
  -52.1839

   16.6000
    5.0000

[runlim] sample:		2184.1 time, 770.5 real, 6528.3 MB


The neural network control system is safe
 16.35,16.60 is safeTrying 5.0000 and 1.0000
   16.6000
  -52.6194

   16.8500
    5.0000

[runlim] sample:		2212.5 time, 780.5 real, 6528.3 MB


The neural network control system is safe
 16.60,16.85 is safeTrying 5.0000 and 1.0000
   16.8500
  -53.0517

   17.1000
    5.0000

[runlim] sample:		2239.0 time, 790.5 real, 6528.1 MB


The neural network control system is safe
 16.85,17.10 is safeTrying 5.0000 and 1.0000
   17.1000
  -53.4808

   17.3500
    5.0000

[runlim] sample:		2260.5 time, 800.5 real, 6528.2 MB


The neural network control system is safe
 17.10,17.35 is safeTrying 5.0000 and 1.0000
   17.3500
  -53.9067

   17.6000
    5.0000



The neural network control system is safe
 17.35,17.60 is safeTrying 5.0000 and 1.0000
   17.6000
  -54.3296

   17.8500
    5.0000

[runlim] sample:		2285.8 time, 810.5 real, 6528.2 MB


The neural network control system is safe
 17.60,17.85 is safeTrying 5.0000 and 1.0000
   17.8500
  -54.7495

   18.1000
    5.0000

[runlim] sample:		2313.9 time, 820.5 real, 6527.7 MB


The neural network control system is safe
 17.85,18.10 is safeTrying 5.0000 and 1.0000
   18.1000
  -55.1664

   18.3500
    5.0000

[runlim] sample:		2334.9 time, 830.5 real, 6527.7 MB


The neural network control system is safe
 18.10,18.35 is safeTrying 5.0000 and 1.0000
   18.3500
  -55.5805

   18.6000
    5.0000



The neural network control system is safe
 18.35,18.60 is safeTrying 5.0000 and 1.0000
   18.6000
  -55.9918

   18.8500
    5.0000

[runlim] sample:		2360.2 time, 840.5 real, 6527.7 MB


The neural network control system is safe
 18.60,18.85 is safeTrying 5.0000 and 1.0000
   18.8500
  -56.4003

   19.1000
    5.0000

[runlim] sample:		2388.5 time, 850.5 real, 6527.9 MB


The neural network control system is safe
 18.85,19.10 is safeTrying 5.0000 and 1.0000
   19.1000
  -56.8061

   19.3500
    5.0000

[runlim] sample:		2409.6 time, 860.5 real, 6528.2 MB


The neural network control system is safe
 19.10,19.35 is safeTrying 5.0000 and 1.0000
   19.3500
  -57.2093

   19.6000
    5.0000



The neural network control system is safe
 19.35,19.60 is safeTrying 5.0000 and 1.0000
   19.6000
  -57.6099

   19.8500
    5.0000

[runlim] sample:		2435.6 time, 870.5 real, 6539.6 MB


The neural network control system is safe
 19.60,19.85 is safeTrying 5.0000 and 1.0000
   19.8500
  -58.0079

   20.1000
    5.0000

[runlim] sample:		2463.7 time, 880.5 real, 6539.6 MB


The neural network control system is safe
 19.85,20.10 is safeTrying 5.0000 and 1.0000
   20.1000
  -58.4035

   20.3500
    5.0000

[runlim] sample:		2484.4 time, 890.5 real, 6539.6 MB


The neural network control system is safe
 20.10,20.35 is safeTrying 5.0000 and 1.0000
   20.3500
  -58.7966

   20.6000
    5.0000

[runlim] sample:		2505.6 time, 900.5 real, 6539.6 MB


The neural network control system is safe
 20.35,20.60 is safeTrying 5.0000 and 1.0000
   20.6000
  -59.1872

   20.8500
    5.0000



The neural network control system is safe
 20.60,20.85 is safeTrying 5.0000 and 1.0000
   20.8500
  -59.5755

   21.1000
    5.0000

[runlim] sample:		2526.2 time, 910.5 real, 6539.6 MB


The neural network control system is safe
 20.85,21.10 is safeTrying 5.0000 and 1.0000
   21.1000
  -59.9615

   21.3500
    5.0000

[runlim] sample:		2552.7 time, 920.5 real, 6539.6 MB


The neural network control system is safe
 21.10,21.35 is safeTrying 5.0000 and 1.0000
   21.3500
  -60.3452

   21.6000
    5.0000

[runlim] sample:		2579.0 time, 930.5 real, 6539.6 MB


The neural network control system is safe
 21.35,21.60 is safeTrying 5.0000 and 1.0000
   21.6000
  -60.7267

   21.8500
    5.0000

[runlim] sample:		2599.8 time, 940.5 real, 6539.6 MB


The neural network control system is safe
 21.60,21.85 is safeTrying 5.0000 and 1.0000
   21.8500
  -61.1060

   22.1000
    5.0000



The neural network control system is safe
 21.85,22.10 is safeTrying 5.0000 and 1.0000
   22.1000
  -61.4831

   22.3500
    5.0000

[runlim] sample:		2621.3 time, 950.5 real, 6539.7 MB


The neural network control system is safe
 22.10,22.35 is safeTrying 5.0000 and 1.0000
   22.3500
  -61.8581

   22.6000
    5.0000

[runlim] sample:		2649.7 time, 960.5 real, 6555.4 MB


The neural network control system is safe
 22.35,22.60 is safeTrying 5.0000 and 1.0000
   22.6000
  -62.2309

   22.8500
    5.0000

[runlim] sample:		2673.4 time, 970.5 real, 6555.4 MB


The neural network control system is safe
 22.60,22.85 is safeTrying 5.0000 and 1.0000
   22.8500
  -62.6018

   23.1000
    5.0000

[runlim] sample:		2693.6 time, 980.5 real, 6555.4 MB


The neural network control system is safe
 22.85,23.10 is safeTrying 5.0000 and 1.0000
   23.1000
  -62.9706

   23.3500
    5.0000



The neural network control system is safe
 23.10,23.35 is safeTrying 5.0000 and 1.0000
   23.3500
  -63.3374

   23.6000
    5.0000

[runlim] sample:		2715.9 time, 990.5 real, 6555.4 MB


The neural network control system is safe
 23.35,23.60 is safeTrying 5.0000 and 1.0000
   23.6000
  -63.7023

   23.8500
    5.0000

[runlim] sample:		2742.8 time, 1000.5 real, 6555.4 MB


The neural network control system is safe
 23.60,23.85 is safeTrying 5.0000 and 1.0000
   23.8500
  -64.0652

   24.1000
    5.0000

[runlim] sample:		2767.6 time, 1010.5 real, 6555.4 MB


The neural network control system is safe
 23.85,24.10 is safeTrying 5.0000 and 1.0000
   24.1000
  -64.4262

   24.3500
    5.0000

[runlim] sample:		2788.2 time, 1020.5 real, 6555.5 MB


The neural network control system is safe
 24.10,24.35 is safeTrying 5.0000 and 1.0000
   24.3500
  -64.7854

   24.6000
    5.0000



The neural network control system is safe
 24.35,24.60 is safeTrying 5.0000 and 1.0000
   24.6000
  -65.1427

   24.8500
    5.0000

[runlim] sample:		2811.8 time, 1030.5 real, 6555.7 MB


The neural network control system is safe
 24.60,24.85 is safeTrying 5.0000 and 1.0000
   24.8500
  -65.4982

   25.1000
    5.0000

[runlim] sample:		2840.3 time, 1040.5 real, 6555.7 MB


The neural network control system is safe
 24.85,25.10 is safeTrying 5.0000 and 1.0000
   25.1000
  -65.8520

   25.3500
    5.0000

[runlim] sample:		2862.9 time, 1050.5 real, 6561.2 MB


The neural network control system is safe
 25.10,25.35 is safeTrying 5.0000 and 1.0000
   25.3500
  -66.2039

   25.6000
    5.0000

[runlim] sample:		2883.2 time, 1060.5 real, 6561.2 MB


The neural network control system is safe
 25.35,25.60 is safeTrying 5.0000 and 1.0000
   25.6000
  -66.5542

   25.8500
    5.0000



The neural network control system is safe
 25.60,25.85 is safeTrying 5.0000 and 1.0000
   25.8500
  -66.9027

   26.1000
    5.0000

[runlim] sample:		2909.0 time, 1070.5 real, 6561.7 MB


The neural network control system is safe
 25.85,26.10 is safeTrying 5.0000 and 1.0000
   26.1000
  -67.2496

   26.3500
    5.0000

[runlim] sample:		2936.9 time, 1080.5 real, 6565.3 MB


The neural network control system is safe
 26.10,26.35 is safeTrying 5.0000 and 1.0000
   26.3500
  -67.5948

   26.6000
    5.0000

[runlim] sample:		2957.6 time, 1090.5 real, 6565.3 MB


The neural network control system is safe
 26.35,26.60 is safeTrying 5.0000 and 1.0000
   26.6000
  -67.9383

   26.8500
    5.0000

[runlim] sample:		2978.6 time, 1100.5 real, 6567.9 MB


The neural network control system is safe
 26.60,26.85 is safeTrying 5.0000 and 1.0000
   26.8500
  -68.2803

   27.1000
    5.0000



The neural network control system is safe
 26.85,27.10 is safeTrying 5.0000 and 1.0000
   27.1000
  -68.6206

   27.3500
    5.0000

[runlim] sample:		3002.0 time, 1110.5 real, 6569.7 MB


The neural network control system is safe
 27.10,27.35 is safeTrying 5.0000 and 1.0000
   27.3500
  -68.9594

   27.6000
    5.0000

[runlim] sample:		3027.0 time, 1120.5 real, 6569.7 MB


The neural network control system is safe
 27.35,27.60 is safeTrying 5.0000 and 1.0000
   27.6000
  -69.2967

   27.8500
    5.0000

[runlim] sample:		3052.8 time, 1130.5 real, 6569.7 MB


The neural network control system is safe
 27.60,27.85 is safeTrying 5.0000 and 1.0000
   27.8500
  -69.6324

   28.1000
    5.0000

[runlim] sample:		3073.7 time, 1140.5 real, 6569.7 MB


The neural network control system is safe
 27.85,28.10 is safeTrying 5.0000 and 1.0000
   28.1000
  -69.9667

   28.3500
    5.0000

[runlim] sample:		3094.0 time, 1150.5 real, 6569.7 MB


The neural network control system is safe
 28.10,28.35 is safeTrying 5.0000 and 1.0000
   28.3500
  -70.2994

   28.6000
    5.0000



The neural network control system is safe
 28.35,28.60 is safeTrying 5.0000 and 1.0000
   28.6000
  -70.6307

   28.8500
    5.0000

[runlim] sample:		3114.8 time, 1160.5 real, 6569.7 MB


The neural network control system is safe
 28.60,28.85 is safeTrying 5.0000 and 1.0000
   28.8500
  -70.9605

   29.1000
    5.0000

[runlim] sample:		3137.8 time, 1170.5 real, 6569.7 MB


The neural network control system is safe
 28.85,29.10 is safeTrying 5.0000 and 1.0000
   29.1000
  -71.2889

   29.3500
    5.0000

[runlim] sample:		3167.5 time, 1180.5 real, 6592.7 MB


The neural network control system is safe
 29.10,29.35 is safeTrying 5.0000 and 1.0000
   29.3500
  -71.6159

   29.6000
    5.0000

[runlim] sample:		3188.5 time, 1190.5 real, 6615.0 MB


The neural network control system is safe
 29.35,29.60 is safeTrying 5.0000 and 1.0000
   29.6000
  -71.9415

   29.8500
    5.0000

[runlim] sample:		3210.0 time, 1200.5 real, 6626.3 MB


The neural network control system is safe
 29.60,29.85 is safeTrying 5.0000 and 1.0000
   29.8500
  -72.2658

   30.1000
    5.0000

[runlim] sample:		3230.4 time, 1210.5 real, 6626.3 MB


The neural network control system is safe
 29.85,30.10 is safeTrying 5.0000 and 1.0000
   30.1000
  -72.5887

   30.3500
    5.0000



The neural network control system is safe
 30.10,30.35 is safeTrying 5.0000 and 1.0000
   30.3500
  -72.9102

   30.6000
    5.0000

[runlim] sample:		3256.5 time, 1220.5 real, 6628.6 MB


The neural network control system is safe
 30.35,30.60 is safeTrying 5.0000 and 1.0000
   30.6000
  -73.2304

   30.8500
    5.0000

[runlim] sample:		3283.1 time, 1230.5 real, 6628.6 MB


The neural network control system is safe
 30.60,30.85 is safeTrying 5.0000 and 1.0000
   30.8500
  -73.5493

   31.1000
    5.0000

[runlim] sample:		3303.6 time, 1240.5 real, 6628.7 MB


The neural network control system is safe
 30.85,31.10 is safeTrying 5.0000 and 1.0000
   31.1000
  -73.8670

   31.3500
    5.0000

[runlim] sample:		3326.1 time, 1250.5 real, 6629.0 MB


The neural network control system is safe
 31.10,31.35 is safeTrying 5.0000 and 1.0000
   31.3500
  -74.1833

   31.6000
    5.0000



The neural network control system is safe
 31.35,31.60 is safeTrying 5.0000 and 1.0000
   31.6000
  -74.4984

   31.8500
    5.0000

[runlim] sample:		3354.9 time, 1260.5 real, 6630.7 MB


The neural network control system is safe
 31.60,31.85 is safeTrying 5.0000 and 1.0000
   31.8500
  -74.8123

   32.1000
    5.0000

[runlim] sample:		3382.4 time, 1270.5 real, 6630.7 MB


The neural network control system is safe
 31.85,32.10 is safeTrying 5.0000 and 1.0000
   32.1000
  -75.1249

   32.3500
    5.0000

[runlim] sample:		3403.4 time, 1280.5 real, 6636.9 MB


The neural network control system is safe
 32.10,32.35 is safeTrying 5.0000 and 1.0000
   32.3500
  -75.4363

   32.6000
    5.0000

[runlim] sample:		3423.9 time, 1290.5 real, 6636.9 MB


The neural network control system is safe
 32.35,32.60 is safeTrying 5.0000 and 1.0000
   32.6000
  -75.7465

   32.8500
    5.0000



The neural network control system is safe
 32.60,32.85 is safeTrying 5.0000 and 1.0000
   32.8500
  -76.0555

   33.1000
    5.0000

[runlim] sample:		3448.4 time, 1300.5 real, 6647.6 MB


The neural network control system is safe
 32.85,33.10 is safeTrying 5.0000 and 1.0000
   33.1000
  -76.3634

   33.3500
    5.0000

[runlim] sample:		3472.0 time, 1310.5 real, 6647.6 MB


The neural network control system is safe
 33.10,33.35 is safeTrying 5.0000 and 1.0000
   33.3500
  -76.6701

   33.6000
    5.0000

[runlim] sample:		3494.5 time, 1320.5 real, 6647.6 MB


The neural network control system is safe
 33.35,33.60 is safeTrying 5.0000 and 1.0000
   33.6000
  -76.9756

   33.8500
    5.0000

[runlim] sample:		3514.6 time, 1330.5 real, 6647.6 MB


The neural network control system is safe
 33.60,33.85 is safeTrying 5.0000 and 1.0000
   33.8500
  -77.2800

   34.1000
    5.0000



The neural network control system is safe
 33.85,34.10 is safeTrying 5.0000 and 1.0000
   34.1000
  -77.5833

   34.3500
    5.0000

[runlim] sample:		3539.5 time, 1340.5 real, 6660.0 MB


The neural network control system is safe
 34.10,34.35 is safeTrying 5.0000 and 1.0000
   34.3500
  -77.8855

   34.6000
    5.0000

[runlim] sample:		3565.0 time, 1350.5 real, 6660.0 MB


The neural network control system is safe
 34.35,34.60 is safeTrying 5.0000 and 1.0000
   34.6000
  -78.1865

   34.8500
    5.0000

[runlim] sample:		3585.2 time, 1360.5 real, 6660.0 MB


The neural network control system is safe
 34.60,34.85 is safeTrying 5.0000 and 1.0000
   34.8500
  -78.4865

   35.1000
    5.0000

[runlim] sample:		3605.1 time, 1370.5 real, 6660.0 MB


The neural network control system is safe
 34.85,35.10 is safeTrying 5.0000 and 1.0000
   35.1000
  -78.7854

   35.3500
    5.0000

[runlim] sample:		3625.3 time, 1380.5 real, 6660.0 MB


The neural network control system is safe
 35.10,35.35 is safeTrying 5.0000 and 1.0000
   35.3500
  -79.0833

   35.6000
    5.0000



The neural network control system is safe
 35.35,35.60 is safeTrying 5.0000 and 1.0000
   35.6000
  -79.3801

   35.8500
    5.0000

[runlim] sample:		3649.1 time, 1390.5 real, 6660.2 MB


The neural network control system is safe
 35.60,35.85 is safeTrying 5.0000 and 1.0000
   35.8500
  -79.6759

   36.1000
    5.0000

[runlim] sample:		3678.8 time, 1400.5 real, 6660.7 MB


The neural network control system is safe
 35.85,36.10 is safeTrying 5.0000 and 1.0000
   36.1000
  -79.9706

   36.3500
    5.0000

[runlim] sample:		3701.1 time, 1410.5 real, 6660.7 MB


The neural network control system is safe
 36.10,36.35 is safeTrying 5.0000 and 1.0000
   36.3500
  -80.2643

   36.6000
    5.0000

[runlim] sample:		3721.1 time, 1420.5 real, 6660.7 MB


The neural network control system is safe
 36.35,36.60 is safeTrying 5.0000 and 1.0000
   36.6000
  -80.5570

   36.8500
    5.0000

[runlim] sample:		3740.9 time, 1430.5 real, 6660.7 MB


The neural network control system is safe
 36.60,36.85 is safeTrying 5.0000 and 1.0000
   36.8500
  -80.8487

   37.1000
    5.0000



The neural network control system is safe
 36.85,37.10 is safeTrying 5.0000 and 1.0000
   37.1000
  -81.1394

   37.3500
    5.0000

[runlim] sample:		3764.5 time, 1440.5 real, 6660.7 MB


The neural network control system is safe
 37.10,37.35 is safeTrying 5.0000 and 1.0000
   37.3500
  -81.4292

   37.6000
    5.0000

[runlim] sample:		3791.8 time, 1450.5 real, 6660.7 MB


The neural network control system is safe
 37.35,37.60 is safeTrying 5.0000 and 1.0000
   37.6000
  -81.7179

   37.8500
    5.0000

[runlim] sample:		3812.1 time, 1460.5 real, 6660.7 MB


The neural network control system is safe
 37.60,37.85 is safeTrying 5.0000 and 1.0000
   37.8500
  -82.0057

   38.1000
    5.0000

[runlim] sample:		3831.9 time, 1470.5 real, 6660.7 MB


The neural network control system is safe
 37.85,38.10 is safeTrying 5.0000 and 1.0000
   38.1000
  -82.2926

   38.3500
    5.0000



The neural network control system is safe
 38.10,38.35 is safeTrying 5.0000 and 1.0000
   38.3500
  -82.5785

   38.6000
    5.0000

[runlim] sample:		3853.6 time, 1480.5 real, 6660.7 MB


The neural network control system is safe
 38.35,38.60 is safeTrying 5.0000 and 1.0000
   38.6000
  -82.8635

   38.8500
    5.0000

[runlim] sample:		3880.2 time, 1490.5 real, 6660.7 MB


The neural network control system is safe
 38.60,38.85 is safeTrying 5.0000 and 1.0000
   38.8500
  -83.1476

   39.1000
    5.0000

[runlim] sample:		3902.1 time, 1500.5 real, 6660.7 MB


The neural network control system is safe
 38.85,39.10 is safeTrying 5.0000 and 1.0000
   39.1000
  -83.4308

   39.3500
    5.0000

[runlim] sample:		3922.1 time, 1510.5 real, 6660.9 MB


The neural network control system is safe
 39.10,39.35 is safeTrying 5.0000 and 1.0000
   39.3500
  -83.7130

   39.6000
    5.0000



The neural network control system is safe
 39.35,39.60 is safeTrying 5.0000 and 1.0000
   39.6000
  -83.9944

   39.8500
    5.0000

[runlim] sample:		3943.4 time, 1520.5 real, 6660.9 MB


The neural network control system is safe
 39.60,39.85 is safeTrying 5.0000 and 1.0000
   39.8500
  -84.2749

   40.1000
    5.0000

[runlim] sample:		3968.3 time, 1530.5 real, 6660.9 MB


The neural network control system is safe
 39.85,40.10 is safeTrying 5.0000 and 1.0000
   40.1000
  -84.5545

   40.3500
    5.0000

[runlim] sample:		3991.7 time, 1540.5 real, 6660.9 MB


The neural network control system is safe
 40.10,40.35 is safeTrying 5.0000 and 1.0000
   40.3500
  -84.8332

   40.6000
    5.0000

[runlim] sample:		4011.4 time, 1550.5 real, 6660.9 MB


The neural network control system is safe
 40.35,40.60 is safeTrying 5.0000 and 1.0000
   40.6000
  -85.1110

   40.8500
    5.0000



The neural network control system is safe
 40.60,40.85 is safeTrying 5.0000 and 1.0000
   40.8500
  -85.3881

   41.1000
    5.0000

[runlim] sample:		4031.8 time, 1560.5 real, 6660.9 MB


The neural network control system is safe
 40.85,41.10 is safeTrying 5.0000 and 1.0000
   41.1000
  -85.6642

   41.3500
    5.0000

[runlim] sample:		4057.0 time, 1570.5 real, 6660.9 MB


The neural network control system is safe
 41.10,41.35 is safeTrying 5.0000 and 1.0000
   41.3500
  -85.9395

   41.6000
    5.0000

[runlim] sample:		4082.1 time, 1580.5 real, 6660.9 MB


The neural network control system is safe
 41.35,41.60 is safeTrying 5.0000 and 1.0000
   41.6000
  -86.2140

   41.8500
    5.0000

[runlim] sample:		4102.1 time, 1590.5 real, 6695.7 MB


The neural network control system is safe
 41.60,41.85 is safeTrying 5.0000 and 1.0000
   41.8500
  -86.4877

   42.1000
    5.0000

[runlim] sample:		4122.5 time, 1600.5 real, 6695.7 MB


The neural network control system is safe
 41.85,42.10 is safeTrying 5.0000 and 1.0000
   42.1000
  -86.7606

   42.3500
    5.0000



The neural network control system is safe
 42.10,42.35 is safeTrying 5.0000 and 1.0000
   42.3500
  -87.0326

   42.6000
    5.0000

[runlim] sample:		4143.3 time, 1610.5 real, 6695.7 MB


The neural network control system is safe
 42.35,42.60 is safeTrying 5.0000 and 1.0000
   42.6000
  -87.3038

   42.8500
    5.0000

[runlim] sample:		4170.7 time, 1620.5 real, 6731.2 MB


The neural network control system is safe
 42.60,42.85 is safeTrying 5.0000 and 1.0000
   42.8500
  -87.5743

   43.1000
    5.0000

[runlim] sample:		4193.1 time, 1630.5 real, 6731.2 MB


The neural network control system is safe
 42.85,43.10 is safeTrying 5.0000 and 1.0000
   43.1000
  -87.8440

   43.3500
    5.0000

[runlim] sample:		4213.1 time, 1640.5 real, 6731.2 MB


The neural network control system is safe
 43.10,43.35 is safeTrying 5.0000 and 1.0000
   43.3500
  -88.1128

   43.6000
    5.0000

[runlim] sample:		4233.1 time, 1650.5 real, 6731.2 MB


The neural network control system is safe
 43.35,43.60 is safeTrying 5.0000 and 1.0000
   43.6000
  -88.3809

   43.8500
    5.0000

[runlim] sample:		4253.1 time, 1660.5 real, 6731.2 MB


The neural network control system is safe
 43.60,43.85 is safeTrying 5.0000 and 1.0000
   43.8500
  -88.6483

   44.1000
    5.0000



The neural network control system is safe
 43.85,44.10 is safeTrying 5.0000 and 1.0000
   44.1000
  -88.9149

   44.3500
    5.0000

[runlim] sample:		4273.3 time, 1670.5 real, 6731.2 MB


The neural network control system is safe
 44.10,44.35 is safeTrying 5.0000 and 1.0000
   44.3500
  -89.1807

   44.6000
    5.0000

[runlim] sample:		4298.3 time, 1680.5 real, 6731.2 MB


The neural network control system is safe
 44.35,44.60 is safeTrying 5.0000 and 1.0000
   44.6000
  -89.4458

   44.8500
    5.0000

[runlim] sample:		4323.7 time, 1690.5 real, 6731.2 MB


The neural network control system is safe
 44.60,44.85 is safeTrying 5.0000 and 1.0000
   44.8500
  -89.7101

   45.1000
    5.0000

[runlim] sample:		4343.6 time, 1700.5 real, 6731.2 MB


The neural network control system is safe
 44.85,45.10 is safeTrying 5.0000 and 1.0000
   45.1000
  -89.9737

   45.3500
    5.0000

[runlim] sample:		4363.3 time, 1710.5 real, 6731.2 MB


The neural network control system is safe
 45.10,45.35 is safeTrying 5.0000 and 1.0000
   45.3500
  -90.2365

   45.6000
    5.0000

[runlim] sample:		4382.9 time, 1720.5 real, 6731.2 MB


The neural network control system is safe
 45.35,45.60 is safeTrying 5.0000 and 1.0000
   45.6000
  -90.4987

   45.8500
    5.0000

[runlim] sample:		4402.7 time, 1730.5 real, 6731.2 MB


The neural network control system is safe
 45.60,45.85 is safeTrying 5.0000 and 1.0000
   45.8500
  -90.7601

   46.1000
    5.0000



The neural network control system is safe
 45.85,46.10 is safeTrying 5.0000 and 1.0000
   46.1000
  -91.0208

   46.3500
    5.0000

[runlim] sample:		4425.0 time, 1740.5 real, 6731.2 MB


The neural network control system is safe
 46.10,46.35 is safeTrying 5.0000 and 1.0000
   46.3500
  -91.2808

   46.6000
    5.0000

[runlim] sample:		4451.3 time, 1750.5 real, 6731.2 MB


The neural network control system is safe
 46.35,46.60 is safeTrying 5.0000 and 1.0000
   46.6000
  -91.5401

   46.8500
    5.0000

[runlim] sample:		4472.2 time, 1760.5 real, 6731.2 MB


The neural network control system is safe
 46.60,46.85 is safeTrying 5.0000 and 1.0000
   46.8500
  -91.7988

   47.1000
    5.0000

[runlim] sample:		4492.1 time, 1770.5 real, 6731.2 MB


The neural network control system is safe
 46.85,47.10 is safeTrying 5.0000 and 1.0000
   47.1000
  -92.0567

   47.3500
    5.0000

[runlim] sample:		4511.7 time, 1780.5 real, 6731.2 MB


The neural network control system is safe
 47.10,47.35 is safeTrying 5.0000 and 1.0000
   47.3500
  -92.3139

   47.6000
    5.0000

[runlim] sample:		4531.8 time, 1790.5 real, 6731.4 MB


The neural network control system is safe
 47.35,47.60 is safeTrying 5.0000 and 1.0000
   47.6000
  -92.5705

   47.8500
    5.0000

[runlim] sample:		4551.4 time, 1800.5 real, 6731.7 MB


The neural network control system is safe
 47.60,47.85 is safeTrying 5.0000 and 1.0000
   47.8500
  -92.8264

   48.1000
    5.0000



The neural network control system is safe
 47.85,48.10 is safeTrying 5.0000 and 1.0000
   48.1000
  -93.0816

   48.3500
    5.0000

[runlim] sample:		4573.9 time, 1810.5 real, 6731.8 MB


The neural network control system is safe
 48.10,48.35 is safeTrying 5.0000 and 1.0000
   48.3500
  -93.3362

   48.6000
    5.0000

[runlim] sample:		4598.8 time, 1820.5 real, 6731.8 MB


The neural network control system is safe
 48.35,48.60 is safeTrying 5.0000 and 1.0000
   48.6000
  -93.5901

   48.8500
    5.0000

[runlim] sample:		4621.5 time, 1830.5 real, 6731.8 MB


The neural network control system is safe
 48.60,48.85 is safeTrying 5.0000 and 1.0000
   48.8500
  -93.8433

   49.1000
    5.0000

[runlim] sample:		4641.8 time, 1840.5 real, 6731.8 MB


The neural network control system is safe
 48.85,49.10 is safeTrying 5.0000 and 1.0000
   49.1000
  -94.0959

   49.3500
    5.0000

[runlim] sample:		4661.9 time, 1850.5 real, 6731.9 MB


The neural network control system is safe
 49.10,49.35 is safeTrying 5.0000 and 1.0000
   49.3500
  -94.3479

   49.6000
    5.0000

[runlim] sample:		4681.9 time, 1860.5 real, 6731.9 MB


The neural network control system is safe
 49.35,49.60 is safeTrying 5.0000 and 1.0000
   49.6000
  -94.5992

   49.8500
    5.0000

[runlim] sample:		4702.5 time, 1870.5 real, 6731.9 MB


The neural network control system is safe
 49.60,49.85 is safeTrying 5.0000 and 1.0000
   49.8500
  -94.8499

   50.1000
    5.0000

[runlim] sample:		4722.8 time, 1880.5 real, 6731.9 MB


The neural network control system is safe
 49.85,50.10 is safeTrying 5.0000 and 1.0000
   50.1000
  -95.1000

   50.3500
    5.0000

[runlim] sample:		4743.1 time, 1890.5 real, 6731.9 MB


The neural network control system is safe
 50.10,50.35 is safeTrying 5.0000 and 1.0000
   50.3500
  -95.3494

   50.6000
    5.0000

[runlim] sample:		4763.2 time, 1900.5 real, 6731.9 MB


The neural network control system is safe
 50.35,50.60 is safeTrying 5.0000 and 1.0000
   50.6000
  -95.5982

   50.8500
    5.0000



The neural network control system is safe
 50.60,50.85 is safeTrying 5.0000 and 1.0000
   50.8500
  -95.8464

   51.1000
    5.0000

[runlim] sample:		4785.5 time, 1910.5 real, 6731.9 MB


The neural network control system is safe
 50.85,51.10 is safeTrying 5.0000 and 1.0000
   51.1000
  -96.0940

   51.3500
    5.0000

[runlim] sample:		4811.1 time, 1920.5 real, 6745.6 MB


The neural network control system is safe
 51.10,51.35 is safeTrying 5.0000 and 1.0000
   51.3500
  -96.3410

   51.6000
    5.0000

[runlim] sample:		4833.3 time, 1930.5 real, 6745.6 MB


The neural network control system is safe
 51.35,51.60 is safeTrying 5.0000 and 1.0000
   51.6000
  -96.5874

   51.8500
    5.0000

[runlim] sample:		4853.0 time, 1940.5 real, 6745.6 MB


The neural network control system is safe
 51.60,51.85 is safeTrying 5.0000 and 1.0000
   51.8500
  -96.8332

   52.1000
    5.0000

[runlim] sample:		4872.5 time, 1950.5 real, 6753.4 MB


The neural network control system is safe
 51.85,52.10 is safeTrying 5.0000 and 1.0000
   52.1000
  -97.0784

   52.3500
    5.0000

[runlim] sample:		4892.6 time, 1960.5 real, 6753.4 MB


The neural network control system is safe
 52.10,52.35 is safeTrying 5.0000 and 1.0000
   52.3500
  -97.3230

   52.6000
    5.0000



The neural network control system is safe
 52.35,52.60 is safeTrying 5.0000 and 1.0000
   52.6000
  -97.5671

   52.8500
    5.0000

[runlim] sample:		4917.0 time, 1970.5 real, 6753.4 MB


The neural network control system is safe
 52.60,52.85 is safeTrying 5.0000 and 1.0000
   52.8500
  -97.8105

   53.1000
    5.0000

[runlim] sample:		4937.9 time, 1980.5 real, 6753.4 MB


The neural network control system is safe
 52.85,53.10 is safeTrying 5.0000 and 1.0000
   53.1000
  -98.0534

   53.3500
    5.0000

[runlim] sample:		4962.0 time, 1990.5 real, 6753.9 MB


The neural network control system is safe
 53.10,53.35 is safeTrying 5.0000 and 1.0000
   53.3500
  -98.2957

   53.6000
    5.0000

[runlim] sample:		4982.3 time, 2000.5 real, 6753.9 MB


The neural network control system is safe
 53.35,53.60 is safeTrying 5.0000 and 1.0000
   53.6000
  -98.5374

   53.8500
    5.0000

[runlim] sample:		5001.1 time, 2010.5 real, 6754.0 MB


The neural network control system is safe
 53.60,53.85 is safeTrying 5.0000 and 1.0000
   53.8500
  -98.7786

   54.1000
    5.0000

[runlim] sample:		5022.6 time, 2020.5 real, 6754.0 MB


The neural network control system is safe
 53.85,54.10 is safeTrying 5.0000 and 1.0000
   54.1000
  -99.0192

   54.3500
    5.0000

[runlim] sample:		5042.9 time, 2030.5 real, 6754.0 MB


The neural network control system is safe
 54.10,54.35 is safeTrying 5.0000 and 1.0000
   54.3500
  -99.2593

   54.6000
    5.0000

[runlim] sample:		5062.6 time, 2040.5 real, 6754.0 MB


The neural network control system is safe
 54.35,54.60 is safeTrying 5.0000 and 1.0000
   54.6000
  -99.4988

   54.8500
    5.0000

[runlim] sample:		5082.2 time, 2050.5 real, 6754.0 MB


The neural network control system is safe
 54.60,54.85 is safeTrying 5.0000 and 1.0000
   54.8500
  -99.7378

   55.1000
    5.0000

[runlim] sample:		5101.8 time, 2060.5 real, 6754.0 MB


The neural network control system is safe
 54.85,55.10 is safeTrying 5.0000 and 1.0000
   55.1000
  -99.9762

   55.3500
    5.0000

[runlim] sample:		5121.8 time, 2070.5 real, 6754.5 MB


The neural network control system is safe
 55.10,55.35 is safeTrying 5.0000 and 1.0000
   55.3500
 -100.2141

   55.6000
    5.0000

[runlim] sample:		5141.2 time, 2080.5 real, 6754.5 MB


The neural network control system is safe
 55.35,55.60 is safeTrying 5.0000 and 1.0000
   55.6000
 -100.4514

   55.8500
    5.0000

[runlim] sample:		5161.1 time, 2090.5 real, 6754.5 MB


The neural network control system is safe
 55.60,55.85 is safeTrying 5.0000 and 1.0000
   55.8500
 -100.6882

   56.1000
    5.0000



The neural network control system is safe
 55.85,56.10 is safeTrying 5.0000 and 1.0000
   56.1000
 -100.9245

   56.3500
    5.0000

[runlim] sample:		5185.3 time, 2100.5 real, 6754.5 MB


The neural network control system is safe
 56.10,56.35 is safeTrying 5.0000 and 1.0000
   56.3500
 -101.1603

   56.6000
    5.0000

[runlim] sample:		5209.3 time, 2110.5 real, 6754.5 MB


The neural network control system is safe
 56.35,56.60 is safeTrying 5.0000 and 1.0000
   56.6000
 -101.3955

   56.8500
    5.0000

[runlim] sample:		5228.5 time, 2120.5 real, 6754.5 MB


The neural network control system is safe
 56.60,56.85 is safeTrying 5.0000 and 1.0000
   56.8500
 -101.6302

   57.1000
    5.0000

[runlim] sample:		5248.0 time, 2130.5 real, 6754.5 MB


The neural network control system is safe
 56.85,57.10 is safeTrying 5.0000 and 1.0000
   57.1000
 -101.8644

   57.3500
    5.0000

[runlim] sample:		5267.5 time, 2140.5 real, 6754.5 MB


The neural network control system is safe
 57.10,57.35 is safeTrying 5.0000 and 1.0000
   57.3500
 -102.0981

   57.6000
    5.0000



The neural network control system is safe
 57.35,57.60 is safeTrying 5.0000 and 1.0000
   57.6000
 -102.3313

   57.8500
    5.0000

[runlim] sample:		5286.8 time, 2150.5 real, 6754.5 MB


The neural network control system is safe
 57.60,57.85 is safeTrying 5.0000 and 1.0000
   57.8500
 -102.5639

   58.1000
    5.0000

[runlim] sample:		5311.9 time, 2160.5 real, 6754.6 MB


The neural network control system is safe
 57.85,58.10 is safeTrying 5.0000 and 1.0000
   58.1000
 -102.7961

   58.3500
    5.0000

[runlim] sample:		5335.0 time, 2170.5 real, 6754.6 MB


The neural network control system is safe
 58.10,58.35 is safeTrying 5.0000 and 1.0000
   58.3500
 -103.0278

   58.6000
    5.0000

[runlim] sample:		5354.2 time, 2180.5 real, 6754.7 MB


The neural network control system is safe
 58.35,58.60 is safeTrying 5.0000 and 1.0000
   58.6000
 -103.2589

   58.8500
    5.0000

[runlim] sample:		5373.4 time, 2190.5 real, 6754.7 MB


The neural network control system is safe
 58.60,58.85 is safeTrying 5.0000 and 1.0000
   58.8500
 -103.4896

   59.1000
    5.0000



The neural network control system is safe
 58.85,59.10 is safeTrying 5.0000 and 1.0000
   59.1000
 -103.7198

   59.3500
    5.0000

[runlim] sample:		5395.1 time, 2200.5 real, 6755.4 MB


The neural network control system is safe
 59.10,59.35 is safeTrying 5.0000 and 1.0000
   59.3500
 -103.9495

   59.6000
    5.0000

[runlim] sample:		5420.9 time, 2210.5 real, 6755.4 MB


The neural network control system is safe
 59.35,59.60 is safeTrying 5.0000 and 1.0000
   59.6000
 -104.1788

   59.8500
    5.0000

[runlim] sample:		5440.2 time, 2220.5 real, 6755.4 MB


The neural network control system is safe
 59.60,59.85 is safeTrying 5.0000 and 1.0000
   59.8500
 -104.4075

   60.1000
    5.0000

[runlim] sample:		5459.6 time, 2230.5 real, 6755.4 MB


The neural network control system is safe
 59.85,60.10 is safeTrying 5.0000 and 1.0000
   60.1000
 -104.6358

   60.3500
    5.0000

[runlim] sample:		5478.8 time, 2240.5 real, 6755.6 MB


The neural network control system is safe
 60.10,60.35 is safeTrying 5.0000 and 1.0000
   60.3500
 -104.8636

   60.6000
    5.0000



The neural network control system is safe
 60.35,60.60 is safeTrying 5.0000 and 1.0000
   60.6000
 -105.0909

   60.8500
    5.0000

[runlim] sample:		5502.2 time, 2250.5 real, 6755.6 MB


The neural network control system is safe
 60.60,60.85 is safeTrying 5.0000 and 1.0000
   60.8500
 -105.3177

   61.1000
    5.0000

[runlim] sample:		5526.6 time, 2260.5 real, 6755.6 MB


The neural network control system is safe
 60.85,61.10 is safeTrying 5.0000 and 1.0000
   61.1000
 -105.5441

   61.3500
    5.0000

[runlim] sample:		5545.7 time, 2270.5 real, 6755.6 MB


The neural network control system is safe
 61.10,61.35 is safeTrying 5.0000 and 1.0000
   61.3500
 -105.7700

   61.6000
    5.0000

[runlim] sample:		5565.2 time, 2280.5 real, 6755.6 MB


The neural network control system is safe
 61.35,61.60 is safeTrying 5.0000 and 1.0000
   61.6000
 -105.9955

   61.8500
    5.0000

[runlim] sample:		5584.4 time, 2290.5 real, 6755.6 MB


The neural network control system is safe
 61.60,61.85 is safeTrying 5.0000 and 1.0000
   61.8500
 -106.2205

   62.1000
    5.0000



The neural network control system is safe
 61.85,62.10 is safeTrying 5.0000 and 1.0000
   62.1000
 -106.4451

   62.3500
    5.0000

[runlim] sample:		5608.7 time, 2300.5 real, 6755.6 MB


The neural network control system is safe
 62.10,62.35 is safeTrying 5.0000 and 1.0000
   62.3500
 -106.6692

   62.6000
    5.0000

[runlim] sample:		5632.3 time, 2310.5 real, 6755.6 MB


The neural network control system is safe
 62.35,62.60 is safeTrying 5.0000 and 1.0000
   62.6000
 -106.8928

   62.8500
    5.0000

[runlim] sample:		5651.6 time, 2320.5 real, 6755.7 MB


The neural network control system is safe
 62.60,62.85 is safeTrying 5.0000 and 1.0000
   62.8500
 -107.1160

   63.1000
    5.0000

[runlim] sample:		5670.9 time, 2330.5 real, 6755.7 MB


The neural network control system is safe
 62.85,63.10 is safeTrying 5.0000 and 1.0000
   63.1000
 -107.3388

   63.3500
    5.0000



The neural network control system is safe
 63.10,63.35 is safeTrying 5.0000 and 1.0000
   63.3500
 -107.5611

   63.6000
    5.0000

[runlim] sample:		5690.4 time, 2340.5 real, 6755.7 MB


The neural network control system is safe
 63.35,63.60 is safeTrying 5.0000 and 1.0000
   63.6000
 -107.7830

   63.8500
    5.0000

[runlim] sample:		5714.3 time, 2350.5 real, 6755.7 MB


The neural network control system is safe
 63.60,63.85 is safeTrying 5.0000 and 1.0000
   63.8500
 -108.0044

   64.1000
    5.0000

[runlim] sample:		5735.5 time, 2360.5 real, 6755.7 MB


The neural network control system is safe
 63.85,64.10 is safeTrying 5.0000 and 1.0000
   64.1000
 -108.2254

   64.3500
    5.0000

[runlim] sample:		5757.4 time, 2370.5 real, 6755.7 MB


The neural network control system is safe
 64.10,64.35 is safeTrying 5.0000 and 1.0000
   64.3500
 -108.4460

   64.6000
    5.0000

[runlim] sample:		5777.5 time, 2380.5 real, 6755.7 MB


The neural network control system is safe
 64.35,64.60 is safeTrying 5.0000 and 1.0000
   64.6000
 -108.6662

   64.8500
    5.0000

[runlim] sample:		5794.4 time, 2390.5 real, 6755.7 MB


The neural network control system is safe
 64.60,64.85 is safeTrying 5.0000 and 1.0000
   64.8500
 -108.8859

   65.1000
    5.0000

[runlim] sample:		5814.3 time, 2400.5 real, 6755.7 MB


The neural network control system is safe
 64.85,65.10 is safeTrying 5.0000 and 1.0000
   65.1000
 -109.1052

   65.3500
    5.0000

[runlim] sample:		5836.2 time, 2410.5 real, 6767.4 MB


The neural network control system is safe
 65.10,65.35 is safeTrying 5.0000 and 1.0000
   65.3500
 -109.3241

   65.6000
    5.0000

[runlim] sample:		5855.7 time, 2420.5 real, 6767.4 MB


The neural network control system is safe
 65.35,65.60 is safeTrying 5.0000 and 1.0000
   65.6000
 -109.5426

   65.8500
    5.0000

[runlim] sample:		5875.2 time, 2430.5 real, 6767.4 MB


The neural network control system is safe
 65.60,65.85 is safeTrying 5.0000 and 1.0000
   65.8500
 -109.7606

   66.1000
    5.0000

[runlim] sample:		5895.4 time, 2440.5 real, 6767.4 MB


The neural network control system is safe
 65.85,66.10 is safeTrying 5.0000 and 1.0000
   66.1000
 -109.9783

   66.3500
    5.0000

[runlim] sample:		5915.0 time, 2450.5 real, 6767.4 MB


The neural network control system is safe
 66.10,66.35 is safeTrying 5.0000 and 1.0000
   66.3500
 -110.1955

   66.6000
    5.0000

[runlim] sample:		5934.4 time, 2460.5 real, 6767.4 MB


The neural network control system is safe
 66.35,66.60 is safeTrying 5.0000 and 1.0000
   66.6000
 -110.4123

   66.8500
    5.0000

[runlim] sample:		5953.5 time, 2470.5 real, 6767.4 MB


The neural network control system is safe
 66.60,66.85 is safeTrying 5.0000 and 1.0000
   66.8500
 -110.6287

   67.1000
    5.0000

[runlim] sample:		5973.0 time, 2480.5 real, 6778.5 MB


The neural network control system is safe
 66.85,67.10 is safeTrying 5.0000 and 1.0000
   67.1000
 -110.8447

   67.3500
    5.0000

[runlim] sample:		5992.7 time, 2490.5 real, 6778.5 MB


The neural network control system is safe
 67.10,67.35 is safeTrying 5.0000 and 1.0000
   67.3500
 -111.0603

   67.6000
    5.0000



The neural network control system is safe
 67.35,67.60 is safeTrying 5.0000 and 1.0000
   67.6000
 -111.2755

   67.8500
    5.0000

[runlim] sample:		6012.7 time, 2500.5 real, 6778.5 MB


The neural network control system is safe
 67.60,67.85 is safeTrying 5.0000 and 1.0000
   67.8500
 -111.4903

   68.1000
    5.0000

[runlim] sample:		6036.8 time, 2510.5 real, 6778.5 MB


The neural network control system is safe
 67.85,68.10 is safeTrying 5.0000 and 1.0000
   68.1000
 -111.7048

   68.3500
    5.0000

[runlim] sample:		6060.4 time, 2520.5 real, 6778.5 MB


The neural network control system is safe
 68.10,68.35 is safeTrying 5.0000 and 1.0000
   68.3500
 -111.9188

   68.6000
    5.0000

[runlim] sample:		6080.2 time, 2530.5 real, 6778.5 MB


The neural network control system is safe
 68.35,68.60 is safeTrying 5.0000 and 1.0000
   68.6000
 -112.1324

   68.8500
    5.0000

[runlim] sample:		6097.5 time, 2540.5 real, 6778.5 MB


The neural network control system is safe
 68.60,68.85 is safeTrying 5.0000 and 1.0000
   68.8500
 -112.3456

   69.1000
    5.0000

[runlim] sample:		6119.2 time, 2550.5 real, 6778.5 MB


The neural network control system is safe
 68.85,69.10 is safeTrying 5.0000 and 1.0000
   69.1000
 -112.5585

   69.3500
    5.0000

[runlim] sample:		6138.4 time, 2560.5 real, 6778.5 MB


The neural network control system is safe
 69.10,69.35 is safeTrying 5.0000 and 1.0000
   69.3500
 -112.7710

   69.6000
    5.0000

[runlim] sample:		6157.8 time, 2570.5 real, 6778.5 MB


The neural network control system is safe
 69.35,69.60 is safeTrying 5.0000 and 1.0000
   69.6000
 -112.9830

   69.8500
    5.0000

[runlim] sample:		6176.9 time, 2580.5 real, 6778.5 MB


The neural network control system is safe
 69.60,69.85 is safeTrying 5.0000 and 1.0000
   69.8500
 -113.1948

   70.1000
    5.0000

[runlim] sample:		6196.1 time, 2590.5 real, 6778.6 MB


The neural network control system is safe
 69.85,70.10 is safeTrying 5.0000 and 1.0000
   70.1000
 -113.4061

   70.3500
    5.0000

[runlim] sample:		6215.7 time, 2600.5 real, 6775.5 MB


The neural network control system is safe
 70.10,70.35 is safeTrying 5.0000 and 1.0000
   70.3500
 -113.6170

   70.6000
    5.0000



The neural network control system is safe
 70.35,70.60 is safeTrying 5.0000 and 1.0000
   70.6000
 -113.8276

   70.8500
    5.0000

[runlim] sample:		6239.7 time, 2610.5 real, 6775.5 MB


The neural network control system is safe
 70.60,70.85 is safeTrying 5.0000 and 1.0000
   70.8500
 -114.0378

   71.1000
    5.0000

[runlim] sample:		6263.5 time, 2620.5 real, 6775.5 MB


The neural network control system is safe
 70.85,71.10 is safeTrying 5.0000 and 1.0000
   71.1000
 -114.2476

   71.3500
    5.0000

[runlim] sample:		6283.0 time, 2630.5 real, 6775.5 MB


The neural network control system is safe
 71.10,71.35 is safeTrying 5.0000 and 1.0000
   71.3500
 -114.4571

   71.6000
    5.0000

[runlim] sample:		6302.8 time, 2640.5 real, 6775.5 MB


The neural network control system is safe
 71.35,71.60 is safeTrying 5.0000 and 1.0000
   71.6000
 -114.6662

   71.8500
    5.0000

[runlim] sample:		6321.8 time, 2650.5 real, 6775.5 MB


The neural network control system is safe
 71.60,71.85 is safeTrying 5.0000 and 1.0000
   71.8500
 -114.8749

   72.1000
    5.0000

[runlim] sample:		6341.5 time, 2660.5 real, 6775.6 MB


The neural network control system is safe
 71.85,72.10 is safeTrying 5.0000 and 1.0000
   72.1000
 -115.0833

   72.3500
    5.0000

[runlim] sample:		6360.7 time, 2670.5 real, 6775.6 MB


The neural network control system is safe
 72.10,72.35 is safeTrying 5.0000 and 1.0000
   72.3500
 -115.2913

   72.6000
    5.0000

[runlim] sample:		6379.9 time, 2680.5 real, 6775.6 MB


The neural network control system is safe
 72.35,72.60 is safeTrying 5.0000 and 1.0000
   72.6000
 -115.4990

   72.8500
    5.0000



The neural network control system is safe
 72.60,72.85 is safeTrying 5.0000 and 1.0000
   72.8500
 -115.7063

   73.1000
    5.0000

[runlim] sample:		6399.2 time, 2690.5 real, 6775.6 MB


The neural network control system is safe
 72.85,73.10 is safeTrying 5.0000 and 1.0000
   73.1000
 -115.9132

   73.3500
    5.0000

[runlim] sample:		6423.2 time, 2700.5 real, 6775.6 MB


The neural network control system is safe
 73.10,73.35 is safeTrying 5.0000 and 1.0000
   73.3500
 -116.1198

   73.6000
    5.0000

[runlim] sample:		6447.3 time, 2710.5 real, 6775.6 MB


The neural network control system is safe
 73.35,73.60 is safeTrying 5.0000 and 1.0000
   73.6000
 -116.3260

   73.8500
    5.0000

[runlim] sample:		6467.0 time, 2720.5 real, 6775.6 MB


The neural network control system is safe
 73.60,73.85 is safeTrying 5.0000 and 1.0000
   73.8500
 -116.5319

   74.1000
    5.0000

[runlim] sample:		6486.6 time, 2730.5 real, 6775.6 MB


The neural network control system is safe
 73.85,74.10 is safeTrying 5.0000 and 1.0000
   74.1000
 -116.7374

   74.3500
    5.0000

[runlim] sample:		6506.2 time, 2740.5 real, 6775.6 MB


The neural network control system is safe
 74.10,74.35 is safeTrying 5.0000 and 1.0000
   74.3500
 -116.9426

   74.6000
    5.0000

[runlim] sample:		6525.3 time, 2750.5 real, 6775.6 MB


The neural network control system is safe
 74.35,74.60 is safeTrying 5.0000 and 1.0000
   74.6000
 -117.1475

   74.8500
    5.0000

[runlim] sample:		6544.8 time, 2760.5 real, 6775.6 MB


The neural network control system is safe
 74.60,74.85 is safeTrying 5.0000 and 1.0000
   74.8500
 -117.3520

   75.1000
    5.0000

[runlim] sample:		6564.1 time, 2770.5 real, 6775.6 MB


The neural network control system is safe
 74.85,75.10 is safeTrying 5.0000 and 1.0000
   75.1000
 -117.5561

   75.3500
    5.0000

[runlim] sample:		6583.0 time, 2780.5 real, 6775.6 MB


The neural network control system is safe
 75.10,75.35 is safeTrying 5.0000 and 1.0000
   75.3500
 -117.7599

   75.6000
    5.0000

[runlim] sample:		6602.1 time, 2790.5 real, 6770.8 MB


The neural network control system is safe
 75.35,75.60 is safeTrying 5.0000 and 1.0000
   75.6000
 -117.9634

   75.8500
    5.0000

[runlim] sample:		6621.8 time, 2800.5 real, 6770.8 MB


The neural network control system is safe
 75.60,75.85 is safeTrying 5.0000 and 1.0000
   75.8500
 -118.1666

   76.1000
    5.0000

[runlim] sample:		6640.9 time, 2810.5 real, 6770.8 MB


The neural network control system is safe
 75.85,76.10 is safeTrying 5.0000 and 1.0000
   76.1000
 -118.3694

   76.3500
    5.0000

[runlim] sample:		6659.9 time, 2820.5 real, 6770.8 MB


The neural network control system is safe
 76.10,76.35 is safeTrying 5.0000 and 1.0000
   76.3500
 -118.5718

   76.6000
    5.0000



The neural network control system is safe
 76.35,76.60 is safeTrying 5.0000 and 1.0000
   76.6000
 -118.7740

   76.8500
    5.0000

[runlim] sample:		6680.9 time, 2830.5 real, 6770.8 MB


The neural network control system is safe
 76.60,76.85 is safeTrying 5.0000 and 1.0000
   76.8500
 -118.9758

   77.1000
    5.0000

[runlim] sample:		6700.8 time, 2840.5 real, 6771.0 MB


The neural network control system is safe
 76.85,77.10 is safeTrying 5.0000 and 1.0000
   77.1000
 -119.1773

   77.3500
    5.0000

[runlim] sample:		6720.7 time, 2850.5 real, 6771.0 MB


The neural network control system is safe
 77.10,77.35 is safeTrying 5.0000 and 1.0000
   77.3500
 -119.3785

   77.6000
    5.0000

[runlim] sample:		6744.3 time, 2860.5 real, 6771.3 MB


The neural network control system is safe
 77.35,77.60 is safeTrying 5.0000 and 1.0000
   77.6000
 -119.5793

   77.8500
    5.0000

[runlim] sample:		6763.9 time, 2870.5 real, 6771.3 MB


The neural network control system is safe
 77.60,77.85 is safeTrying 5.0000 and 1.0000
   77.8500
 -119.7798

   78.1000
    5.0000

[runlim] sample:		6783.3 time, 2880.5 real, 6771.3 MB


The neural network control system is safe
 77.85,78.10 is safeTrying 5.0000 and 1.0000
   78.1000
 -119.9800

   78.3500
    5.0000

[runlim] sample:		6802.3 time, 2890.5 real, 6771.3 MB


The neural network control system is safe
 78.10,78.35 is safeTrying 5.0000 and 1.0000
   78.3500
 -120.1799

   78.6000
    5.0000

[runlim] sample:		6821.5 time, 2900.5 real, 6771.3 MB


The neural network control system is safe
 78.35,78.60 is safeTrying 5.0000 and 1.0000
   78.6000
 -120.3794

   78.8500
    5.0000

[runlim] sample:		6841.8 time, 2910.5 real, 6771.3 MB


The neural network control system is safe
 78.60,78.85 is safeTrying 5.0000 and 1.0000
   78.8500
 -120.5787

   79.1000
    5.0000

[runlim] sample:		6861.0 time, 2920.5 real, 6771.3 MB


The neural network control system is safe
 78.85,79.10 is safeTrying 5.0000 and 1.0000
   79.1000
 -120.7776

   79.3500
    5.0000

[runlim] sample:		6879.9 time, 2930.5 real, 6771.3 MB


The neural network control system is safe
 79.10,79.35 is safeTrying 5.0000 and 1.0000
   79.3500
 -120.9762

   79.6000
    5.0000

[runlim] sample:		6899.0 time, 2940.5 real, 6771.6 MB


The neural network control system is safe
 79.35,79.60 is safeTrying 5.0000 and 1.0000
   79.6000
 -121.1745

   79.8500
    5.0000

[runlim] sample:		6918.7 time, 2950.5 real, 6771.6 MB


The neural network control system is safe
 79.60,79.85 is safeTrying 5.0000 and 1.0000
   79.8500
 -121.3725

   80.1000
    5.0000

[runlim] sample:		6938.0 time, 2960.5 real, 6771.6 MB


The neural network control system is safe
 79.85,80.10 is safeTrying 5.0000 and 1.0000
   80.1000
 -121.5701

   80.3500
    5.0000

[runlim] sample:		6957.3 time, 2970.5 real, 6771.6 MB


The neural network control system is safe
 80.10,80.35 is safeTrying 5.0000 and 1.0000
   80.3500
 -121.7675

   80.6000
    5.0000

[runlim] sample:		6976.7 time, 2980.5 real, 6766.5 MB


The neural network control system is safe
 80.35,80.60 is safeTrying 5.0000 and 1.0000
   80.6000
 -121.9646

   80.8500
    5.0000

[runlim] sample:		6996.3 time, 2990.5 real, 6766.5 MB


The neural network control system is safe
 80.60,80.85 is safeTrying 5.0000 and 1.0000
   80.8500
 -122.1613

   81.1000
    5.0000

[runlim] sample:		7016.2 time, 3000.5 real, 6766.5 MB


The neural network control system is safe
 80.85,81.10 is safeTrying 5.0000 and 1.0000
   81.1000
 -122.3578

   81.3500
    5.0000

[runlim] sample:		7035.4 time, 3010.5 real, 6766.5 MB


The neural network control system is safe
 81.10,81.35 is safeTrying 5.0000 and 1.0000
   81.3500
 -122.5539

   81.6000
    5.0000

[runlim] sample:		7055.0 time, 3020.5 real, 6766.5 MB


The neural network control system is safe
 81.35,81.60 is safeTrying 5.0000 and 1.0000
   81.6000
 -122.7498

   81.8500
    5.0000



The neural network control system is safe
 81.60,81.85 is safeTrying 5.0000 and 1.0000
   81.8500
 -122.9453

   82.1000
    5.0000

[runlim] sample:		7077.6 time, 3030.5 real, 6766.5 MB


The neural network control system is safe
 81.85,82.10 is safeTrying 5.0000 and 1.0000
   82.1000
 -123.1405

   82.3500
    5.0000

[runlim] sample:		7098.6 time, 3040.5 real, 6766.5 MB


The neural network control system is safe
 82.10,82.35 is safeTrying 5.0000 and 1.0000
   82.3500
 -123.3355

   82.6000
    5.0000

[runlim] sample:		7118.4 time, 3050.5 real, 6766.5 MB


The neural network control system is safe
 82.35,82.60 is safeTrying 5.0000 and 1.0000
   82.6000
 -123.5302

   82.8500
    5.0000

[runlim] sample:		7141.2 time, 3060.5 real, 6766.5 MB


The neural network control system is safe
 82.60,82.85 is safeTrying 5.0000 and 1.0000
   82.8500
 -123.7245

   83.1000
    5.0000

[runlim] sample:		7160.3 time, 3070.5 real, 6766.5 MB


The neural network control system is safe
 82.85,83.10 is safeTrying 5.0000 and 1.0000
   83.1000
 -123.9186

   83.3500
    5.0000

[runlim] sample:		7179.6 time, 3080.5 real, 6766.5 MB


The neural network control system is safe
 83.10,83.35 is safeTrying 5.0000 and 1.0000
   83.3500
 -124.1124

   83.6000
    5.0000

[runlim] sample:		7198.9 time, 3090.5 real, 6766.5 MB


The neural network control system is safe
 83.35,83.60 is safeTrying 5.0000 and 1.0000
   83.6000
 -124.3058

   83.8500
    5.0000

[runlim] sample:		7218.2 time, 3100.5 real, 6766.5 MB


The neural network control system is safe
 83.60,83.85 is safeTrying 5.0000 and 1.0000
   83.8500
 -124.4990

   84.1000
    5.0000

[runlim] sample:		7237.3 time, 3110.5 real, 6766.5 MB


The neural network control system is safe
 83.85,84.10 is safeTrying 5.0000 and 1.0000
   84.1000
 -124.6919

   84.3500
    5.0000

[runlim] sample:		7256.6 time, 3120.5 real, 6766.5 MB


The neural network control system is safe
 84.10,84.35 is safeTrying 5.0000 and 1.0000
   84.3500
 -124.8846

   84.6000
    5.0000

[runlim] sample:		7276.0 time, 3130.5 real, 6766.5 MB


The neural network control system is safe
 84.35,84.60 is safeTrying 5.0000 and 1.0000
   84.6000
 -125.0769

   84.8500
    5.0000

[runlim] sample:		7295.2 time, 3140.5 real, 6766.5 MB


The neural network control system is safe
 84.60,84.85 is safeTrying 5.0000 and 1.0000
   84.8500
 -125.2690

   85.1000
    5.0000

[runlim] sample:		7314.3 time, 3150.5 real, 6760.8 MB


The neural network control system is safe
 84.85,85.10 is safeTrying 5.0000 and 1.0000
   85.1000
 -125.4607

   85.3500
    5.0000



The neural network control system is safe
 85.10,85.35 is safeTrying 5.0000 and 1.0000
   85.3500
 -125.6522

   85.6000
    5.0000

[runlim] sample:		7334.9 time, 3160.5 real, 6760.8 MB


The neural network control system is safe
 85.35,85.60 is safeTrying 5.0000 and 1.0000
   85.6000
 -125.8434

   85.8500
    5.0000

[runlim] sample:		7355.1 time, 3170.5 real, 6760.8 MB


The neural network control system is safe
 85.60,85.85 is safeTrying 5.0000 and 1.0000
   85.8500
 -126.0343

   86.1000
    5.0000

[runlim] sample:		7375.7 time, 3180.5 real, 6761.1 MB


The neural network control system is safe
 85.85,86.10 is safeTrying 5.0000 and 1.0000
   86.1000
 -126.2250

   86.3500
    5.0000

[runlim] sample:		7393.2 time, 3190.5 real, 6761.4 MB


The neural network control system is safe
 86.10,86.35 is safeTrying 5.0000 and 1.0000
   86.3500
 -126.4154

   86.6000
    5.0000

[runlim] sample:		7412.4 time, 3200.5 real, 6761.4 MB


The neural network control system is safe
 86.35,86.60 is safeTrying 5.0000 and 1.0000
   86.6000
 -126.6055

   86.8500
    5.0000

[runlim] sample:		7431.5 time, 3210.5 real, 6761.4 MB


The neural network control system is safe
 86.60,86.85 is safeTrying 5.0000 and 1.0000
   86.8500
 -126.7953

   87.1000
    5.0000

[runlim] sample:		7453.3 time, 3220.5 real, 6761.4 MB


The neural network control system is safe
 86.85,87.10 is safeTrying 5.0000 and 1.0000
   87.1000
 -126.9848

   87.3500
    5.0000

[runlim] sample:		7475.1 time, 3230.5 real, 6761.4 MB


The neural network control system is safe
 87.10,87.35 is safeTrying 5.0000 and 1.0000
   87.3500
 -127.1741

   87.6000
    5.0000

[runlim] sample:		7497.8 time, 3240.5 real, 6761.4 MB


The neural network control system is safe
 87.35,87.60 is safeTrying 5.0000 and 1.0000
   87.6000
 -127.3631

   87.8500
    5.0000

[runlim] sample:		7516.9 time, 3250.5 real, 6761.4 MB


The neural network control system is safe
 87.60,87.85 is safeTrying 5.0000 and 1.0000
   87.8500
 -127.5519

   88.1000
    5.0000

[runlim] sample:		7536.1 time, 3260.5 real, 6761.4 MB


The neural network control system is safe
 87.85,88.10 is safeTrying 5.0000 and 1.0000
   88.1000
 -127.7403

   88.3500
    5.0000

[runlim] sample:		7555.2 time, 3270.5 real, 6761.4 MB


The neural network control system is safe
 88.10,88.35 is safeTrying 5.0000 and 1.0000
   88.3500
 -127.9286

   88.6000
    5.0000

[runlim] sample:		7574.5 time, 3280.5 real, 6761.7 MB


The neural network control system is safe
 88.35,88.60 is safeTrying 5.0000 and 1.0000
   88.6000
 -128.1165

   88.8500
    5.0000

[runlim] sample:		7593.5 time, 3290.5 real, 6761.7 MB


The neural network control system is safe
 88.60,88.85 is safeTrying 5.0000 and 1.0000
   88.8500
 -128.3042

   89.1000
    5.0000

[runlim] sample:		7612.8 time, 3300.5 real, 6761.7 MB


The neural network control system is safe
 88.85,89.10 is safeTrying 5.0000 and 1.0000
   89.1000
 -128.4916

   89.3500
    5.0000

[runlim] sample:		7631.7 time, 3310.5 real, 6761.7 MB


The neural network control system is safe
 89.10,89.35 is safeTrying 5.0000 and 1.0000
   89.3500
 -128.6787

   89.6000
    5.0000

[runlim] sample:		7651.3 time, 3320.5 real, 6755.7 MB


The neural network control system is safe
 89.35,89.60 is safeTrying 5.0000 and 1.0000
   89.6000
 -128.8656

   89.8500
    5.0000

[runlim] sample:		7671.0 time, 3330.5 real, 6755.7 MB


The neural network control system is safe
 89.60,89.85 is safeTrying 5.0000 and 1.0000
   89.8500
 -129.0522

   90.1000
    5.0000

[runlim] sample:		7689.9 time, 3340.5 real, 6755.7 MB


The neural network control system is safe
 89.85,90.10 is safeTrying 5.0000 and 1.0000
   90.1000
 -129.2386

   90.3500
    5.0000

[runlim] sample:		7709.1 time, 3350.5 real, 6755.8 MB


The neural network control system is safe
 90.10,90.35 is safeTrying 5.0000 and 1.0000
   90.3500
 -129.4247

   90.6000
    5.0000

[runlim] sample:		7728.5 time, 3360.5 real, 6755.8 MB


The neural network control system is safe
 90.35,90.60 is safeTrying 5.0000 and 1.0000
   90.6000
 -129.6105

   90.8500
    5.0000

[runlim] sample:		7747.8 time, 3370.5 real, 6755.8 MB


The neural network control system is safe
 90.60,90.85 is safeTrying 5.0000 and 1.0000
   90.8500
 -129.7961

   91.1000
    5.0000

[runlim] sample:		7766.8 time, 3380.5 real, 6755.8 MB


The neural network control system is safe
 90.85,91.10 is safeTrying 5.0000 and 1.0000
   91.1000
 -129.9815

   91.3500
    5.0000

[runlim] sample:		7785.5 time, 3390.5 real, 6755.8 MB


The neural network control system is safe
 91.10,91.35 is safeTrying 5.0000 and 1.0000
   91.3500
 -130.1666

   91.6000
    5.0000

[runlim] sample:		7804.4 time, 3400.5 real, 6755.8 MB


The neural network control system is safe
 91.35,91.60 is safeTrying 5.0000 and 1.0000
   91.6000
 -130.3514

   91.8500
    5.0000

[runlim] sample:		7823.5 time, 3410.5 real, 6756.0 MB


The neural network control system is safe
 91.60,91.85 is safeTrying 5.0000 and 1.0000
   91.8500
 -130.5360

   92.1000
    5.0000

[runlim] sample:		7842.6 time, 3420.5 real, 6756.0 MB


The neural network control system is safe
 91.85,92.10 is safeTrying 5.0000 and 1.0000
   92.1000
 -130.7203

   92.3500
    5.0000

[runlim] sample:		7861.7 time, 3430.5 real, 6756.0 MB


The neural network control system is safe
 92.10,92.35 is safeTrying 5.0000 and 1.0000
   92.3500
 -130.9044

   92.6000
    5.0000

[runlim] sample:		7880.8 time, 3440.5 real, 6756.0 MB


The neural network control system is safe
 92.35,92.60 is safeTrying 5.0000 and 1.0000
   92.6000
 -131.0882

   92.8500
    5.0000



The neural network control system is safe
 92.60,92.85 is safeTrying 5.0000 and 1.0000
   92.8500
 -131.2718

   93.1000
    5.0000

[runlim] sample:		7899.9 time, 3450.5 real, 6756.0 MB


The neural network control system is safe
 92.85,93.10 is safeTrying 5.0000 and 1.0000
   93.1000
 -131.4551

   93.3500
    5.0000

[runlim] sample:		7919.3 time, 3460.5 real, 6756.0 MB


The neural network control system is safe
 93.10,93.35 is safeTrying 5.0000 and 1.0000
   93.3500
 -131.6382

   93.6000
    5.0000

[runlim] sample:		7939.0 time, 3470.5 real, 6754.5 MB


The neural network control system is safe
 93.35,93.60 is safeTrying 5.0000 and 1.0000
   93.6000
 -131.8211

   93.8500
    5.0000

[runlim] sample:		7959.0 time, 3480.5 real, 6754.5 MB


The neural network control system is safe
 93.60,93.85 is safeTrying 5.0000 and 1.0000
   93.8500
 -132.0036

   94.1000
    5.0000

[runlim] sample:		7979.9 time, 3490.5 real, 6747.5 MB


The neural network control system is safe
 93.85,94.10 is safeTrying 5.0000 and 1.0000
   94.1000
 -132.1860

   94.3500
    5.0000

[runlim] sample:		7998.8 time, 3500.5 real, 6747.5 MB


The neural network control system is safe
 94.10,94.35 is safeTrying 5.0000 and 1.0000
   94.3500
 -132.3681

   94.6000
    5.0000

[runlim] sample:		8019.7 time, 3510.5 real, 6747.5 MB


The neural network control system is safe
 94.35,94.60 is safeTrying 5.0000 and 1.0000
   94.6000
 -132.5500

   94.8500
    5.0000

[runlim] sample:		8039.4 time, 3520.5 real, 6747.5 MB


The neural network control system is safe
 94.60,94.85 is safeTrying 5.0000 and 1.0000
   94.8500
 -132.7316

   95.1000
    5.0000

[runlim] sample:		8061.7 time, 3530.5 real, 6747.5 MB


The neural network control system is safe
 94.85,95.10 is safeTrying 5.0000 and 1.0000
   95.1000
 -132.9130

   95.3500
    5.0000

[runlim] sample:		8080.8 time, 3540.5 real, 6747.5 MB


The neural network control system is safe
 95.10,95.35 is safeTrying 5.0000 and 1.0000
   95.3500
 -133.0942

   95.6000
    5.0000

[runlim] sample:		8100.2 time, 3550.5 real, 6747.7 MB


The neural network control system is safe
 95.35,95.60 is safeTrying 5.0000 and 1.0000
   95.6000
 -133.2751

   95.8500
    5.0000

[runlim] sample:		8118.7 time, 3560.5 real, 6747.7 MB


The neural network control system is safe
 95.60,95.85 is safeTrying 5.0000 and 1.0000
   95.8500
 -133.4558

   96.1000
    5.0000

[runlim] sample:		8137.8 time, 3570.5 real, 6747.7 MB


The neural network control system is safe
 95.85,96.10 is safeTrying 5.0000 and 1.0000
   96.1000
 -133.6362

   96.3500
    5.0000

[runlim] sample:		8156.9 time, 3580.5 real, 6747.7 MB


The neural network control system is safe
 96.10,96.35 is safeTrying 5.0000 and 1.0000
   96.3500
 -133.8164

   96.6000
    5.0000

[runlim] sample:		8175.9 time, 3590.5 real, 6747.7 MB


The neural network control system is safe
 96.35,96.60 is safeTrying 5.0000 and 1.0000
   96.6000
 -133.9964

   96.8500
    5.0000

[runlim] sample:		8195.0 time, 3600.5 real, 6747.7 MB


The neural network control system is safe
 96.60,96.85 is safeTrying 5.0000 and 1.0000
   96.8500
 -134.1761

   97.1000
    5.0000

[runlim] sample:		8213.9 time, 3610.5 real, 6747.7 MB


The neural network control system is safe
 96.85,97.10 is safeTrying 5.0000 and 1.0000
   97.1000
 -134.3557

   97.3500
    5.0000

[runlim] sample:		8232.1 time, 3620.5 real, 6747.7 MB


The neural network control system is safe
 97.10,97.35 is safeTrying 5.0000 and 1.0000
   97.3500
 -134.5349

   97.6000
    5.0000

[runlim] sample:		8251.2 time, 3630.5 real, 6747.7 MB


The neural network control system is safe
 97.35,97.60 is safeTrying 5.0000 and 1.0000
   97.6000
 -134.7140

   97.8500
    5.0000

[runlim] sample:		8270.9 time, 3640.5 real, 6747.7 MB


The neural network control system is safe
 97.60,97.85 is safeTrying 5.0000 and 1.0000
   97.8500
 -134.8928

   98.1000
    5.0000

[runlim] sample:		8290.0 time, 3650.5 real, 6742.2 MB


The neural network control system is safe
 97.85,98.10 is safeTrying 5.0000 and 1.0000
   98.1000
 -135.0714

   98.3500
    5.0000

[runlim] sample:		8309.3 time, 3660.5 real, 6742.2 MB


The neural network control system is safe
 98.10,98.35 is safeTrying 5.0000 and 1.0000
   98.3500
 -135.2498

   98.6000
    5.0000

[runlim] sample:		8328.4 time, 3670.5 real, 6742.3 MB


The neural network control system is safe
 98.35,98.60 is safeTrying 5.0000 and 1.0000
   98.6000
 -135.4279

   98.8500
    5.0000

[runlim] sample:		8347.2 time, 3680.5 real, 6742.3 MB


The neural network control system is safe
 98.60,98.85 is safeTrying 5.0000 and 1.0000
   98.8500
 -135.6058

   99.1000
    5.0000

[runlim] sample:		8366.2 time, 3690.5 real, 6742.4 MB


The neural network control system is safe
 98.85,99.10 is safeTrying 5.0000 and 1.0000
   99.1000
 -135.7835

   99.3500
    5.0000

[runlim] sample:		8385.5 time, 3700.5 real, 6742.6 MB


The neural network control system is safe
 99.10,99.35 is safeTrying 5.0000 and 1.0000
   99.3500
 -135.9610

   99.6000
    5.0000

[runlim] sample:		8404.7 time, 3710.5 real, 6742.8 MB


The neural network control system is safe
 99.35,99.60 is safeTrying 5.0000 and 1.0000
   99.6000
 -136.1382

   99.8500
    5.0000

[runlim] sample:		8423.6 time, 3720.5 real, 6742.8 MB


The neural network control system is safe
 99.60,99.85 is safe
 FOUND SAFE COMBINATION: epsilon=5.0000; step=1.0000; time=3710.9016[?1l>[runlim] sample:		2839.3 time, 3730.5 real, 1280.0 MB
[runlim] end:			Thu Feb  2 15:49:32 2023
[runlim] status:		ok
[runlim] result:		0
[runlim] children:		148306
[runlim] real:			3730.66 seconds
[runlim] time:			8440.18 seconds
[runlim] space:			6786.8 MB
[runlim] samples:		37302
