[runlim] version:		1.10
[runlim] time limit:		311040000 seconds
[runlim] real time limit:	311040000 seconds
[runlim] space limit:		30900 MB
[runlim] argv[0]:		z3
[runlim] argv[1]:		acc_large_retrain.smt
[runlim] start:			Mon Oct  9 12:35:06 2023
[runlim] main pid:		30991
[runlim] sample:		10.0 time, 10.1 real, 399.8 MB
[runlim] sample:		20.0 time, 20.1 real, 442.6 MB
[runlim] sample:		30.0 time, 30.1 real, 443.1 MB
[runlim] sample:		40.0 time, 40.1 real, 520.2 MB
[runlim] sample:		50.0 time, 50.1 real, 596.6 MB
[runlim] sample:		60.0 time, 60.1 real, 728.3 MB
[runlim] sample:		70.0 time, 70.1 real, 837.0 MB
[runlim] sample:		80.0 time, 80.1 real, 975.8 MB
[runlim] sample:		90.0 time, 90.1 real, 1291.8 MB
[runlim] sample:		100.0 time, 100.1 real, 1419.3 MB
[runlim] sample:		110.0 time, 110.1 real, 1475.3 MB
[runlim] sample:		120.0 time, 120.1 real, 1595.6 MB
[runlim] sample:		130.0 time, 130.1 real, 1670.6 MB
[runlim] sample:		140.0 time, 140.1 real, 1770.8 MB
[runlim] sample:		150.0 time, 150.1 real, 1916.6 MB
[runlim] sample:		160.0 time, 160.1 real, 2048.3 MB
[runlim] sample:		170.0 time, 170.1 real, 2068.6 MB
[runlim] sample:		180.0 time, 180.1 real, 2086.8 MB
[runlim] sample:		190.0 time, 190.1 real, 2114.7 MB
[runlim] sample:		200.0 time, 200.1 real, 2133.0 MB
[runlim] sample:		210.0 time, 210.1 real, 2159.7 MB
[runlim] sample:		220.0 time, 220.1 real, 2315.6 MB
[runlim] sample:		230.0 time, 230.1 real, 2458.8 MB
[runlim] sample:		240.0 time, 240.1 real, 2637.5 MB
[runlim] sample:		250.0 time, 250.1 real, 2701.7 MB
[runlim] sample:		260.0 time, 260.1 real, 2817.2 MB
[runlim] sample:		270.0 time, 270.1 real, 2914.0 MB
[runlim] sample:		280.0 time, 280.1 real, 3044.3 MB
[runlim] sample:		290.0 time, 290.1 real, 3145.0 MB
[runlim] sample:		300.0 time, 300.1 real, 3145.2 MB
[runlim] sample:		310.0 time, 310.1 real, 3145.3 MB
[runlim] sample:		320.0 time, 320.1 real, 3145.5 MB
[runlim] sample:		330.0 time, 330.1 real, 3145.6 MB
[runlim] sample:		340.0 time, 340.1 real, 3145.6 MB
[runlim] sample:		350.0 time, 350.1 real, 3145.8 MB
[runlim] sample:		360.0 time, 360.1 real, 3146.5 MB
[runlim] sample:		370.0 time, 370.1 real, 3244.6 MB
[runlim] sample:		380.0 time, 380.1 real, 3270.1 MB
[runlim] sample:		390.0 time, 390.1 real, 3284.2 MB
[runlim] sample:		400.0 time, 400.1 real, 3321.5 MB
[runlim] sample:		410.0 time, 410.1 real, 3361.1 MB
[runlim] sample:		420.0 time, 420.1 real, 3497.0 MB
[runlim] sample:		430.0 time, 430.1 real, 3497.0 MB
[runlim] sample:		440.0 time, 440.1 real, 3497.0 MB
[runlim] sample:		450.0 time, 450.1 real, 3497.0 MB
[runlim] sample:		459.9 time, 460.1 real, 3497.0 MB
[runlim] sample:		469.9 time, 470.1 real, 3497.1 MB
[runlim] sample:		479.9 time, 480.1 real, 3497.1 MB
[runlim] sample:		489.9 time, 490.1 real, 3497.1 MB
[runlim] sample:		499.9 time, 500.1 real, 3497.3 MB
[runlim] sample:		509.9 time, 510.1 real, 3497.3 MB
[runlim] sample:		519.9 time, 520.1 real, 3497.3 MB
[runlim] sample:		529.9 time, 530.1 real, 3497.3 MB
[runlim] sample:		539.9 time, 540.1 real, 3497.3 MB
[runlim] sample:		549.9 time, 550.1 real, 3497.3 MB
[runlim] sample:		559.9 time, 560.1 real, 3497.3 MB
[runlim] sample:		569.9 time, 570.1 real, 3497.3 MB
[runlim] sample:		579.9 time, 580.1 real, 3497.3 MB
[runlim] sample:		589.9 time, 590.1 real, 3497.3 MB
[runlim] sample:		599.9 time, 600.1 real, 3497.3 MB
[runlim] sample:		609.9 time, 610.1 real, 3497.5 MB
[runlim] sample:		619.9 time, 620.1 real, 3497.5 MB
[runlim] sample:		629.9 time, 630.1 real, 3498.0 MB
[runlim] sample:		639.9 time, 640.1 real, 3498.0 MB
[runlim] sample:		649.9 time, 650.1 real, 3498.1 MB
[runlim] sample:		659.9 time, 660.1 real, 3498.1 MB
[runlim] sample:		669.9 time, 670.1 real, 3498.3 MB
[runlim] sample:		679.9 time, 680.1 real, 3498.3 MB
[runlim] sample:		689.9 time, 690.1 real, 3498.3 MB
[runlim] sample:		699.9 time, 700.1 real, 3498.3 MB
[runlim] sample:		709.9 time, 710.1 real, 3498.5 MB
[runlim] sample:		719.9 time, 720.1 real, 3498.5 MB
[runlim] sample:		729.9 time, 730.1 real, 3498.5 MB
[runlim] sample:		739.9 time, 740.1 real, 3498.5 MB
[runlim] sample:		749.9 time, 750.1 real, 3498.5 MB
[runlim] sample:		759.9 time, 760.1 real, 3498.5 MB
[runlim] sample:		769.9 time, 770.1 real, 3498.5 MB
[runlim] sample:		779.8 time, 780.1 real, 3498.5 MB
[runlim] sample:		789.8 time, 790.1 real, 3498.5 MB
[runlim] sample:		799.8 time, 800.1 real, 3498.5 MB
[runlim] sample:		809.8 time, 810.1 real, 3498.5 MB
[runlim] sample:		819.8 time, 820.1 real, 3498.5 MB
[runlim] sample:		829.8 time, 830.1 real, 3498.5 MB
[runlim] sample:		839.8 time, 840.1 real, 3498.5 MB
[runlim] sample:		849.8 time, 850.1 real, 3498.5 MB
[runlim] sample:		859.8 time, 860.1 real, 3498.5 MB
[runlim] sample:		869.8 time, 870.1 real, 3498.5 MB
[runlim] sample:		879.8 time, 880.1 real, 3498.5 MB
[runlim] sample:		889.8 time, 890.1 real, 3649.2 MB
[runlim] sample:		899.8 time, 900.1 real, 3768.3 MB
[runlim] sample:		909.8 time, 910.1 real, 3947.7 MB
[runlim] sample:		919.8 time, 920.1 real, 3975.6 MB
[runlim] sample:		929.8 time, 930.1 real, 3975.6 MB
[runlim] sample:		939.8 time, 940.1 real, 3975.6 MB
[runlim] sample:		949.8 time, 950.1 real, 3975.6 MB
[runlim] sample:		959.8 time, 960.1 real, 3975.6 MB
[runlim] sample:		969.8 time, 970.1 real, 3975.6 MB
[runlim] sample:		979.8 time, 980.1 real, 3975.7 MB
[runlim] sample:		989.8 time, 990.1 real, 3975.7 MB
[runlim] sample:		999.8 time, 1000.1 real, 3975.7 MB
[runlim] sample:		1009.8 time, 1010.1 real, 3975.7 MB
[runlim] sample:		1019.8 time, 1020.1 real, 3975.7 MB
[runlim] sample:		1029.8 time, 1030.1 real, 3975.7 MB
[runlim] sample:		1039.8 time, 1040.1 real, 3975.7 MB
[runlim] sample:		1049.8 time, 1050.1 real, 3975.7 MB
[runlim] sample:		1059.8 time, 1060.1 real, 3975.7 MB
[runlim] sample:		1069.8 time, 1070.1 real, 3975.7 MB
[runlim] sample:		1079.8 time, 1080.1 real, 3975.7 MB
[runlim] sample:		1089.8 time, 1090.1 real, 3975.7 MB
[runlim] sample:		1099.8 time, 1100.1 real, 3975.7 MB
[runlim] sample:		1109.8 time, 1110.1 real, 3975.8 MB
[runlim] sample:		1119.8 time, 1120.1 real, 3975.8 MB
[runlim] sample:		1129.8 time, 1130.1 real, 3975.8 MB
[runlim] sample:		1139.8 time, 1140.1 real, 3975.8 MB
[runlim] sample:		1149.8 time, 1150.1 real, 3977.7 MB
[runlim] sample:		1159.8 time, 1160.1 real, 3982.3 MB
[runlim] sample:		1169.8 time, 1170.1 real, 3984.0 MB
[runlim] sample:		1179.8 time, 1180.1 real, 3984.0 MB
[runlim] sample:		1189.8 time, 1190.1 real, 3984.0 MB
[runlim] sample:		1199.8 time, 1200.1 real, 3984.0 MB
[runlim] sample:		1209.8 time, 1210.1 real, 3984.0 MB
[runlim] sample:		1219.8 time, 1220.1 real, 3984.0 MB
[runlim] sample:		1229.8 time, 1230.1 real, 3984.0 MB
[runlim] sample:		1239.8 time, 1240.1 real, 3984.0 MB
[runlim] sample:		1249.8 time, 1250.1 real, 3984.0 MB
[runlim] sample:		1259.8 time, 1260.1 real, 3984.0 MB
[runlim] sample:		1269.8 time, 1270.1 real, 3984.0 MB
[runlim] sample:		1279.8 time, 1280.1 real, 3984.0 MB
[runlim] sample:		1289.8 time, 1290.1 real, 3984.0 MB
[runlim] sample:		1299.8 time, 1300.1 real, 3984.0 MB
[runlim] sample:		1309.8 time, 1310.1 real, 3984.0 MB
[runlim] sample:		1319.8 time, 1320.1 real, 3984.0 MB
[runlim] sample:		1329.8 time, 1330.1 real, 3984.0 MB
[runlim] sample:		1339.8 time, 1340.1 real, 3984.0 MB
[runlim] sample:		1349.8 time, 1350.1 real, 3984.0 MB
[runlim] sample:		1359.8 time, 1360.1 real, 3984.0 MB
[runlim] sample:		1369.8 time, 1370.1 real, 3984.1 MB
[runlim] sample:		1379.8 time, 1380.1 real, 3984.2 MB
[runlim] sample:		1389.8 time, 1390.1 real, 3984.3 MB
[runlim] sample:		1399.8 time, 1400.1 real, 3984.3 MB
[runlim] sample:		1409.8 time, 1410.1 real, 3984.3 MB
[runlim] sample:		1419.8 time, 1420.1 real, 3984.3 MB
[runlim] sample:		1429.8 time, 1430.1 real, 3984.3 MB
[runlim] sample:		1439.8 time, 1440.1 real, 3984.5 MB
[runlim] sample:		1449.8 time, 1450.1 real, 3984.5 MB
[runlim] sample:		1459.8 time, 1460.1 real, 3984.5 MB
[runlim] sample:		1469.8 time, 1470.1 real, 3984.5 MB
[runlim] sample:		1479.8 time, 1480.1 real, 3984.5 MB
[runlim] sample:		1489.8 time, 1490.1 real, 3984.5 MB
[runlim] sample:		1499.8 time, 1500.1 real, 3984.5 MB
[runlim] sample:		1509.8 time, 1510.1 real, 3984.5 MB
[runlim] sample:		1519.8 time, 1520.1 real, 3984.5 MB
[runlim] sample:		1529.8 time, 1530.1 real, 3984.5 MB
[runlim] sample:		1539.8 time, 1540.1 real, 3984.5 MB
[runlim] sample:		1549.8 time, 1550.1 real, 3984.6 MB
[runlim] sample:		1559.8 time, 1560.1 real, 3984.6 MB
[runlim] sample:		1569.8 time, 1570.1 real, 3984.6 MB
[runlim] sample:		1579.8 time, 1580.1 real, 3984.7 MB
[runlim] sample:		1589.8 time, 1590.1 real, 3985.8 MB
[runlim] sample:		1599.8 time, 1600.1 real, 3991.6 MB
[runlim] sample:		1609.8 time, 1610.1 real, 3991.6 MB
[runlim] sample:		1619.8 time, 1620.1 real, 3991.6 MB
[runlim] sample:		1629.8 time, 1630.1 real, 3991.6 MB
[runlim] sample:		1639.8 time, 1640.1 real, 3991.6 MB
[runlim] sample:		1649.8 time, 1650.1 real, 3991.6 MB
[runlim] sample:		1659.8 time, 1660.1 real, 3991.6 MB
[runlim] sample:		1669.8 time, 1670.1 real, 3991.6 MB
[runlim] sample:		1679.8 time, 1680.1 real, 3991.6 MB
[runlim] sample:		1689.8 time, 1690.1 real, 3991.6 MB
[runlim] sample:		1699.8 time, 1700.1 real, 3991.6 MB
[runlim] sample:		1709.8 time, 1710.1 real, 3991.7 MB
[runlim] sample:		1719.8 time, 1720.1 real, 3991.7 MB
[runlim] sample:		1729.8 time, 1730.1 real, 3991.7 MB
[runlim] sample:		1739.8 time, 1740.1 real, 3991.7 MB
[runlim] sample:		1749.8 time, 1750.1 real, 3991.7 MB
[runlim] sample:		1759.8 time, 1760.1 real, 3991.7 MB
[runlim] sample:		1769.8 time, 1770.1 real, 3991.8 MB
[runlim] sample:		1779.8 time, 1780.1 real, 3991.8 MB
[runlim] sample:		1789.8 time, 1790.1 real, 4077.5 MB
unknown
[runlim] end:			Mon Oct  9 13:04:58 2023
[runlim] status:		ok
[runlim] result:		0
[runlim] children:		0
[runlim] real:			1792.49 seconds
[runlim] time:			1792.05 seconds
[runlim] space:			4222.1 MB
[runlim] samples:		17923
