[runlim] version:		1.10
[runlim] time limit:		311040000 seconds
[runlim] real time limit:	311040000 seconds
[runlim] space limit:		30917 MB
[runlim] argv[0]:		./bin/SNNT
[runlim] argv[1]:		--smtfilter-timeout=4
[runlim] argv[2]:		--approx
[runlim] argv[3]:		1
[runlim] argv[4]:		test/parsing/examples/acc/formula-bounds2
[runlim] argv[5]:		test/parsing/examples/acc/fixed
[runlim] argv[6]:		test/parsing/examples/acc/mapping
[runlim] argv[7]:		test/networks/acc-2000000-64-64-64-64-retrain-100000-200000-0.9.onnx
[runlim] argv[8]:		experiments/acc/acc-2000000-64-64-64-64-retrain-100000-200000-0.9/results-bounds.jld
[runlim] start:			Tue Jan 31 16:23:10 2023
[runlim] main pid:		117560
[CMD] Using SMT solver: Z3
[CMD] Parsed initial query: SNNT.AST.Query(((-1.0*x1<0.0&((-1.0*rPos)+(0.005*(rVel^2.0)))<=0.0&-1.0*x1<=0.0&1.0*x1<=100.0&-1.0*x2<=200.0&1.0*x2<=200.0&-1.0*x3<=1000.0&1.0*x3<=1000.0)->(-1.0*x3<=100.0&1.0*x3<=100.01)), Set(SNNT.AST.Variable[rAccpost, rVel, rPos]), 2, 1, Dict{SNNT.AST.ApproxQuery, SNNT.AST.Approximation}(), Vector{Float64}[])
[CMD] SMT Timeout: 4s
[CTRL] Iterating over conjunctions...
[APPROX] Trying to build approximation...
[APPROX] Generating expression for (rVel^2.0)...
Using N=1, ϵ=0.0, rel_error_tol=0.005
[APPROX] Skipping verification of approximation (switch on using SNNT.Config.set_rigorous_approximations(true))
[APPROX] Skipping verification of approximation (switch on using SNNT.Config.set_rigorous_approximations(true))
[APPROX] Approximation Bounds: Vector{Float64}[]
[APPROX] Approximations: Dict{SNNT.AST.ApproxQuery, SNNT.AST.Approximation}()
[APPROX] Approximation is ready
[CTRL] Considering conjunction with 2 input constraints and a disjunction of size 2
[APPROX] Checking cache: SNNT.Approx.ApproxCacheObject[]
[APPROX] Constructing Approximation
[APPROX] Resolving approximation
[APPROX] # Conjunctions over output: 2
[NNENUM] Running nnenum now...
[NNENUM] lb: [0.0, 0.0]
[NNENUM] ub: [100.0, 200.0]
[NNENUM] Spec list length:  2
[NNENUM] Enumeration in progress... 
(0.0 sec) Q: 0, Sets: 0/1  (0.0%) CEs: 0 ETA: - (expected 1 stars)   
(0.1 sec) Q: 0, Sets: 8/14  (34.375%) CEs: 0 ETA: 0.3 sec (expected 23 stars)   
(0.3 sec) Q: 0, Sets: 32/35  (56.25%) CEs: 0 ETA: 0.2 sec (expected 57 stars)   (0.4 sec) Q: 0, Sets: 50/56  (69.727%) CEs: 0 ETA: 0.2 sec (expected 72 stars)   
(0.5 sec) Q: 0, Sets: 72/76  (71.777%) CEs: 0 ETA: 0.2 sec (expected 100 stars)   (0.6 sec) Q: 0, Sets: 93/102  (72.266%) CEs: 0 ETA: 0.2 sec (expected 129 stars)   (0.7 sec) Q: 0, Sets: 112/117  (72.583%) CEs: 0 ETA: 0.2 sec (expected 154 stars)   (0.8 sec) Q: 0, Sets: 136/140  (74.756%) CEs: 0 ETA: 0.3 sec (expected 182 stars)   

Total Stars: 156 (27 exact, 129 approx)
Unfinished Stars: 0
Runtime: 0.8 sec
Completed work frac: 1.0
Num Stars Copied Between Processes: 0
Num Lps During Enumeration: 826
Total Num Lps: 826

Result: network is SAFE

[NNENUM] Result: 
<nnenum.result.Result object at 0x7fad12504cd0>
[NNENUM] Enumeration finished.
safe
[NNENUM] Found counter-example stars: 0
[NNENUM] Filtering result using SMT solver...
[SMT] SMT filtered out 0 stars (out of 0).
[CTRL] Considering conjunction with 2 input constraints and a disjunction of size 2
[APPROX] Checking cache: SNNT.Approx.ApproxCacheObject[]
[APPROX] Constructing Approximation
[APPROX] Resolving approximation
[APPROX] # Conjunctions over output: 2
[NNENUM] Running nnenum now...
[NNENUM] lb: [0.0, -200.0]
[NNENUM] ub: [100.0, 0.0]
[NNENUM] Spec list length:  2
[NNENUM] Enumeration in progress... 
(0.1 sec) Q: 0, Sets: 0/1  (0.0%) CEs: 0 ETA: - (expected 1 stars)   
(0.2 sec) Q: 0, Sets: 15/19  (12.5%) CEs: 0 ETA: 1.1 sec (expected 120 stars)   
(0.3 sec) Q: 0, Sets: 35/43  (25.293%) CEs: 0 ETA: 0.8 sec (expected 138 stars)   (0.4 sec) Q: 0, Sets: 44/51  (26.953%) CEs: 0 ETA: 1.0 sec (expected 163 stars)   
(0.5 sec) Q: 0, Sets: 64/71  (30.322%) CEs: 0 ETA: 1.1 sec (expected 211 stars)   (0.6 sec) Q: 0, Sets: 87/90  (36.719%) CEs: 0 ETA: 1.0 sec (expected 237 stars)   (0.7 sec) Q: 0, Sets: 106/111  (53.906%) CEs: 0 ETA: 0.6 sec (expected 197 stars)   (0.8 sec) Q: 0, Sets: 127/132  (59.375%) CEs: 0 ETA: 0.5 sec (expected 214 stars)   
(0.9 sec) Q: 0, Sets: 151/155  (87.5%) CEs: 0 ETA: 0.1 sec (expected 173 stars)   (1.0 sec) Q: 0, Sets: 173/176  (96.875%) CEs: 0 ETA: 0.0 sec (expected 179 stars)   
Total Stars: 202 (33 exact, 169 approx)
Unfinished Stars: 0
Runtime: 1.1 sec
Completed work frac: 1.0
Num Stars Copied Between Processes: 0
Num Lps During Enumeration: 1594
Total Num Lps: 1594

Result: network is SAFE

[NNENUM] Result: 
<nnenum.result.Result object at 0x7fad1255ff10>
[NNENUM] Enumeration finished.
safe
[NNENUM] Found counter-example stars: 0
[NNENUM] Filtering result using SMT solver...
[SMT] SMT filtered out 0 stars (out of 0).
[CTRL] Considering conjunction with 2 input constraints and a disjunction of size 2
[APPROX] Checking cache: SNNT.Approx.ApproxCacheObject[]
[APPROX] Constructing Approximation
[APPROX] Resolving approximation
[APPROX] # Conjunctions over output: 2
[NNENUM] Running nnenum now...
[NNENUM] lb: [0.0, 0.0]
[NNENUM] ub: [100.0, 200.0]
[NNENUM] Spec list length:  2
[NNENUM] Enumeration in progress... 
(0.1 sec) Q: 0, Sets: 0/1  (0.0%) CEs: 0 ETA: - (expected 1 stars)   
(0.2 sec) Q: 0, Sets: 18/22  (12.5%) CEs: 0 ETA: 1.1 sec (expected 144 stars)   
(0.3 sec) Q: 0, Sets: 33/44  (50.131%) CEs: 0 ETA: 0.3 sec (expected 66 stars)   (0.4 sec) Q: 0, Sets: 44/50  (50.781%) CEs: 0 ETA: 0.4 sec (expected 87 stars)   
(0.5 sec) Q: 0, Sets: 67/72  (72.461%) CEs: 0 ETA: 0.2 sec (expected 92 stars)   (0.6 sec) Q: 0, Sets: 97/100  (74.854%) CEs: 0 ETA: 0.2 sec (expected 130 stars)   
Total Stars: 111 (6 exact, 105 approx)
Unfinished Stars: 0
Runtime: 0.6 sec
Completed work frac: 1.0
Num Stars Copied Between Processes: 0
Num Lps During Enumeration: 189
Total Num Lps: 189

Result: network is SAFE

[NNENUM] Result: 
<nnenum.result.Result object at 0x7fad1251a790>
[NNENUM] Enumeration finished.
safe
[NNENUM] Found counter-example stars: 0
[NNENUM] Filtering result using SMT solver...
[SMT] SMT filtered out 0 stars (out of 0).
[CTRL] Considering conjunction with 2 input constraints and a disjunction of size 2
[APPROX] Checking cache: SNNT.Approx.ApproxCacheObject[]
[APPROX] Constructing Approximation
[APPROX] Resolving approximation
[APPROX] # Conjunctions over output: 2
[NNENUM] Running nnenum now...
[NNENUM] lb: [0.0, -200.0]
[NNENUM] ub: [100.0, 0.0]
[NNENUM] Spec list length:  2
[NNENUM] Enumeration in progress... 
(0.1 sec) Q: 0, Sets: 0/1  (0.0%) CEs: 0 ETA: - (expected 1 stars)   
(0.2 sec) Q: 0, Sets: 19/29  (6.445%) CEs: 0 ETA: 2.3 sec (expected 295 stars)   
(0.3 sec) Q: 0, Sets: 24/35  (6.488%) CEs: 0 ETA: 3.7 sec (expected 370 stars)   (0.4 sec) Q: 0, Sets: 48/53  (9.375%) CEs: 0 ETA: 3.5 sec (expected 512 stars)   
(0.5 sec) Q: 0, Sets: 64/75  (25.537%) CEs: 0 ETA: 1.4 sec (expected 251 stars)   (0.6 sec) Q: 0, Sets: 79/87  (28.125%) CEs: 0 ETA: 1.5 sec (expected 281 stars)   (0.7 sec) Q: 0, Sets: 112/116  (39.062%) CEs: 0 ETA: 1.1 sec (expected 287 stars)   (0.8 sec) Q: 0, Sets: 127/135  (44.177%) CEs: 0 ETA: 1.0 sec (expected 287 stars)   
(0.9 sec) Q: 0, Sets: 138/144  (44.434%) CEs: 0 ETA: 1.1 sec (expected 311 stars)   (1.0 sec) Q: 0, Sets: 161/170  (46.106%) CEs: 0 ETA: 1.2 sec (expected 349 stars)   (1.1 sec) Q: 0, Sets: 180/186  (46.509%) CEs: 0 ETA: 1.3 sec (expected 387 stars)   (1.2 sec) Q: 0, Sets: 200/207  (47.034%) CEs: 0 ETA: 1.3 sec (expected 425 stars)   (1.3 sec) Q: 0, Sets: 223/226  (49.023%) CEs: 0 ETA: 1.3 sec (expected 455 stars)   (1.4 sec) Q: 0, Sets: 245/252  (51.562%) CEs: 0 ETA: 1.3 sec (expected 475 stars)   
Total Stars: 262 (27 exact, 235 approx)
Unfinished Stars: 0
Runtime: 1.4 sec
Completed work frac: 1.0
Num Stars Copied Between Processes: 0
Num Lps During Enumeration: 1365
Total Num Lps: 1365

Result: network is SAFE

[NNENUM] Result: 
<nnenum.result.Result object at 0x7fad1250a1f0>
[NNENUM] Enumeration finished.
safe
[NNENUM] Found counter-example stars: 0
[NNENUM] Filtering result using SMT solver...
[SMT] SMT filtered out 0 stars (out of 0).
[runlim] sample:		13.7 time, 10.4 real, 1456.8 MB
  9.592361 seconds (12.14 M allocations: 641.304 MiB, 16.87% gc time, 47.74% compilation time)
----------------------------------------------------------
Status: Safe
# Unsafe Stars: 0
Saving result in experiments/acc/acc-2000000-64-64-64-64-retrain-100000-200000-0.9/results-bounds.jld...
 ────────────────────────────────────────────────────────────────────────────────
                                        Time                    Allocations      
                               ───────────────────────   ────────────────────────
       Tot / % measured:            10.7s /  74.5%            744MiB /  67.8%    

 Section               ncalls     time    %tot     avg     alloc    %tot      avg
 ────────────────────────────────────────────────────────────────────────────────
 query_iteration            1    4.77s   59.8%   4.77s   19.3MiB    3.8%  19.3MiB
   olnnv_query_proc...      4    4.22s   52.9%   1.05s   5.33MiB    1.1%  1.33MiB
     nnv                    4    4.22s   52.9%   1.05s   5.33MiB    1.1%  1.33MiB
       star_filter          4   59.8μs    0.0%  14.9μs   1.94KiB    0.0%     496B
   legacy_approx            4    127ms    1.6%  31.8ms   10.5MiB    2.1%  2.64MiB
   next_query               5   33.6ms    0.4%  6.72ms   1.79MiB    0.4%   366KiB
     check_infeasib...      9   26.0ms    0.3%  2.89ms   1.02MiB    0.2%   116KiB
       check_infeas...      9   17.4ms    0.2%  1.93ms    694KiB    0.1%  77.1KiB
         z3_check          12   9.89ms    0.1%   824μs   6.62KiB    0.0%     565B
         SMTprep           24   5.29ms    0.1%   220μs    654KiB    0.1%  27.3KiB
         feasibilit...     16   17.4μs    0.0%  1.09μs      512B    0.0%    32.0B
         feasibilit...     12   13.9μs    0.0%  1.16μs   2.91KiB    0.0%     248B
       check_infeas...      9   8.62ms    0.1%   957μs    351KiB    0.1%  39.0KiB
         z3_check           9   5.27ms    0.1%   586μs   1.31KiB    0.0%     149B
         SMTprep           18   2.74ms    0.0%   152μs    329KiB    0.1%  18.3KiB
         feasibilit...     18   29.3μs    0.0%  1.63μs      576B    0.0%    32.0B
         feasibilit...      8   14.4μs    0.0%  1.80μs   1.59KiB    0.0%     204B
     query_construc...      8   5.53ms    0.1%   692μs    300KiB    0.1%  37.4KiB
       PicoSAT_solve        8   62.1μs    0.0%  7.76μs      256B    0.0%    32.0B
     approx_resolution      9    426μs    0.0%  47.4μs   70.4KiB    0.0%  7.82KiB
     atom_recovery          9    258μs    0.0%  28.6μs   28.5KiB    0.0%  3.16KiB
       atom_computa...      9    143μs    0.0%  15.9μs   21.8KiB    0.0%  2.42KiB
       bound_comput...      9   90.2μs    0.0%  10.0μs   3.94KiB    0.0%     448B
     PicoSAT_solve         14    159μs    0.0%  11.3μs      448B    0.0%    32.0B
     bound_atoms            9    138μs    0.0%  15.3μs   65.4KiB    0.0%  7.27KiB
     check_infeasib...     18   53.0μs    0.0%  2.94μs   21.2KiB    0.0%  1.18KiB
   boolean_skeleton         1   12.6ms    0.2%  12.6ms   1.15MiB    0.2%  1.15MiB
   olnnv_query_gen          4   2.20ms    0.0%   550μs    394KiB    0.1%  98.4KiB
   smt_filter_creation      4   4.67μs    0.0%  1.17μs      128B    0.0%    32.0B
 get_approx_query           1    3.20s   40.2%   3.20s    486MiB   96.2%   486MiB
   OVERT                    1    3.01s   37.8%   3.01s    457MiB   90.4%   457MiB
 ──────────────────────────────────────────────────────────────────────────────── Done
[runlim] end:			Tue Jan 31 16:23:22 2023
[runlim] status:		ok
[runlim] result:		0
[runlim] children:		229
[runlim] real:			12.35 seconds
[runlim] time:			15.54 seconds
[runlim] space:			1465.1 MB
[runlim] samples:		119
