Running NCubeV experiments in /home/samuel/Dokumente/Projects/CPS/NN-Safety-via-dL/repos/NCubeV
Running ACC experiments
Running experiments for acc-improved-2000000-64-64
Running experiments for acc-2000000-64-64-64-64
Running NCubeV experiments in /home/samuel/Dokumente/Projects/CPS/NN-Safety-via-dL/repos/NCubeV
Running ACC experiments
Running ACC fallback experiments
Running experiments for acc-2000000-64-64-64-64-retrain-100000-200000-0.9
Running Zeppelin experiments
Running experiments for zeppelin-1400000-8-8
Running experiments for zeppelin-1400000-retrain-1000000-0.5-8-8
Running NCubeV experiments in /home/samuel/Dokumente/Projects/CPS/NN-Safety-via-dL/repos/NCubeV
Running ACC experiments
Running ACC fallback experiments
Running experiments for acc-2000000-64-64-64-64-retrain-100000-200000-0.9
Running NCubeV experiments in /home/samuel/Dokumente/Projects/CPS/NN-Safety-via-dL/repos/NCubeV
Running ACC experiments
Running ACC fallback experiments
Running Zeppelin experiments
Running experiments for zeppelin-1400000-8-8
Running NCubeV experiments in /home/samuel/Dokumente/Projects/CPS/NN-Safety-via-dL/repos/NCubeV
Running ACC experiments
Running ACC fallback experiments
Running Zeppelin experiments
Running experiments for zeppelin-1400000-8-8
Running experiments for zeppelin-1400000-retrain-1000000-0.5-8-8
